6:59:32 PM: Executing task 'HeuristicMethod.main()'...

Gradle Daemon started in 718 ms
:compileJava NO-SOURCE
:compileGroovy UP-TO-DATE
:processResources
:classes
:HeuristicMethod.main()
Start: Wed Sep 25 18:59:36 MDT 2019
This is 2019 week number 4
Working with 28 remaining teams.  304,888,344,611,713,860,501,504,000,000 permutations.
Pick strategy: Forward
nfl.domain.Pick(iteration:1, teams:[LAC, LAR, KC, NO, GB, WAS, BUF, SF, PIT, MIN, SEA, CAR, IND, CHI, CLE, OAK, ATL, DET, CIN, JAX, HOU, NYJ, NYG, TEN, DEN, TB, ARI, MIA], total:-137.0)
04 LAC(-16.5) LAR(-10.0) 
05 KC(-8.5) NO(-6.5) 
06 GB(-7.0) WAS(-4.5) 
07 BUF(-14.0) SF(-6.5) 
08 PIT(-11.5) MIN(-11.0) 
09 SEA(-7.0) CAR(-3.0) 
10 IND(-14.0) CHI(-6.5) 
11 CLE(-6.5) OAK(-3.0) 
12 ATL(-4.5) DET(-3.5) 
13 CIN(-5.0) JAX(-3.0) 
14 HOU(-7.5) NYJ(-6.5) 
15 NYG(-9.5) TEN(2.0) 
16 DEN(1.5) TB(3.5) 
17 ARI(13.0) MIA(18.5) 

Pick strategy: Reverse
nfl.domain.Pick(iteration:1, teams:[DEN, MIA, ARI, OAK, WAS, ATL, JAX, TEN, PIT, NO, NYJ, DET, IND, TB, MIN, SF, CLE, CHI, CAR, CIN, GB, HOU, KC, NYG, SEA, LAC, LAR, BUF], total:-164.5)
04 DEN(-3.5) MIA(16.5) 
05 ARI(4.0) OAK(6.0) 
06 WAS(-4.5) ATL(-3.5) 
07 JAX(-1.0) TEN(1.5) 
08 PIT(-11.5) NO(-9.5) 
09 NYJ(-3.0) DET(-2.0) 
10 IND(-14.0) TB(-4.5) 
11 MIN(-9.5) SF(-9.5) 
12 CLE(-14.0) CHI(-9.5) 
13 CAR(-7.0) CIN(-5.0) 
14 GB(-12.0) HOU(-7.5) 
15 KC(-11.0) NYG(-9.5) 
16 SEA(-9.5) LAC(-9.0) 
17 LAR(-13.0) BUF(-9.5) 

Pick strategy: Random
nfl.domain.Pick(iteration:51741, teams:[LAC, LAR, NO, CHI, WAS, TEN, BUF, GB, PIT, MIN, JAX, MIA, IND, TB, SF, OAK, CLE, ATL, KC, CAR, NYJ, ARI, NYG, DET, SEA, CIN, HOU, DEN], total:-200.0)
04 LAC(-16.5) LAR(-10.0) 
05 NO(-6.5) CHI(-6.0) 
06 WAS(-4.5) TEN(-1.5) 
07 BUF(-14.0) GB(-10.5) 
08 PIT(-11.5) MIN(-11.0) 
09 JAX(3.0) MIA(3.0) 
10 IND(-14.0) TB(-4.5) 
11 SF(-9.5) OAK(-3.0) 
12 CLE(-14.0) ATL(-4.5) 
13 KC(-13.5) CAR(-7.0) 
14 NYJ(-6.5) ARI(-0.5) 
15 NYG(-9.5) DET(-3.5) 
16 SEA(-9.5) CIN(-6.0) 
17 HOU(-5.5) DEN(-3.0) 


Elapsed: 36.427 seconds
End: Wed Sep 25 19:00:13 MDT 2019

BUILD SUCCESSFUL

Total time: 39.879 secs
7:00:13 PM: Task execution finished 'HeuristicMethod.main()'.

