6:37:23 PM: Executing task 'HeuristicMethod.main()'...

:compileJava NO-SOURCE
:compileGroovy UP-TO-DATE
:processResources
:classes
:HeuristicMethod.main()
Start: Wed Oct 09 18:37:24 MDT 2019
This is 2019 week number 6
Working with 24 remaining teams.  620,448,401,733,239,439,360,000 permutations.
Pick strategy: Forward
nfl.domain.Pick(iteration:1, teams:[KC, GB, BUF, SF, PIT, MIN, SEA, CAR, IND, CHI, CLE, OAK, DET, HOU, CIN, JAX, NYJ, NO, NYG, TB, ATL, DEN, WAS, MIA], total:-94.0)
06 KC(-5.0) GB(-4.5) 
07 BUF(-15.5) SF(-9.5) 
08 PIT(-12.0) MIN(-11.5) 
09 SEA(-6.5) CAR(-3.0) 
10 IND(-13.5) CHI(-6.0) 
11 CLE(-4.5) OAK(-4.0) 
12 DET(-4.0) HOU(-4.0) 
13 CIN(-3.5) JAX(-3.0) 
14 NYJ(-6.5) NO(-2.0) 
15 NYG(-9.5) TB(3.5) 
16 ATL(-3.0) DEN(1.5) 
17 WAS(13.5) MIA(18.5) 

Pick strategy: Reverse
nfl.domain.Pick(iteration:0, teams:[], total:1000)
Pick strategy failed.

Pick strategy: Random
nfl.domain.Pick(iteration:8199, teams:[WAS, ATL, BUF, SF, PIT, JAX, DET, MIA, IND, TB, MIN, OAK, CLE, CHI, KC, CAR, GB, NYJ, NYG, NO, SEA, CIN, HOU, DEN], total:-176.5)
06 WAS(-3.5) ATL(-2.5) 
07 BUF(-15.5) SF(-9.5) 
08 PIT(-12.0) JAX(-7.5) 
09 DET(-1.0) MIA(3.0) 
10 IND(-13.5) TB(-6.0) 
11 MIN(-7.5) OAK(-4.0) 
12 CLE(-14.0) CHI(-9.5) 
13 KC(-13.5) CAR(-8.0) 
14 GB(-11.5) NYJ(-6.5) 
15 NYG(-9.5) NO(-4.0) 
16 SEA(-9.5) CIN(-4.0) 
17 HOU(-4.0) DEN(-3.0) 


Elapsed: 33.309 seconds
End: Wed Oct 09 18:37:57 MDT 2019

BUILD SUCCESSFUL

Total time: 34.018 secs
6:37:57 PM: Task execution finished 'HeuristicMethod.main()'.

