4:18:44 PM: Executing task 'HeuristicMethod.main()'...

Gradle Daemon started in 616 ms
:compileJava NO-SOURCE
:compileGroovy UP-TO-DATE
:processResources
:classes
:HeuristicMethod.main()
Start: Wed Sep 18 16:18:50 MDT 2019
This is 2019 week number 3
Working with 30 remaining teams.  265,252,859,812,191,058,636,308,480,000,000 permutations.
Pick strategy: Forward
nfl.domain.Pick(iteration:1, teams:[NE, DAL, LAC, LAR, KC, MIN, GB, ATL, BUF, SF, PIT, NO, SEA, NYJ, IND, CHI, CLE, OAK, TEN, HOU, CAR, CIN, TB, ARI, NYG, DET, WAS, DEN, JAX, MIA], total:-178.5)
03 NE(-23.0) DAL(-21.5) 
04 LAC(-16.5) LAR(-9.5) 
05 KC(-7.0) MIN(-6.5) 
06 GB(-7.0) ATL(-4.0) 
07 BUF(-10.5) SF(-3.5) 
08 PIT(-11.5) NO(-10.0) 
09 SEA(-6.5) NYJ(-3.5) 
10 IND(-13.0) CHI(-6.5) 
11 CLE(-5.0) OAK(-4.0) 
12 TEN(-6.0) HOU(-3.5) 
13 CAR(-6.0) CIN(-3.0) 
14 TB(-0.5) ARI(3.0) 
15 NYG(-7.0) DET(-3.0) 
16 WAS(-3.0) DEN(-1.5) 
17 JAX(2.5) MIA(18.5) 

Pick strategy: Reverse
nfl.domain.Pick(iteration:1, teams:[OAK, MIA, JAX, DET, HOU, ARI, WAS, DEN, CIN, TEN, PIT, NO, BUF, NYJ, IND, TB, SF, MIN, CHI, ATL, DAL, CAR, GB, CLE, KC, NYG, SEA, LAC, NE, LAR], total:-150.5)
03 OAK(8.5) MIA(21.5) 
04 JAX(3.0) DET(4.5) 
05 HOU(-3.0) ARI(3.0) 
06 WAS(-3.5) DEN(1.5) 
07 CIN(-1.0) TEN(0.5) 
08 PIT(-11.5) NO(-10.0) 
09 BUF(-6.5) NYJ(-3.5) 
10 IND(-13.0) TB(-6.0) 
11 SF(-9.5) MIN(-8.0) 
12 CHI(-10.5) ATL(-6.0) 
13 DAL(-7.0) CAR(-6.0) 
14 GB(-10.5) CLE(-9.5) 
15 KC(-10.5) NYG(-7.0) 
16 SEA(-10.5) LAC(-8.0) 
17 NE(-18.5) LAR(-13.5) 

Pick strategy: Random
nfl.domain.Pick(iteration:650, teams:[NE, DAL, LAC, LAR, MIN, NO, WAS, TEN, BUF, GB, PIT, DET, MIA, ARI, IND, TB, SF, OAK, CLE, CHI, CIN, JAX, HOU, NYJ, KC, NYG, SEA, ATL, DEN, CAR], total:-227.0)
03 NE(-23.0) DAL(-21.5) 
04 LAC(-16.5) LAR(-9.5) 
05 MIN(-6.5) NO(-6.5) 
06 WAS(-3.5) TEN(-1.5) 
07 BUF(-10.5) GB(-9.0) 
08 PIT(-11.5) DET(-5.5) 
09 MIA(3.5) ARI(4.5) 
10 IND(-13.0) TB(-6.0) 
11 SF(-9.5) OAK(-4.0) 
12 CLE(-13.5) CHI(-10.5) 
13 CIN(-3.0) JAX(-1.5) 
14 HOU(-7.0) NYJ(-6.5) 
15 KC(-10.5) NYG(-7.0) 
16 SEA(-10.5) ATL(-7.0) 
17 DEN(-2.0) CAR(1.5) 


Elapsed: 44.075 seconds
End: Wed Sep 18 16:19:34 MDT 2019

BUILD SUCCESSFUL

Total time: 48.585 secs
4:19:34 PM: Task execution finished 'HeuristicMethod.main()'.

