/Library/Java/JavaVirtualMachines/jdk1.8.0_181.jdk/Contents/Home/bin/java "-javaagent:/Applications/IntelliJ IDEA.app/Contents/lib/idea_rt.jar=55575:/Applications/IntelliJ IDEA.app/Contents/bin" -Dfile.encoding=UTF-8 -classpath /Library/Java/JavaVirtualMachines/jdk1.8.0_181.jdk/Contents/Home/jre/lib/charsets.jar:/Library/Java/JavaVirtualMachines/jdk1.8.0_181.jdk/Contents/Home/jre/lib/deploy.jar:/Library/Java/JavaVirtualMachines/jdk1.8.0_181.jdk/Contents/Home/jre/lib/ext/cldrdata.jar:/Library/Java/JavaVirtualMachines/jdk1.8.0_181.jdk/Contents/Home/jre/lib/ext/dnsns.jar:/Library/Java/JavaVirtualMachines/jdk1.8.0_181.jdk/Contents/Home/jre/lib/ext/jaccess.jar:/Library/Java/JavaVirtualMachines/jdk1.8.0_181.jdk/Contents/Home/jre/lib/ext/jfxrt.jar:/Library/Java/JavaVirtualMachines/jdk1.8.0_181.jdk/Contents/Home/jre/lib/ext/localedata.jar:/Library/Java/JavaVirtualMachines/jdk1.8.0_181.jdk/Contents/Home/jre/lib/ext/nashorn.jar:/Library/Java/JavaVirtualMachines/jdk1.8.0_181.jdk/Contents/Home/jre/lib/ext/sunec.jar:/Library/Java/JavaVirtualMachines/jdk1.8.0_181.jdk/Contents/Home/jre/lib/ext/sunjce_provider.jar:/Library/Java/JavaVirtualMachines/jdk1.8.0_181.jdk/Contents/Home/jre/lib/ext/sunpkcs11.jar:/Library/Java/JavaVirtualMachines/jdk1.8.0_181.jdk/Contents/Home/jre/lib/ext/zipfs.jar:/Library/Java/JavaVirtualMachines/jdk1.8.0_181.jdk/Contents/Home/jre/lib/javaws.jar:/Library/Java/JavaVirtualMachines/jdk1.8.0_181.jdk/Contents/Home/jre/lib/jce.jar:/Library/Java/JavaVirtualMachines/jdk1.8.0_181.jdk/Contents/Home/jre/lib/jfr.jar:/Library/Java/JavaVirtualMachines/jdk1.8.0_181.jdk/Contents/Home/jre/lib/jfxswt.jar:/Library/Java/JavaVirtualMachines/jdk1.8.0_181.jdk/Contents/Home/jre/lib/jsse.jar:/Library/Java/JavaVirtualMachines/jdk1.8.0_181.jdk/Contents/Home/jre/lib/management-agent.jar:/Library/Java/JavaVirtualMachines/jdk1.8.0_181.jdk/Contents/Home/jre/lib/plugin.jar:/Library/Java/JavaVirtualMachines/jdk1.8.0_181.jdk/Contents/Home/jre/lib/resources.jar:/Library/Java/JavaVirtualMachines/jdk1.8.0_181.jdk/Contents/Home/jre/lib/rt.jar:/Library/Java/JavaVirtualMachines/jdk1.8.0_181.jdk/Contents/Home/lib/ant-javafx.jar:/Library/Java/JavaVirtualMachines/jdk1.8.0_181.jdk/Contents/Home/lib/dt.jar:/Library/Java/JavaVirtualMachines/jdk1.8.0_181.jdk/Contents/Home/lib/javafx-mx.jar:/Library/Java/JavaVirtualMachines/jdk1.8.0_181.jdk/Contents/Home/lib/jconsole.jar:/Library/Java/JavaVirtualMachines/jdk1.8.0_181.jdk/Contents/Home/lib/packager.jar:/Library/Java/JavaVirtualMachines/jdk1.8.0_181.jdk/Contents/Home/lib/sa-jdi.jar:/Library/Java/JavaVirtualMachines/jdk1.8.0_181.jdk/Contents/Home/lib/tools.jar:/Users/rmatthes/src/nfl/out/production/classes:/Users/rmatthes/src/nfl/out/production/resources:/Users/rmatthes/.gradle/caches/modules-2/files-2.1/org.codehaus.groovy/groovy-all/2.3.7/feb6df9c6936c797159091a451ed8590d67101dc/groovy-all-2.3.7.jar:/Users/rmatthes/.gradle/caches/modules-2/files-2.1/org.ccil.cowan.tagsoup/tagsoup/1.2/639fd364750d7363c85797dc944b4a80f78fa684/tagsoup-1.2.jar:/Users/rmatthes/.gradle/caches/modules-2/files-2.1/org.yaml/snakeyaml/1.15/3b132bea69e8ee099f416044970997bde80f4ea6/snakeyaml-1.15.jar nfl.method.HeuristicMethod
Start: Thu Sep 27 17:02:20 MDT 2018
This is 2018 week number 4
Working with 28 remaining teams.  304,888,344,611,713,860,501,504,000,000 permutations.
Pick strategy: Forward
nfl.domain.Pick(iteration:1, teams:[LAC, GB, NE, LAR, MIN, HOU, ATL, JAX, PIT, CHI, MIA, KC, PHI, NYJ, BAL, OAK, CIN, CAR, SEA, TEN, NO, DEN, NYG, IND, DAL, SF, BUF, ARI], total:-128.0)
04 LAC(-10.5) GB(-9.5)
05 NE(-8.0) LAR(-7.0)
06 MIN(-13.5) HOU(-6.5)
07 ATL(-7.0) JAX(-7.0)
08 PIT(-7.5) CHI(-7.0)
09 MIA(-6.0) KC(-4.5)
10 PHI(-8.0) NYJ(-3.5)
11 BAL(-3.5) OAK(-3.0)
12 CIN(-6.0) CAR(-5.5)
13 SEA(-4.0) TEN(-4.0)
14 NO(-3.0) DEN(-2.0)
15 NYG(-2.5) IND(-1.5)
16 DAL(-1.5) SF(3.0)
17 BUF(3.5) ARI(7.5)

Pick strategy: Reverse
nfl.domain.Pick(iteration:1, teams:[ARI, NYG, SF, BUF, SEA, TEN, DEN, NO, PIT, HOU, MIN, DAL, CHI, NYJ, OAK, IND, BAL, CAR, MIA, KC, JAX, LAC, ATL, CIN, PHI, GB, LAR, NE], total:-118.5)
04 ARI(3.0) NYG(3.5)
05 SF(-3.0) BUF(3.0)
06 SEA(-0.5) TEN(3.0)
07 DEN(-4.0) NO(1.0)
08 PIT(-7.5) HOU(-2.0)
09 MIN(-7.5) DAL(-3.0)
10 CHI(-4.0) NYJ(-3.5)
11 OAK(-3.0) IND(-2.5)
12 BAL(-8.0) CAR(-5.5)
13 MIA(-7.0) KC(-5.0)
14 JAX(-4.0) LAC(-4.0)
15 ATL(-13.0) CIN(-6.5)
16 PHI(-7.5) GB(-6.5)
17 LAR(-13.5) NE(-11.0)

Pick strategy: Random
nfl.domain.Pick(iteration:75334, teams:[GB, JAX, NO, SF, MIN, HOU, IND, ARI, PIT, CHI, CAR, DAL, KC, NYJ, OAK, NYG, LAC, BAL, MIA, PHI, DEN, BUF, ATL, CIN, LAR, NE, SEA, TEN], total:-184.0)
04 GB(-9.5) JAX(-7.5)
05 NO(-7.0) SF(-3.0)
06 MIN(-13.5) HOU(-6.5)
07 IND(-5.0) ARI(4.0)
08 PIT(-7.5) CHI(-7.0)
09 CAR(-3.5) DAL(-3.0)
10 KC(-13.5) NYJ(-3.5)
11 OAK(-3.0) NYG(1.0)
12 LAC(-13.5) BAL(-8.0)
13 MIA(-7.0) PHI(-7.0)
14 DEN(-2.0) BUF(-1.5)
15 ATL(-13.0) CIN(-6.5)
16 LAR(-13.5) NE(-13.5)
17 SEA(-7.5) TEN(-3.0)


Elapsed: 36.686 seconds
End: Thu Sep 27 17:02:57 MDT 2018

Process finished with exit code 0
