/Library/Java/JavaVirtualMachines/jdk1.8.0_181.jdk/Contents/Home/bin/java "-javaagent:/Applications/IntelliJ IDEA.app/Contents/lib/idea_rt.jar=53705:/Applications/IntelliJ IDEA.app/Contents/bin" -Dfile.encoding=UTF-8 -classpath /Library/Java/JavaVirtualMachines/jdk1.8.0_181.jdk/Contents/Home/jre/lib/charsets.jar:/Library/Java/JavaVirtualMachines/jdk1.8.0_181.jdk/Contents/Home/jre/lib/deploy.jar:/Library/Java/JavaVirtualMachines/jdk1.8.0_181.jdk/Contents/Home/jre/lib/ext/cldrdata.jar:/Library/Java/JavaVirtualMachines/jdk1.8.0_181.jdk/Contents/Home/jre/lib/ext/dnsns.jar:/Library/Java/JavaVirtualMachines/jdk1.8.0_181.jdk/Contents/Home/jre/lib/ext/jaccess.jar:/Library/Java/JavaVirtualMachines/jdk1.8.0_181.jdk/Contents/Home/jre/lib/ext/jfxrt.jar:/Library/Java/JavaVirtualMachines/jdk1.8.0_181.jdk/Contents/Home/jre/lib/ext/localedata.jar:/Library/Java/JavaVirtualMachines/jdk1.8.0_181.jdk/Contents/Home/jre/lib/ext/nashorn.jar:/Library/Java/JavaVirtualMachines/jdk1.8.0_181.jdk/Contents/Home/jre/lib/ext/sunec.jar:/Library/Java/JavaVirtualMachines/jdk1.8.0_181.jdk/Contents/Home/jre/lib/ext/sunjce_provider.jar:/Library/Java/JavaVirtualMachines/jdk1.8.0_181.jdk/Contents/Home/jre/lib/ext/sunpkcs11.jar:/Library/Java/JavaVirtualMachines/jdk1.8.0_181.jdk/Contents/Home/jre/lib/ext/zipfs.jar:/Library/Java/JavaVirtualMachines/jdk1.8.0_181.jdk/Contents/Home/jre/lib/javaws.jar:/Library/Java/JavaVirtualMachines/jdk1.8.0_181.jdk/Contents/Home/jre/lib/jce.jar:/Library/Java/JavaVirtualMachines/jdk1.8.0_181.jdk/Contents/Home/jre/lib/jfr.jar:/Library/Java/JavaVirtualMachines/jdk1.8.0_181.jdk/Contents/Home/jre/lib/jfxswt.jar:/Library/Java/JavaVirtualMachines/jdk1.8.0_181.jdk/Contents/Home/jre/lib/jsse.jar:/Library/Java/JavaVirtualMachines/jdk1.8.0_181.jdk/Contents/Home/jre/lib/management-agent.jar:/Library/Java/JavaVirtualMachines/jdk1.8.0_181.jdk/Contents/Home/jre/lib/plugin.jar:/Library/Java/JavaVirtualMachines/jdk1.8.0_181.jdk/Contents/Home/jre/lib/resources.jar:/Library/Java/JavaVirtualMachines/jdk1.8.0_181.jdk/Contents/Home/jre/lib/rt.jar:/Library/Java/JavaVirtualMachines/jdk1.8.0_181.jdk/Contents/Home/lib/ant-javafx.jar:/Library/Java/JavaVirtualMachines/jdk1.8.0_181.jdk/Contents/Home/lib/dt.jar:/Library/Java/JavaVirtualMachines/jdk1.8.0_181.jdk/Contents/Home/lib/javafx-mx.jar:/Library/Java/JavaVirtualMachines/jdk1.8.0_181.jdk/Contents/Home/lib/jconsole.jar:/Library/Java/JavaVirtualMachines/jdk1.8.0_181.jdk/Contents/Home/lib/packager.jar:/Library/Java/JavaVirtualMachines/jdk1.8.0_181.jdk/Contents/Home/lib/sa-jdi.jar:/Library/Java/JavaVirtualMachines/jdk1.8.0_181.jdk/Contents/Home/lib/tools.jar:/Users/rmatthes/src/nfl/out/production/classes:/Users/rmatthes/src/nfl/out/production/resources:/Users/rmatthes/.gradle/caches/modules-2/files-2.1/org.codehaus.groovy/groovy-all/2.3.7/feb6df9c6936c797159091a451ed8590d67101dc/groovy-all-2.3.7.jar:/Users/rmatthes/.gradle/caches/modules-2/files-2.1/org.ccil.cowan.tagsoup/tagsoup/1.2/639fd364750d7363c85797dc944b4a80f78fa684/tagsoup-1.2.jar:/Users/rmatthes/.gradle/caches/modules-2/files-2.1/org.yaml/snakeyaml/1.15/3b132bea69e8ee099f416044970997bde80f4ea6/snakeyaml-1.15.jar nfl.method.HeuristicMethod
Start: Thu Oct 25 09:53:47 MDT 2018
This is 2018 week number 8
Working with 20 remaining teams.  2,432,902,008,176,640,000 permutations.
Pick strategy: Forward
nfl.domain.Pick(iteration:1, teams:[NE, KC, CHI, CAR, LAR, NYJ, BAL, ATL, PHI, CIN, MIA, SEA, PIT, TEN, DEN, NYG, DAL, OAK, BUF, ARI], total:-82.5)
08 NE(-13.5) KC(-10.0) 
09 CHI(-6.5) CAR(-4.5) 
10 LAR(-8.0) NYJ(-6.5) 
11 BAL(-4.0) ATL(-3.5) 
12 PHI(-8.0) CIN(-5.0) 
13 MIA(-5.0) SEA(-4.0) 
14 PIT(-6.5) TEN(1.0) 
15 DEN(-3.0) NYG(-2.0) 
16 DAL(-3.0) OAK(1.0) 
17 BUF(1.5) ARI(7.0) 

Pick strategy: Reverse
nfl.domain.Pick(iteration:0, teams:[], total:1000)
Pick strategy failed.

Pick strategy: Random
nfl.domain.Pick(iteration:79981, teams:[PIT, CHI, CAR, DAL, NYJ, OAK, ARI, NYG, BAL, PHI, MIA, TEN, DEN, BUF, ATL, CIN, NE, LAR, KC, SEA], total:-114.0)
08 PIT(-8.0) CHI(-7.5) 
09 CAR(-4.5) DAL(-3.5) 
10 NYJ(-6.5) OAK(3.5) 
11 ARI(-1.5) NYG(-1.0) 
12 BAL(-10.0) PHI(-8.0) 
13 MIA(-5.0) TEN(-3.5) 
14 DEN(1.5) BUF(3.0) 
15 ATL(-9.5) CIN(-7.0) 
16 NE(-17.0) LAR(-10.5) 
17 KC(-12.0) SEA(-7.0) 


Elapsed: 23.689 seconds
End: Thu Oct 25 09:54:11 MDT 2018

Process finished with exit code 0

