/Library/Java/JavaVirtualMachines/jdk1.8.0_181.jdk/Contents/Home/bin/java "-javaagent:/Applications/IntelliJ IDEA.app/Contents/lib/idea_rt.jar=52978:/Applications/IntelliJ IDEA.app/Contents/bin" -Dfile.encoding=UTF-8 -classpath /Library/Java/JavaVirtualMachines/jdk1.8.0_181.jdk/Contents/Home/jre/lib/charsets.jar:/Library/Java/JavaVirtualMachines/jdk1.8.0_181.jdk/Contents/Home/jre/lib/deploy.jar:/Library/Java/JavaVirtualMachines/jdk1.8.0_181.jdk/Contents/Home/jre/lib/ext/cldrdata.jar:/Library/Java/JavaVirtualMachines/jdk1.8.0_181.jdk/Contents/Home/jre/lib/ext/dnsns.jar:/Library/Java/JavaVirtualMachines/jdk1.8.0_181.jdk/Contents/Home/jre/lib/ext/jaccess.jar:/Library/Java/JavaVirtualMachines/jdk1.8.0_181.jdk/Contents/Home/jre/lib/ext/jfxrt.jar:/Library/Java/JavaVirtualMachines/jdk1.8.0_181.jdk/Contents/Home/jre/lib/ext/localedata.jar:/Library/Java/JavaVirtualMachines/jdk1.8.0_181.jdk/Contents/Home/jre/lib/ext/nashorn.jar:/Library/Java/JavaVirtualMachines/jdk1.8.0_181.jdk/Contents/Home/jre/lib/ext/sunec.jar:/Library/Java/JavaVirtualMachines/jdk1.8.0_181.jdk/Contents/Home/jre/lib/ext/sunjce_provider.jar:/Library/Java/JavaVirtualMachines/jdk1.8.0_181.jdk/Contents/Home/jre/lib/ext/sunpkcs11.jar:/Library/Java/JavaVirtualMachines/jdk1.8.0_181.jdk/Contents/Home/jre/lib/ext/zipfs.jar:/Library/Java/JavaVirtualMachines/jdk1.8.0_181.jdk/Contents/Home/jre/lib/javaws.jar:/Library/Java/JavaVirtualMachines/jdk1.8.0_181.jdk/Contents/Home/jre/lib/jce.jar:/Library/Java/JavaVirtualMachines/jdk1.8.0_181.jdk/Contents/Home/jre/lib/jfr.jar:/Library/Java/JavaVirtualMachines/jdk1.8.0_181.jdk/Contents/Home/jre/lib/jfxswt.jar:/Library/Java/JavaVirtualMachines/jdk1.8.0_181.jdk/Contents/Home/jre/lib/jsse.jar:/Library/Java/JavaVirtualMachines/jdk1.8.0_181.jdk/Contents/Home/jre/lib/management-agent.jar:/Library/Java/JavaVirtualMachines/jdk1.8.0_181.jdk/Contents/Home/jre/lib/plugin.jar:/Library/Java/JavaVirtualMachines/jdk1.8.0_181.jdk/Contents/Home/jre/lib/resources.jar:/Library/Java/JavaVirtualMachines/jdk1.8.0_181.jdk/Contents/Home/jre/lib/rt.jar:/Library/Java/JavaVirtualMachines/jdk1.8.0_181.jdk/Contents/Home/lib/ant-javafx.jar:/Library/Java/JavaVirtualMachines/jdk1.8.0_181.jdk/Contents/Home/lib/dt.jar:/Library/Java/JavaVirtualMachines/jdk1.8.0_181.jdk/Contents/Home/lib/javafx-mx.jar:/Library/Java/JavaVirtualMachines/jdk1.8.0_181.jdk/Contents/Home/lib/jconsole.jar:/Library/Java/JavaVirtualMachines/jdk1.8.0_181.jdk/Contents/Home/lib/packager.jar:/Library/Java/JavaVirtualMachines/jdk1.8.0_181.jdk/Contents/Home/lib/sa-jdi.jar:/Library/Java/JavaVirtualMachines/jdk1.8.0_181.jdk/Contents/Home/lib/tools.jar:/Users/rmatthes/src/nfl/out/production/classes:/Users/rmatthes/src/nfl/out/production/resources:/Users/rmatthes/.gradle/caches/modules-2/files-2.1/org.codehaus.groovy/groovy-all/2.3.7/feb6df9c6936c797159091a451ed8590d67101dc/groovy-all-2.3.7.jar:/Users/rmatthes/.gradle/caches/modules-2/files-2.1/org.ccil.cowan.tagsoup/tagsoup/1.2/639fd364750d7363c85797dc944b4a80f78fa684/tagsoup-1.2.jar:/Users/rmatthes/.gradle/caches/modules-2/files-2.1/org.yaml/snakeyaml/1.15/3b132bea69e8ee099f416044970997bde80f4ea6/snakeyaml-1.15.jar nfl.method.HeuristicMethod
Start: Wed Sep 05 21:10:58 MDT 2018
This is 2018 week number 1
Working with 32 remaining teams.  263,130,836,933,693,530,167,218,012,160,000,000 permutations.
Pick strategy: Forward
nfl.domain.Pick(iteration:1, teams:[NO, LAR, MIN, PHI, NE, GB, SF, LAC, ATL, HOU, KC, TB, PIT, CHI, CAR, DAL, JAX, NYJ, BAL, NYG, CIN, DET, TEN, OAK, BUF, WAS, DEN, IND, SEA, CLE, MIA, ARI], total:-153.0)
01 NO(-9.5) 
02 LAR(-10.5) 
03 MIN(-9.5) PHI(-9.5) 
04 NE(-11.0) GB(-9.5) 
05 SF(-7.5) LAC(-5.0) 
06 ATL(-7.5) HOU(-6.5) 
07 KC(-5.0) TB(-3.5) 
08 PIT(-9.5) CHI(-5.0) 
09 CAR(-5.5) DAL(-3.5) 
10 JAX(-3.5) NYJ(-1.5) 
11 BAL(-5.5) NYG(-3.5) 
12 CIN(-4.0) DET(-4.0) 
13 TEN(-7.5) OAK(-2.5) 
14 BUF(-4.0) WAS(-1.5) 
15 DEN(-4.5) IND(3.0) 
16 SEA(-3.0) CLE(-1.5) 
17 MIA(3.5) ARI(5.0) 

Pick strategy: Reverse
nfl.domain.Pick(iteration:1, teams:[BUF, DET, CLE, ARI, JAX, SEA, NO, DEN, NYJ, WAS, TB, IND, CHI, OAK, CAR, MIA, KC, SF, LAR, NYG, BAL, CIN, PHI, TEN, LAC, HOU, MIN, ATL, DAL, GB, NE, PIT], total:-148.0)
01 BUF(7.5) 
02 DET(2.5) 
03 CLE(-3.0) ARI(0.5) 
04 JAX(-9.5) SEA(-1.0) 
05 NO(-7.5) DEN(-2.0) 
06 NYJ(-1.0) WAS(-1.0) 
07 TB(-3.5) IND(-3.0) 
08 CHI(-5.0) OAK(-4.5) 
09 CAR(-5.5) MIA(-3.5) 
10 KC(-7.0) SF(-6.0) 
11 LAR(-5.0) NYG(-3.5) 
12 BAL(-4.0) CIN(-4.0) 
13 PHI(-8.0) TEN(-7.5) 
14 LAC(-7.5) HOU(-7.0) 
15 MIN(-10.0) ATL(-8.0) 
16 DAL(-6.5) GB(-6.0) 
17 NE(-10.5) PIT(-8.0) 

Pick strategy: Random
nfl.domain.Pick(iteration:80824, teams:[DET, NO, CLE, ARI, JAX, OAK, CIN, DEN, NYJ, WAS, TB, IND, PIT, CHI, CAR, MIA, GB, KC, BAL, LAR, LAC, PHI, HOU, TEN, SF, BUF, MIN, ATL, NE, DAL, SEA, NYG], total:-183.5)
01 DET(-6.5) 
02 NO(-9.0) 
03 CLE(-3.0) ARI(0.5) 
04 JAX(-9.5) OAK(-6.5) 
05 CIN(-3.0) DEN(-2.0) 
06 NYJ(-1.0) WAS(-1.0) 
07 TB(-3.5) IND(-3.0) 
08 PIT(-9.5) CHI(-5.0) 
09 CAR(-5.5) MIA(-3.5) 
10 GB(-10.5) KC(-7.0) 
11 BAL(-5.5) LAR(-5.0) 
12 LAC(-9.5) PHI(-7.5) 
13 HOU(-9.5) TEN(-7.5) 
14 SF(-4.5) BUF(-4.0) 
15 MIN(-10.0) ATL(-8.0) 
16 NE(-10.5) DAL(-6.5) 
17 SEA(-5.0) NYG(-2.0) 


Elapsed: 45.443 seconds
End: Wed Sep 05 21:11:44 MDT 2018
