/Library/Java/JavaVirtualMachines/jdk1.8.0_181.jdk/Contents/Home/bin/java "-javaagent:/Applications/IntelliJ IDEA.app/Contents/lib/idea_rt.jar=49446:/Applications/IntelliJ IDEA.app/Contents/bin" -Dfile.encoding=UTF-8 -classpath /Library/Java/JavaVirtualMachines/jdk1.8.0_181.jdk/Contents/Home/jre/lib/charsets.jar:/Library/Java/JavaVirtualMachines/jdk1.8.0_181.jdk/Contents/Home/jre/lib/deploy.jar:/Library/Java/JavaVirtualMachines/jdk1.8.0_181.jdk/Contents/Home/jre/lib/ext/cldrdata.jar:/Library/Java/JavaVirtualMachines/jdk1.8.0_181.jdk/Contents/Home/jre/lib/ext/dnsns.jar:/Library/Java/JavaVirtualMachines/jdk1.8.0_181.jdk/Contents/Home/jre/lib/ext/jaccess.jar:/Library/Java/JavaVirtualMachines/jdk1.8.0_181.jdk/Contents/Home/jre/lib/ext/jfxrt.jar:/Library/Java/JavaVirtualMachines/jdk1.8.0_181.jdk/Contents/Home/jre/lib/ext/localedata.jar:/Library/Java/JavaVirtualMachines/jdk1.8.0_181.jdk/Contents/Home/jre/lib/ext/nashorn.jar:/Library/Java/JavaVirtualMachines/jdk1.8.0_181.jdk/Contents/Home/jre/lib/ext/sunec.jar:/Library/Java/JavaVirtualMachines/jdk1.8.0_181.jdk/Contents/Home/jre/lib/ext/sunjce_provider.jar:/Library/Java/JavaVirtualMachines/jdk1.8.0_181.jdk/Contents/Home/jre/lib/ext/sunpkcs11.jar:/Library/Java/JavaVirtualMachines/jdk1.8.0_181.jdk/Contents/Home/jre/lib/ext/zipfs.jar:/Library/Java/JavaVirtualMachines/jdk1.8.0_181.jdk/Contents/Home/jre/lib/javaws.jar:/Library/Java/JavaVirtualMachines/jdk1.8.0_181.jdk/Contents/Home/jre/lib/jce.jar:/Library/Java/JavaVirtualMachines/jdk1.8.0_181.jdk/Contents/Home/jre/lib/jfr.jar:/Library/Java/JavaVirtualMachines/jdk1.8.0_181.jdk/Contents/Home/jre/lib/jfxswt.jar:/Library/Java/JavaVirtualMachines/jdk1.8.0_181.jdk/Contents/Home/jre/lib/jsse.jar:/Library/Java/JavaVirtualMachines/jdk1.8.0_181.jdk/Contents/Home/jre/lib/management-agent.jar:/Library/Java/JavaVirtualMachines/jdk1.8.0_181.jdk/Contents/Home/jre/lib/plugin.jar:/Library/Java/JavaVirtualMachines/jdk1.8.0_181.jdk/Contents/Home/jre/lib/resources.jar:/Library/Java/JavaVirtualMachines/jdk1.8.0_181.jdk/Contents/Home/jre/lib/rt.jar:/Library/Java/JavaVirtualMachines/jdk1.8.0_181.jdk/Contents/Home/lib/ant-javafx.jar:/Library/Java/JavaVirtualMachines/jdk1.8.0_181.jdk/Contents/Home/lib/dt.jar:/Library/Java/JavaVirtualMachines/jdk1.8.0_181.jdk/Contents/Home/lib/javafx-mx.jar:/Library/Java/JavaVirtualMachines/jdk1.8.0_181.jdk/Contents/Home/lib/jconsole.jar:/Library/Java/JavaVirtualMachines/jdk1.8.0_181.jdk/Contents/Home/lib/packager.jar:/Library/Java/JavaVirtualMachines/jdk1.8.0_181.jdk/Contents/Home/lib/sa-jdi.jar:/Library/Java/JavaVirtualMachines/jdk1.8.0_181.jdk/Contents/Home/lib/tools.jar:/Users/rmatthes/src/nfl/out/production/classes:/Users/rmatthes/src/nfl/out/production/resources:/Users/rmatthes/.gradle/caches/modules-2/files-2.1/org.codehaus.groovy/groovy-all/2.3.7/feb6df9c6936c797159091a451ed8590d67101dc/groovy-all-2.3.7.jar:/Users/rmatthes/.gradle/caches/modules-2/files-2.1/org.ccil.cowan.tagsoup/tagsoup/1.2/639fd364750d7363c85797dc944b4a80f78fa684/tagsoup-1.2.jar:/Users/rmatthes/.gradle/caches/modules-2/files-2.1/org.yaml/snakeyaml/1.15/3b132bea69e8ee099f416044970997bde80f4ea6/snakeyaml-1.15.jar nfl.method.HeuristicMethod
Start: Thu Sep 13 16:47:09 MDT 2018
This is 2018 week number 2
Working with 31 remaining teams.  8,222,838,654,177,922,817,725,562,880,000,000 permutations.
Pick strategy: Forward
nfl.domain.Pick(iteration:1, teams:[LAR, MIN, PHI, GB, NE, SF, LAC, HOU, ATL, IND, KC, PIT, CHI, CAR, DAL, NYJ, JAX, BAL, NYG, CIN, NO, MIA, TEN, WAS, ARI, DEN, OAK, CLE, SEA, TB, BUF], total:-156.5)
02 LAR(-13.5)
03 MIN(-15.5) PHI(-7.0)
04 GB(-13.5) NE(-10.5)
05 SF(-8.0) LAC(-7.0)
06 HOU(-9.5) ATL(-7.0)
07 IND(-5.5) KC(-4.5)
08 PIT(-9.5) CHI(-5.0)
09 CAR(-5.5) DAL(-3.5)
10 NYJ(-5.0) JAX(-4.0)
11 BAL(-5.5) NYG(-3.0)
12 CIN(-5.0) NO(-3.5)
13 MIA(-4.5) TEN(-4.5)
14 WAS(-3.0) ARI(1.5)
15 DEN(-6.0) OAK(3.0)
16 CLE(0.5) SEA(0.5)
17 TB(3.0) BUF(4.0)

Pick strategy: Reverse
nfl.domain.Pick(iteration:1, teams:[BUF, CLE, ARI, DAL, SEA, TEN, DEN, NYJ, WAS, IND, TB, PIT, OAK, CAR, CHI, KC, SF, NYG, NO, BAL, CIN, PHI, MIA, HOU, LAC, ATL, JAX, LAR, MIN, NE, GB], total:-142.5)
02 BUF(7.5)
03 CLE(-1.5) ARI(3.0)
04 DAL(-3.5) SEA(-2.0)
05 TEN(-3.5) DEN(-1.5)
06 NYJ(-3.0) WAS(-1.0)
07 IND(-5.5) TB(-4.0)
08 PIT(-9.5) OAK(-3.5)
09 CAR(-5.5) CHI(-3.5)
10 KC(-9.0) SF(-6.0)
11 NYG(-3.0) NO(-2.5)
12 BAL(-6.5) CIN(-5.0)
13 PHI(-7.0) MIA(-4.5)
14 HOU(-7.0) LAC(-6.5)
15 ATL(-9.5) JAX(-7.0)
16 LAR(-7.0) MIN(-6.5)
17 NE(-9.5) GB(-9.0)

Pick strategy: Random
nfl.domain.Pick(iteration:10352, teams:[WAS, SEA, CLE, GB, JAX, SF, LAC, MIN, HOU, IND, TB, PIT, CHI, CAR, DAL, PHI, NYJ, NYG, OAK, CIN, NO, MIA, TEN, ARI, BUF, ATL, DEN, NE, LAR, BAL, KC], total:-186.0)
02 WAS(-6.0)
03 SEA(-3.0) CLE(-1.5)
04 GB(-13.5) JAX(-9.5)
05 SF(-8.0) LAC(-7.0)
06 MIN(-13.0) HOU(-9.5)
07 IND(-5.5) TB(-4.0)
08 PIT(-9.5) CHI(-5.0)
09 CAR(-5.5) DAL(-3.5)
10 PHI(-6.5) NYJ(-5.0)
11 NYG(-3.0) OAK(-1.5)
12 CIN(-5.0) NO(-3.5)
13 MIA(-4.5) TEN(-4.5)
14 ARI(1.5) BUF(1.5)
15 ATL(-9.5) DEN(-6.0)
16 NE(-13.5) LAR(-7.0)
17 BAL(-8.0) KC(-7.5)


Elapsed: 43.462 seconds
End: Thu Sep 13 16:47:52 MDT 2018

Process finished with exit code 0
