/Library/Java/JavaVirtualMachines/jdk1.8.0_181.jdk/Contents/Home/bin/java "-javaagent:/Applications/IntelliJ IDEA.app/Contents/lib/idea_rt.jar=65320:/Applications/IntelliJ IDEA.app/Contents/bin" -Dfile.encoding=UTF-8 -classpath /Library/Java/JavaVirtualMachines/jdk1.8.0_181.jdk/Contents/Home/jre/lib/charsets.jar:/Library/Java/JavaVirtualMachines/jdk1.8.0_181.jdk/Contents/Home/jre/lib/deploy.jar:/Library/Java/JavaVirtualMachines/jdk1.8.0_181.jdk/Contents/Home/jre/lib/ext/cldrdata.jar:/Library/Java/JavaVirtualMachines/jdk1.8.0_181.jdk/Contents/Home/jre/lib/ext/dnsns.jar:/Library/Java/JavaVirtualMachines/jdk1.8.0_181.jdk/Contents/Home/jre/lib/ext/jaccess.jar:/Library/Java/JavaVirtualMachines/jdk1.8.0_181.jdk/Contents/Home/jre/lib/ext/jfxrt.jar:/Library/Java/JavaVirtualMachines/jdk1.8.0_181.jdk/Contents/Home/jre/lib/ext/localedata.jar:/Library/Java/JavaVirtualMachines/jdk1.8.0_181.jdk/Contents/Home/jre/lib/ext/nashorn.jar:/Library/Java/JavaVirtualMachines/jdk1.8.0_181.jdk/Contents/Home/jre/lib/ext/sunec.jar:/Library/Java/JavaVirtualMachines/jdk1.8.0_181.jdk/Contents/Home/jre/lib/ext/sunjce_provider.jar:/Library/Java/JavaVirtualMachines/jdk1.8.0_181.jdk/Contents/Home/jre/lib/ext/sunpkcs11.jar:/Library/Java/JavaVirtualMachines/jdk1.8.0_181.jdk/Contents/Home/jre/lib/ext/zipfs.jar:/Library/Java/JavaVirtualMachines/jdk1.8.0_181.jdk/Contents/Home/jre/lib/javaws.jar:/Library/Java/JavaVirtualMachines/jdk1.8.0_181.jdk/Contents/Home/jre/lib/jce.jar:/Library/Java/JavaVirtualMachines/jdk1.8.0_181.jdk/Contents/Home/jre/lib/jfr.jar:/Library/Java/JavaVirtualMachines/jdk1.8.0_181.jdk/Contents/Home/jre/lib/jfxswt.jar:/Library/Java/JavaVirtualMachines/jdk1.8.0_181.jdk/Contents/Home/jre/lib/jsse.jar:/Library/Java/JavaVirtualMachines/jdk1.8.0_181.jdk/Contents/Home/jre/lib/management-agent.jar:/Library/Java/JavaVirtualMachines/jdk1.8.0_181.jdk/Contents/Home/jre/lib/plugin.jar:/Library/Java/JavaVirtualMachines/jdk1.8.0_181.jdk/Contents/Home/jre/lib/resources.jar:/Library/Java/JavaVirtualMachines/jdk1.8.0_181.jdk/Contents/Home/jre/lib/rt.jar:/Library/Java/JavaVirtualMachines/jdk1.8.0_181.jdk/Contents/Home/lib/ant-javafx.jar:/Library/Java/JavaVirtualMachines/jdk1.8.0_181.jdk/Contents/Home/lib/dt.jar:/Library/Java/JavaVirtualMachines/jdk1.8.0_181.jdk/Contents/Home/lib/javafx-mx.jar:/Library/Java/JavaVirtualMachines/jdk1.8.0_181.jdk/Contents/Home/lib/jconsole.jar:/Library/Java/JavaVirtualMachines/jdk1.8.0_181.jdk/Contents/Home/lib/packager.jar:/Library/Java/JavaVirtualMachines/jdk1.8.0_181.jdk/Contents/Home/lib/sa-jdi.jar:/Library/Java/JavaVirtualMachines/jdk1.8.0_181.jdk/Contents/Home/lib/tools.jar:/Users/rmatthes/src/nfl/out/production/classes:/Users/rmatthes/src/nfl/out/production/resources:/Users/rmatthes/.gradle/caches/modules-2/files-2.1/org.codehaus.groovy/groovy-all/2.3.7/feb6df9c6936c797159091a451ed8590d67101dc/groovy-all-2.3.7.jar:/Users/rmatthes/.gradle/caches/modules-2/files-2.1/org.ccil.cowan.tagsoup/tagsoup/1.2/639fd364750d7363c85797dc944b4a80f78fa684/tagsoup-1.2.jar:/Users/rmatthes/.gradle/caches/modules-2/files-2.1/org.yaml/snakeyaml/1.15/3b132bea69e8ee099f416044970997bde80f4ea6/snakeyaml-1.15.jar nfl.method.HeuristicMethod
Start: Thu Oct 11 17:34:30 MDT 2018
This is 2018 week number 6
Working with 24 remaining teams.  620,448,401,733,239,439,360,000 permutations.
Pick strategy: Forward
nfl.domain.Pick(iteration:1, teams:[MIN, HOU, LAR, IND, NE, KC, CHI, CAR, PHI, NYJ, LAC, ATL, BAL, CIN, SEA, MIA, PIT, DEN, NYG, DAL, TEN, OAK, BUF, ARI], total:-110.5)
06 MIN(-10.5) HOU(-10.0) 
07 LAR(-12.5) IND(-6.0) 
08 NE(-11.0) KC(-8.0) 
09 CHI(-6.5) CAR(-4.0) 
10 PHI(-6.5) NYJ(-4.0) 
11 LAC(-4.0) ATL(-3.5) 
12 BAL(-8.0) CIN(-6.5) 
13 SEA(-6.0) MIA(-5.0) 
14 PIT(-4.0) DEN(-1.0) 
15 NYG(-0.5) DAL(1.5) 
16 TEN(-3.0) OAK(0.5) 
17 BUF(1.5) ARI(6.5) 

Pick strategy: Reverse
nfl.domain.Pick(iteration:1, teams:[TEN, BUF, IND, DEN, OAK, NYG, MIA, DAL, NYJ, PIT, ARI, CAR, BAL, LAC, CIN, SEA, HOU, KC, ATL, MIN, PHI, CHI, LAR, NE], total:-98.0)
06 TEN(2.5) BUF(10.0) 
07 IND(-6.0) DEN(-2.5) 
08 OAK(-1.5) NYG(-1.0) 
09 MIA(-3.0) DAL(-2.5) 
10 NYJ(-4.0) PIT(-3.0) 
11 ARI(-1.5) CAR(-0.5) 
12 BAL(-8.0) LAC(-8.0) 
13 CIN(-6.0) SEA(-6.0) 
14 HOU(-5.5) KC(-4.0) 
15 ATL(-8.0) MIN(-8.0) 
16 PHI(-4.5) CHI(-4.0) 
17 LAR(-11.5) NE(-11.5) 

Pick strategy: Random
nfl.domain.Pick(iteration:33464, teams:[MIN, HOU, LAR, IND, PIT, OAK, CHI, CAR, PHI, NYJ, ARI, NYG, BAL, LAC, SEA, MIA, DEN, BUF, ATL, CIN, TEN, DAL, NE, KC], total:-139.5)
06 MIN(-10.5) HOU(-10.0) 
07 LAR(-12.5) IND(-6.0) 
08 PIT(-7.0) OAK(-1.5) 
09 CHI(-6.5) CAR(-4.0) 
10 PHI(-6.5) NYJ(-4.0) 
11 ARI(-1.5) NYG(-0.5) 
12 BAL(-8.0) LAC(-8.0) 
13 SEA(-6.0) MIA(-5.0) 
14 DEN(-1.0) BUF(1.0) 
15 ATL(-8.0) CIN(-7.5) 
16 TEN(-3.0) DAL(-2.0) 
17 NE(-11.5) KC(-10.0) 


Elapsed: 29.952 seconds
End: Thu Oct 11 17:35:00 MDT 2018

Process finished with exit code 0

