/Library/Java/JavaVirtualMachines/jdk1.8.0_181.jdk/Contents/Home/bin/java "-javaagent:/Applications/IntelliJ IDEA.app/Contents/lib/idea_rt.jar=62032:/Applications/IntelliJ IDEA.app/Contents/bin" -Dfile.encoding=UTF-8 -classpath /Library/Java/JavaVirtualMachines/jdk1.8.0_181.jdk/Contents/Home/jre/lib/charsets.jar:/Library/Java/JavaVirtualMachines/jdk1.8.0_181.jdk/Contents/Home/jre/lib/deploy.jar:/Library/Java/JavaVirtualMachines/jdk1.8.0_181.jdk/Contents/Home/jre/lib/ext/cldrdata.jar:/Library/Java/JavaVirtualMachines/jdk1.8.0_181.jdk/Contents/Home/jre/lib/ext/dnsns.jar:/Library/Java/JavaVirtualMachines/jdk1.8.0_181.jdk/Contents/Home/jre/lib/ext/jaccess.jar:/Library/Java/JavaVirtualMachines/jdk1.8.0_181.jdk/Contents/Home/jre/lib/ext/jfxrt.jar:/Library/Java/JavaVirtualMachines/jdk1.8.0_181.jdk/Contents/Home/jre/lib/ext/localedata.jar:/Library/Java/JavaVirtualMachines/jdk1.8.0_181.jdk/Contents/Home/jre/lib/ext/nashorn.jar:/Library/Java/JavaVirtualMachines/jdk1.8.0_181.jdk/Contents/Home/jre/lib/ext/sunec.jar:/Library/Java/JavaVirtualMachines/jdk1.8.0_181.jdk/Contents/Home/jre/lib/ext/sunjce_provider.jar:/Library/Java/JavaVirtualMachines/jdk1.8.0_181.jdk/Contents/Home/jre/lib/ext/sunpkcs11.jar:/Library/Java/JavaVirtualMachines/jdk1.8.0_181.jdk/Contents/Home/jre/lib/ext/zipfs.jar:/Library/Java/JavaVirtualMachines/jdk1.8.0_181.jdk/Contents/Home/jre/lib/javaws.jar:/Library/Java/JavaVirtualMachines/jdk1.8.0_181.jdk/Contents/Home/jre/lib/jce.jar:/Library/Java/JavaVirtualMachines/jdk1.8.0_181.jdk/Contents/Home/jre/lib/jfr.jar:/Library/Java/JavaVirtualMachines/jdk1.8.0_181.jdk/Contents/Home/jre/lib/jfxswt.jar:/Library/Java/JavaVirtualMachines/jdk1.8.0_181.jdk/Contents/Home/jre/lib/jsse.jar:/Library/Java/JavaVirtualMachines/jdk1.8.0_181.jdk/Contents/Home/jre/lib/management-agent.jar:/Library/Java/JavaVirtualMachines/jdk1.8.0_181.jdk/Contents/Home/jre/lib/plugin.jar:/Library/Java/JavaVirtualMachines/jdk1.8.0_181.jdk/Contents/Home/jre/lib/resources.jar:/Library/Java/JavaVirtualMachines/jdk1.8.0_181.jdk/Contents/Home/jre/lib/rt.jar:/Library/Java/JavaVirtualMachines/jdk1.8.0_181.jdk/Contents/Home/lib/ant-javafx.jar:/Library/Java/JavaVirtualMachines/jdk1.8.0_181.jdk/Contents/Home/lib/dt.jar:/Library/Java/JavaVirtualMachines/jdk1.8.0_181.jdk/Contents/Home/lib/javafx-mx.jar:/Library/Java/JavaVirtualMachines/jdk1.8.0_181.jdk/Contents/Home/lib/jconsole.jar:/Library/Java/JavaVirtualMachines/jdk1.8.0_181.jdk/Contents/Home/lib/packager.jar:/Library/Java/JavaVirtualMachines/jdk1.8.0_181.jdk/Contents/Home/lib/sa-jdi.jar:/Library/Java/JavaVirtualMachines/jdk1.8.0_181.jdk/Contents/Home/lib/tools.jar:/Users/rmatthes/src/nfl/out/production/classes:/Users/rmatthes/src/nfl/out/production/resources:/Users/rmatthes/.gradle/caches/modules-2/files-2.1/org.codehaus.groovy/groovy-all/2.3.7/feb6df9c6936c797159091a451ed8590d67101dc/groovy-all-2.3.7.jar:/Users/rmatthes/.gradle/caches/modules-2/files-2.1/org.ccil.cowan.tagsoup/tagsoup/1.2/639fd364750d7363c85797dc944b4a80f78fa684/tagsoup-1.2.jar:/Users/rmatthes/.gradle/caches/modules-2/files-2.1/org.yaml/snakeyaml/1.15/3b132bea69e8ee099f416044970997bde80f4ea6/snakeyaml-1.15.jar nfl.method.HeuristicMethod
Start: Wed Nov 21 20:12:22 MST 2018
This is 2018 week number 12
Working with 12 remaining teams.  479,001,600 permutations.
Pick strategy: Forward
nfl.domain.Pick(iteration:1, teams:[BAL, NE, SEA, LAR, TEN, BUF, ATL, CIN, DEN, PHI, MIA, OAK], total:-44.0)
12 BAL(-11.0) NE(-9.5) 
13 SEA(-7.5) LAR(-7.0) 
14 TEN(-3.0) BUF(-1.5) 
15 ATL(-7.5) CIN(-6.5) 
16 DEN(-3.0) PHI(-2.5) 
17 MIA(1.5) OAK(13.5) 

Pick strategy: Reverse
nfl.domain.Pick(iteration:1, teams:[CIN, OAK, PHI, MIA, BUF, SEA, ATL, BAL, DEN, TEN, NE, LAR], total:-50.0)
12 CIN(-3.0) OAK(11.0) 
13 PHI(-6.5) MIA(-3.5) 
14 BUF(-1.5) SEA(0.5) 
15 ATL(-7.5) BAL(-7.0) 
16 DEN(-3.0) TEN(-3.0) 
17 NE(-13.5) LAR(-13.0) 

Pick strategy: Random
nfl.domain.Pick(iteration:146, teams:[BAL, PHI, SEA, MIA, BUF, OAK, ATL, CIN, DEN, TEN, NE, LAR], total:-67.5)
12 BAL(-11.0) PHI(-5.5) 
13 SEA(-7.5) MIA(-3.5) 
14 BUF(-1.5) OAK(8.0) 
15 ATL(-7.5) CIN(-6.5) 
16 DEN(-3.0) TEN(-3.0) 
17 NE(-13.5) LAR(-13.0) 


Elapsed: 14.409 seconds
End: Wed Nov 21 20:12:37 MST 2018

Process finished with exit code 0

