/Library/Java/JavaVirtualMachines/jdk1.8.0_31.jdk/Contents/Home/bin/java -Didea.launcher.port=7534 "-Didea.launcher.bin.path=/Applications/IntelliJ IDEA.app/Contents/bin" -Dfile.encoding=UTF-8 -classpath "/Library/Java/JavaVirtualMachines/jdk1.8.0_31.jdk/Contents/Home/lib/ant-javafx.jar:/Library/Java/JavaVirtualMachines/jdk1.8.0_31.jdk/Contents/Home/lib/dt.jar:/Library/Java/JavaVirtualMachines/jdk1.8.0_31.jdk/Contents/Home/lib/javafx-mx.jar:/Library/Java/JavaVirtualMachines/jdk1.8.0_31.jdk/Contents/Home/lib/jconsole.jar:/Library/Java/JavaVirtualMachines/jdk1.8.0_31.jdk/Contents/Home/lib/sa-jdi.jar:/Library/Java/JavaVirtualMachines/jdk1.8.0_31.jdk/Contents/Home/lib/tools.jar:/Library/Java/JavaVirtualMachines/jdk1.8.0_31.jdk/Contents/Home/jre/lib/charsets.jar:/Library/Java/JavaVirtualMachines/jdk1.8.0_31.jdk/Contents/Home/jre/lib/deploy.jar:/Library/Java/JavaVirtualMachines/jdk1.8.0_31.jdk/Contents/Home/jre/lib/javaws.jar:/Library/Java/JavaVirtualMachines/jdk1.8.0_31.jdk/Contents/Home/jre/lib/jce.jar:/Library/Java/JavaVirtualMachines/jdk1.8.0_31.jdk/Contents/Home/jre/lib/jfr.jar:/Library/Java/JavaVirtualMachines/jdk1.8.0_31.jdk/Contents/Home/jre/lib/jfxswt.jar:/Library/Java/JavaVirtualMachines/jdk1.8.0_31.jdk/Contents/Home/jre/lib/jsse.jar:/Library/Java/JavaVirtualMachines/jdk1.8.0_31.jdk/Contents/Home/jre/lib/management-agent.jar:/Library/Java/JavaVirtualMachines/jdk1.8.0_31.jdk/Contents/Home/jre/lib/plugin.jar:/Library/Java/JavaVirtualMachines/jdk1.8.0_31.jdk/Contents/Home/jre/lib/resources.jar:/Library/Java/JavaVirtualMachines/jdk1.8.0_31.jdk/Contents/Home/jre/lib/rt.jar:/Library/Java/JavaVirtualMachines/jdk1.8.0_31.jdk/Contents/Home/jre/lib/ext/cldrdata.jar:/Library/Java/JavaVirtualMachines/jdk1.8.0_31.jdk/Contents/Home/jre/lib/ext/dnsns.jar:/Library/Java/JavaVirtualMachines/jdk1.8.0_31.jdk/Contents/Home/jre/lib/ext/jfxrt.jar:/Library/Java/JavaVirtualMachines/jdk1.8.0_31.jdk/Contents/Home/jre/lib/ext/localedata.jar:/Library/Java/JavaVirtualMachines/jdk1.8.0_31.jdk/Contents/Home/jre/lib/ext/nashorn.jar:/Library/Java/JavaVirtualMachines/jdk1.8.0_31.jdk/Contents/Home/jre/lib/ext/sunec.jar:/Library/Java/JavaVirtualMachines/jdk1.8.0_31.jdk/Contents/Home/jre/lib/ext/sunjce_provider.jar:/Library/Java/JavaVirtualMachines/jdk1.8.0_31.jdk/Contents/Home/jre/lib/ext/sunpkcs11.jar:/Library/Java/JavaVirtualMachines/jdk1.8.0_31.jdk/Contents/Home/jre/lib/ext/zipfs.jar:/Users/rmatthes/src/nfl/build/classes/main:/Users/rmatthes/src/nfl/build/resources/main:/Users/rmatthes/.gradle/caches/modules-2/files-2.1/org.codehaus.groovy/groovy-all/2.3.7/feb6df9c6936c797159091a451ed8590d67101dc/groovy-all-2.3.7.jar:/Users/rmatthes/.gradle/caches/modules-2/files-2.1/org.ccil.cowan.tagsoup/tagsoup/1.2/639fd364750d7363c85797dc944b4a80f78fa684/tagsoup-1.2.jar:/Users/rmatthes/.gradle/caches/modules-2/files-2.1/org.yaml/snakeyaml/1.15/3b132bea69e8ee099f416044970997bde80f4ea6/snakeyaml-1.15.jar:/Applications/IntelliJ IDEA.app/Contents/lib/idea_rt.jar" com.intellij.rt.execution.application.AppMain nfl.method.HeuristicMethod
Start: Thu Nov 17 11:21:31 MST 2016
This is 2016 week number 11
Working with 14 remaining teams.  87,178,291,200 permutations.
Pick strategy: Forward
nfl.domain.Pick(iteration:1, teams:[NYG, PIT, SEA, NO, GB, CHI, CAR, ATL, MIN, JAX, LA, CLE, TB, SF], total:-29.5)
11 NYG(-7.5) PIT(-7.5)
12 SEA(-5.5) NO(-4.0)
13 GB(-4.0) CHI(-3.5)
14 CAR(-4.0) ATL(-3.0)
15 MIN(-3.5) JAX(4.5)
16 LA(-6.0) CLE(3.5)
17 TB(3.0) SF(8.0)

Pick strategy: Reverse
nfl.domain.Pick(iteration:1, teams:[CLE, SF, NYG, TB, CHI, JAX, CAR, MIN, ATL, GB, NO, LA, PIT, SEA], total:-33.5)
11 CLE(7.5) SF(13.0)
12 NYG(-6.5) TB(5.5)
13 CHI(-3.5) JAX(4.0)
14 CAR(-4.0) MIN(-2.0)
15 ATL(-10.0) GB(-3.5)
16 NO(-6.5) LA(-6.0)
17 PIT(-13.5) SEA(-8.0)

Pick strategy: Random
nfl.domain.Pick(iteration:1538, teams:[NYG, CAR, NO, TB, GB, CHI, SF, JAX, ATL, SEA, LA, CLE, PIT, MIN], total:-53.0)
11 NYG(-7.5) CAR(-3.5)
12 NO(-4.0) TB(5.5)
13 GB(-4.0) CHI(-3.5)
14 SF(1.5) JAX(2.0)
15 ATL(-10.0) SEA(-7.5)
16 LA(-6.0) CLE(3.5)
17 PIT(-13.5) MIN(-6.0)


Elapsed: 24 minutes, 57.029 seconds
End: Thu Nov 17 11:46:28 MST 2016

Process finished with exit code 0
