/Library/Java/JavaVirtualMachines/jdk1.8.0_31.jdk/Contents/Home/bin/java -Didea.launcher.port=7532 "-Didea.launcher.bin.path=/Applications/IntelliJ IDEA.app/Contents/bin" -Dfile.encoding=UTF-8 -classpath "/Library/Java/JavaVirtualMachines/jdk1.8.0_31.jdk/Contents/Home/lib/ant-javafx.jar:/Library/Java/JavaVirtualMachines/jdk1.8.0_31.jdk/Contents/Home/lib/dt.jar:/Library/Java/JavaVirtualMachines/jdk1.8.0_31.jdk/Contents/Home/lib/javafx-mx.jar:/Library/Java/JavaVirtualMachines/jdk1.8.0_31.jdk/Contents/Home/lib/jconsole.jar:/Library/Java/JavaVirtualMachines/jdk1.8.0_31.jdk/Contents/Home/lib/sa-jdi.jar:/Library/Java/JavaVirtualMachines/jdk1.8.0_31.jdk/Contents/Home/lib/tools.jar:/Library/Java/JavaVirtualMachines/jdk1.8.0_31.jdk/Contents/Home/jre/lib/charsets.jar:/Library/Java/JavaVirtualMachines/jdk1.8.0_31.jdk/Contents/Home/jre/lib/deploy.jar:/Library/Java/JavaVirtualMachines/jdk1.8.0_31.jdk/Contents/Home/jre/lib/javaws.jar:/Library/Java/JavaVirtualMachines/jdk1.8.0_31.jdk/Contents/Home/jre/lib/jce.jar:/Library/Java/JavaVirtualMachines/jdk1.8.0_31.jdk/Contents/Home/jre/lib/jfr.jar:/Library/Java/JavaVirtualMachines/jdk1.8.0_31.jdk/Contents/Home/jre/lib/jfxswt.jar:/Library/Java/JavaVirtualMachines/jdk1.8.0_31.jdk/Contents/Home/jre/lib/jsse.jar:/Library/Java/JavaVirtualMachines/jdk1.8.0_31.jdk/Contents/Home/jre/lib/management-agent.jar:/Library/Java/JavaVirtualMachines/jdk1.8.0_31.jdk/Contents/Home/jre/lib/plugin.jar:/Library/Java/JavaVirtualMachines/jdk1.8.0_31.jdk/Contents/Home/jre/lib/resources.jar:/Library/Java/JavaVirtualMachines/jdk1.8.0_31.jdk/Contents/Home/jre/lib/rt.jar:/Library/Java/JavaVirtualMachines/jdk1.8.0_31.jdk/Contents/Home/jre/lib/ext/cldrdata.jar:/Library/Java/JavaVirtualMachines/jdk1.8.0_31.jdk/Contents/Home/jre/lib/ext/dnsns.jar:/Library/Java/JavaVirtualMachines/jdk1.8.0_31.jdk/Contents/Home/jre/lib/ext/jfxrt.jar:/Library/Java/JavaVirtualMachines/jdk1.8.0_31.jdk/Contents/Home/jre/lib/ext/localedata.jar:/Library/Java/JavaVirtualMachines/jdk1.8.0_31.jdk/Contents/Home/jre/lib/ext/nashorn.jar:/Library/Java/JavaVirtualMachines/jdk1.8.0_31.jdk/Contents/Home/jre/lib/ext/sunec.jar:/Library/Java/JavaVirtualMachines/jdk1.8.0_31.jdk/Contents/Home/jre/lib/ext/sunjce_provider.jar:/Library/Java/JavaVirtualMachines/jdk1.8.0_31.jdk/Contents/Home/jre/lib/ext/sunpkcs11.jar:/Library/Java/JavaVirtualMachines/jdk1.8.0_31.jdk/Contents/Home/jre/lib/ext/zipfs.jar:/Users/rmatthes/src/nfl/build/classes/main:/Users/rmatthes/src/nfl/build/resources/main:/Users/rmatthes/.gradle/caches/modules-2/files-2.1/org.codehaus.groovy/groovy-all/2.3.7/feb6df9c6936c797159091a451ed8590d67101dc/groovy-all-2.3.7.jar:/Users/rmatthes/.gradle/caches/modules-2/files-2.1/org.ccil.cowan.tagsoup/tagsoup/1.2/639fd364750d7363c85797dc944b4a80f78fa684/tagsoup-1.2.jar:/Users/rmatthes/.gradle/caches/modules-2/files-2.1/org.yaml/snakeyaml/1.15/3b132bea69e8ee099f416044970997bde80f4ea6/snakeyaml-1.15.jar:/Applications/IntelliJ IDEA.app/Contents/lib/idea_rt.jar" com.intellij.rt.execution.application.AppMain nfl.method.HeuristicMethod
Start: Wed Nov 09 22:47:54 MST 2016
This is 2016 week number 10
Working with 16 remaining teams.  20,922,789,888,000 permutations.
Pick strategy: Forward
nfl.domain.Pick(iteration:1, teams:[ARI, BAL, PIT, NYG, NO, SEA, CHI, GB, CAR, ATL, MIN, JAX, LA, CLE, TB, SF], total:-53.5)
10 ARI(-13.5) BAL(-10.0)
11 PIT(-8.0) NYG(-6.5)
12 NO(-4.0) SEA(-4.0)
13 CHI(-5.5) GB(-4.5)
14 CAR(-4.5) ATL(-3.0)
15 MIN(-4.0) JAX(5.5)
16 LA(-6.5) CLE(3.5)
17 TB(3.5) SF(8.0)

Pick strategy: Reverse
nfl.domain.Pick(iteration:1, teams:[CLE, SF, JAX, TB, NYG, MIN, CHI, BAL, CAR, GB, ATL, ARI, LA, NO, PIT, SEA], total:-36.0)
10 CLE(10.0) SF(13.5)
11 JAX(4.0) TB(7.0)
12 NYG(-6.0) MIN(0.5)
13 CHI(-5.5) BAL(-3.0)
14 CAR(-4.5) GB(-3.0)
15 ATL(-10.5) ARI(-4.5)
16 LA(-6.5) NO(-6.0)
17 PIT(-13.5) SEA(-8.0)

Pick strategy: Random
nfl.domain.Pick(iteration:3193, teams:[ARI, BAL, CAR, LA, NYG, NO, CHI, GB, TB, SF, ATL, SEA, JAX, CLE, PIT, MIN], total:-79.0)
10 ARI(-13.5) BAL(-10.0)
11 CAR(-4.0) LA(-2.5)
12 NYG(-6.0) NO(-4.0)
13 CHI(-5.5) GB(-4.5)
14 TB(2.0) SF(3.0)
15 ATL(-10.5) SEA(-7.0)
16 JAX(-0.5) CLE(3.5)
17 PIT(-13.5) MIN(-6.0)


Elapsed: 18.405 seconds
End: Wed Nov 09 22:48:13 MST 2016

Process finished with exit code 0
