23:40:00: Executing 'run'...

:compileJava NO-SOURCE
:compileGroovy
:processResources
:classes
:run
Start: Wed Oct 04 23:40:02 MDT 2023
This is 2023 week number 5
Working with 28 remaining teams.  304,888,344,611,713,860,501,504,000,000 permutations.
Pick strategy: Forward
nfl.domain.Pick(iteration:1, teams:[DET, BUF, KC, PHI, SEA, BAL, LAC, NO, CLE, LV, CIN, NE, HOU, JAX, MIN, TEN, TB, PIT, ATL, GB, LAR, IND, NYJ, DEN, NYG, CHI, CAR, ARI], total:-94.5)
05 DET(-10.0) BUF(-5.5)
06 KC(-10.5) PHI(-6.5)
07 SEA(-7.0) BAL(-3.5)
08 LAC(-13.5) NO(-3.0)
09 CLE(-7.5) LV(-3.5)
10 CIN(-7.0) NE(-3.0)
11 HOU(-4.0) JAX(-4.0)
12 MIN(-9.0) TEN(-7.5)
13 TB(-6.5) PIT(-4.5)
14 ATL(-3.0) GB(-3.0)
15 LAR(-4.0) IND(-1.0)
16 NYJ(-3.0) DEN(-2.0)
17 NYG(3.0) CHI(4.0)
18 CAR(3.0) ARI(3.5)

Pick strategy: Reverse
nfl.domain.Pick(iteration:1, teams:[CAR, NYG, ARI, IND, DEN, CHI, NYJ, PIT, LV, GB, SEA, NE, HOU, LAR, MIN, DET, TB, TEN, LAC, CIN, CLE, NO, KC, ATL, BUF, JAX, PHI, BAL], total:-66.5)
05 CAR(10.0) NYG(11.5)
06 ARI(4.5) IND(4.5)
07 DEN(-0.5) CHI(1.0)
08 NYJ(-1.0) PIT(2.0)
09 LV(-3.5) GB(-3.0)
10 SEA(-6.5) NE(-3.0)
11 HOU(-4.0) LAR(-0.5)
12 MIN(-9.0) DET(-6.5)
13 TB(-6.5) TEN(-5.0)
14 LAC(-8.0) CIN(-7.5)
15 CLE(-10.5) NO(-8.0)
16 KC(-13.5) ATL(-4.0)
17 BUF(-9.5) JAX(-9.5)
18 PHI(-9.0) BAL(-7.5)

Pick strategy: Random
nfl.domain.Pick(iteration:13037, teams:[DEN, ARI, LAR, LV, CHI, NYG, LAC, BUF, NE, CAR, CIN, SEA, DET, HOU, MIN, TEN, TB, KC, PIT, NYJ, CLE, NO, PHI, ATL, JAX, IND, BAL, GB], total:-130.0)
05 DEN(-1.5) ARI(3.0)
06 LAR(-4.5) LV(-1.5)
07 CHI(1.0) NYG(1.0)
08 LAC(-13.5) BUF(-9.5)
09 NE(-3.0) CAR(1.5)
10 CIN(-7.0) SEA(-6.5)
11 DET(-11.5) HOU(-4.0)
12 MIN(-9.0) TEN(-7.5)
13 TB(-6.5) KC(-6.0)
14 PIT(-3.0) NYJ(-2.0)
15 CLE(-10.5) NO(-8.0)
16 PHI(-13.5) ATL(-4.0)
17 JAX(-9.5) IND(-3.5)
18 BAL(-7.5) GB(-7.5)


Elapsed: 43.106 seconds
End: Wed Oct 04 23:40:45 MDT 2023

BUILD SUCCESSFUL

Total time: 45.23 secs
23:40:45: Execution finished 'run'.
