16:19:12: Executing 'run'...

Starting Gradle Daemon...
Gradle Daemon started in 1 s 887 ms
:compileJava NO-SOURCE
:compileGroovy UP-TO-DATE
:processResources
:classes
:run
Start: Wed Sep 20 16:19:19 MDT 2023
This is 2023 week number 3
Working with 30 remaining teams.  265,252,859,812,191,058,636,308,480,000,000 permutations.
Pick strategy: Forward
nfl.domain.Pick(iteration:1, teams:[KC, SF, CIN, DET, BUF, MIA, SEA, BAL, LAC, PHI, CLE, NO, ATL, NE, JAX, HOU, MIN, LAR, PIT, DEN, NYJ, GB, TEN, CAR, CHI, TB, NYG, LV, IND, ARI], total:-163.0)
03 KC(-13.5)
04 SF(-14.0)
05 CIN(-9.5) DET(-8.0)
06 BUF(-9.5) MIA(-9.5)
07 SEA(-9.5) BAL(-3.5)
08 LAC(-7.0) PHI(-4.0)
09 CLE(-10.5) NO(-6.5)
10 ATL(-6.0) NE(-3.5)
11 JAX(-5.0) HOU(-3.0)
12 MIN(-5.5) LAR(-4.0)
13 PIT(-9.5) DEN(-4.0)
14 NYJ(-9.5) GB(-1.5)
15 TEN(-6.5) CAR(3.0)
16 CHI(-6.5) TB(3.0)
17 NYG(-2.0) LV(-0.5)
18 IND(-4.0) ARI(7.0)

Pick strategy: Reverse
nfl.domain.Pick(iteration:1, teams:[ARI, TB, IND, HOU, LAR, NE, LV, NYG, LAC, CAR, NO, GB, ATL, BAL, DET, MIA, JAX, MIN, PIT, DEN, CIN, NYJ, CLE, TEN, KC, CHI, PHI, BUF, SF, SEA], total:-137.0)
03 ARI(13.0)
04 TB(3.5)
05 IND(1.0) HOU(7.5)
06 LAR(-7.5) NE(2.5)
07 LV(-0.5) NYG(-0.5)
08 LAC(-7.0) CAR(-3.5)
09 NO(-6.5) GB(-3.5)
10 ATL(-6.0) BAL(-3.5)
11 DET(-7.5) MIA(-7.0)
12 JAX(-6.5) MIN(-5.5)
13 PIT(-9.5) DEN(-4.0)
14 CIN(-9.5) NYJ(-9.5)
15 CLE(-7.0) TEN(-6.5)
16 KC(-9.5) CHI(-6.5)
17 PHI(-13.5) BUF(-8.0)
18 SF(-9.0) SEA(-7.0)

Pick strategy: Random
nfl.domain.Pick(iteration:92879, teams:[NE, SF, DET, ATL, MIA, LAR, SEA, KC, LAC, CAR, CLE, NO, CIN, BUF, HOU, MIN, NYG, ARI, PIT, TB, NYJ, BAL, TEN, GB, CHI, DEN, PHI, JAX, IND, LV], total:-188.0)
03 NE(-3.0)
04 SF(-14.0)
05 DET(-8.0) ATL(-7.5)
06 MIA(-9.5) LAR(-7.5)
07 SEA(-9.5) KC(-6.0)
08 LAC(-7.0) CAR(-3.5)
09 CLE(-10.5) NO(-6.5)
10 CIN(-11.0) BUF(-7.5)
11 HOU(-3.0) MIN(1.5)
12 NYG(-1.5) ARI(4.0)
13 PIT(-9.5) TB(-4.0)
14 NYJ(-9.5) BAL(-8.0)
15 TEN(-6.5) GB(-4.0)
16 CHI(-6.5) DEN(-3.0)
17 PHI(-13.5) JAX(-8.0)
18 IND(-4.0) LV(-1.5)


Elapsed: 54.731 seconds
End: Wed Sep 20 16:20:13 MDT 2023

BUILD SUCCESSFUL

Total time: 1 mins 0.122 secs
16:20:13: Execution finished 'run'.
