21:49:10: Executing 'run'...

:compileJava NO-SOURCE
:compileGroovy UP-TO-DATE
:processResources
:classes
:run
Start: Wed Sep 06 21:49:12 MDT 2023
This is 2023 week number 1
Working with 32 remaining teams.  263,130,836,933,693,530,167,218,012,160,000,000 permutations.
Pick strategy: Forward
nfl.domain.Pick(iteration:1, teams:[BAL, BUF, KC, SF, CIN, DET, MIA, JAX, SEA, PHI, DAL, LAC, CLE, PIT, NE, ATL, DEN, HOU, MIN, NYJ, TEN, TB, NO, NYG, GB, LAR, CHI, CAR, LV, WAS, IND, ARI], total:-141.5)
01 BAL(-10.0)
02 BUF(-8.0)
03 KC(-9.5)
04 SF(-10.5)
05 CIN(-7.5) DET(-6.5)
06 MIA(-8.0) JAX(-7.0)
07 SEA(-8.0) PHI(-4.0)
08 DAL(-8.0) LAC(-6.5)
09 CLE(-8.0) PIT(-4.5)
10 NE(-5.0) ATL(-3.0)
11 DEN(-2.0) HOU(-1.5)
12 MIN(-4.0) NYJ(-3.0)
13 TEN(-3.0) TB(-1.5)
14 NO(-4.5) NYG(-2.5)
15 GB(-4.0) LAR(-1.5)
16 CHI(-4.5) CAR(1.5)
17 LV(-2.5) WAS(4.0)
18 IND(-3.0) ARI(4.5)

Pick strategy: Reverse
nfl.domain.Pick(iteration:1, teams:[TB, HOU, ARI, MIN, WAS, IND, LAR, LV, NYG, CHI, CAR, TEN, GB, NO, NE, ATL, LAC, DEN, JAX, DET, PIT, DAL, BAL, MIA, CIN, CLE, KC, NYJ, PHI, BUF, SF, SEA], total:-118.0)
01 TB(6.0)
02 HOU(-1.0)
03 ARI(7.0)
04 MIN(-2.0)
05 WAS(-1.5) IND(-1.0)
06 LAR(-4.0) LV(-1.5)
07 NYG(-3.0) CHI(-1.0)
08 CAR(-3.5) TEN(-1.0)
09 GB(-3.5) NO(-3.5)
10 NE(-5.0) ATL(-3.0)
11 LAC(-2.5) DEN(-2.0)
12 JAX(-5.5) DET(-4.0)
13 PIT(-7.0) DAL(-4.0)
14 BAL(-8.0) MIA(-7.5)
15 CIN(-6.0) CLE(-4.5)
16 KC(-8.0) NYJ(-6.5)
17 PHI(-11.5) BUF(-7.0)
18 SF(-8.0) SEA(-4.5)

Pick strategy: Random
nfl.domain.Pick(iteration:67505, teams:[WAS, NYG, KC, NO, CIN, DET, MIA, LAR, SEA, DEN, DAL, LAC, LV, HOU, NE, ATL, SF, JAX, MIN, ARI, PIT, TB, NYJ, BAL, GB, TEN, CLE, CHI, PHI, BUF, CAR, IND], total:-175.0)
01 WAS(-7.0)
02 NYG(-3.5)
03 KC(-9.5)
04 NO(-6.5)
05 CIN(-7.5) DET(-6.5)
06 MIA(-8.0) LAR(-4.0)
07 SEA(-8.0) DEN(-3.5)
08 DAL(-8.0) LAC(-6.5)
09 LV(-2.5) HOU(-0.5)
10 NE(-5.0) ATL(-3.0)
11 SF(-9.0) JAX(-6.0)
12 MIN(-4.0) ARI(1.5)
13 PIT(-7.0) TB(-1.5)
14 NYJ(-9.5) BAL(-8.0)
15 GB(-4.0) TEN(-4.0)
16 CLE(-5.0) CHI(-4.5)
17 PHI(-11.5) BUF(-7.0)
18 CAR(-3.0) IND(-3.0)


Elapsed: 54.909 seconds
End: Wed Sep 06 21:50:07 MDT 2023

BUILD SUCCESSFUL

Total time: 56.163 secs
21:50:07: Execution finished 'run'.
