:compileJava UP-TO-DATE
:compileGroovy
:processResources UP-TO-DATE
:classes
:run
Start: Thu Oct 30 00:55:52 MDT 2014
This is week number 9
Working with 18 remaining teams.  6,402,373,705,728,000 permutations.
0.0000000156% Iteration: 1,000,000. Elapsed: 6.244 seconds Best pick: Pick(iteration:715017, teams:[ARI, BAL, CAR, CIN, DET, GB, IND, JAX, MIA, STL, SD, SF, KC, NYG, NE, OAK, MIN, SEA], total:-50.0)
0.0000000312% Iteration: 2,000,000. Elapsed: 11.384 seconds Best pick: Pick(iteration:1077897, teams:[ARI, BAL, CAR, CIN, DET, GB, IND, JAX, MIN, STL, SD, SF, KC, NYG, NE, OAK, MIA, SEA], total:-55.0)
0.0000000469% Iteration: 3,000,000. Elapsed: 16.458 seconds Best pick: Pick(iteration:1077897, teams:[ARI, BAL, CAR, CIN, DET, GB, IND, JAX, MIN, STL, SD, SF, KC, NYG, NE, OAK, MIA, SEA], total:-55.0)
0.0000000625% Iteration: 4,000,000. Elapsed: 21.546 seconds Best pick: Pick(iteration:3961041, teams:[ARI, BAL, CAR, CIN, DET, GB, IND, KC, JAX, STL, MIN, SF, NYG, SD, NE, OAK, MIA, SEA], total:-59.0)
0.0000000781% Iteration: 5,000,000. Elapsed: 26.613 seconds Best pick: Pick(iteration:4706931, teams:[ARI, BAL, CAR, CIN, DET, GB, IND, KC, MIN, STL, SD, SF, NE, NYG, JAX, OAK, MIA, SEA], total:-63.5)
0.0000000937% Iteration: 6,000,000. Elapsed: 31.782 seconds Best pick: Pick(iteration:4706931, teams:[ARI, BAL, CAR, CIN, DET, GB, IND, KC, MIN, STL, SD, SF, NE, NYG, JAX, OAK, MIA, SEA], total:-63.5)
0.0000001093% Iteration: 7,000,000. Elapsed: 36.930 seconds Best pick: Pick(iteration:4706931, teams:[ARI, BAL, CAR, CIN, DET, GB, IND, KC, MIN, STL, SD, SF, NE, NYG, JAX, OAK, MIA, SEA], total:-63.5)
0.0000001250% Iteration: 8,000,000. Elapsed: 41.904 seconds Best pick: Pick(iteration:4706931, teams:[ARI, BAL, CAR, CIN, DET, GB, IND, KC, MIN, STL, SD, SF, NE, NYG, JAX, OAK, MIA, SEA], total:-63.5)
0.0000001406% Iteration: 9,000,000. Elapsed: 46.819 seconds Best pick: Pick(iteration:4706931, teams:[ARI, BAL, CAR, CIN, DET, GB, IND, KC, MIN, STL, SD, SF, NE, NYG, JAX, OAK, MIA, SEA], total:-63.5)
0.0000001562% Iteration: 10,000,000. Elapsed: 51.891 seconds Best pick: Pick(iteration:4706931, teams:[ARI, BAL, CAR, CIN, DET, GB, IND, KC, MIN, STL, SD, SF, NE, NYG, JAX, OAK, MIA, SEA], total:-63.5)
0.0000001718% Iteration: 11,000,000. Elapsed: 56.879 seconds Best pick: Pick(iteration:4706931, teams:[ARI, BAL, CAR, CIN, DET, GB, IND, KC, MIN, STL, SD, SF, NE, NYG, JAX, OAK, MIA, SEA], total:-63.5)
0.0000001874% Iteration: 12,000,000. Elapsed: 1 minutes, 1.839 seconds Best pick: Pick(iteration:4706931, teams:[ARI, BAL, CAR, CIN, DET, GB, IND, KC, MIN, STL, SD, SF, NE, NYG, JAX, OAK, MIA, SEA], total:-63.5)
0.0000002030% Iteration: 13,000,000. Elapsed: 1 minutes, 6.791 seconds Best pick: Pick(iteration:12690171, teams:[ARI, BAL, CAR, CIN, DET, GB, IND, MIN, NYG, STL, SD, SF, KC, NE, JAX, OAK, MIA, SEA], total:-64.0)
0.0000002187% Iteration: 14,000,000. Elapsed: 1 minutes, 11.669 seconds Best pick: Pick(iteration:12690171, teams:[ARI, BAL, CAR, CIN, DET, GB, IND, MIN, NYG, STL, SD, SF, KC, NE, JAX, OAK, MIA, SEA], total:-64.0)
0.0000002343% Iteration: 15,000,000. Elapsed: 1 minutes, 16.536 seconds Best pick: Pick(iteration:12690171, teams:[ARI, BAL, CAR, CIN, DET, GB, IND, MIN, NYG, STL, SD, SF, KC, NE, JAX, OAK, MIA, SEA], total:-64.0)
0.0000002499% Iteration: 16,000,000. Elapsed: 1 minutes, 21.405 seconds Best pick: Pick(iteration:15956091, teams:[ARI, BAL, CAR, CIN, DET, GB, IND, NE, MIN, STL, SD, SF, KC, NYG, JAX, OAK, MIA, SEA], total:-67.5)
0.0000002655% Iteration: 17,000,000. Elapsed: 1 minutes, 26.280 seconds Best pick: Pick(iteration:15956091, teams:[ARI, BAL, CAR, CIN, DET, GB, IND, NE, MIN, STL, SD, SF, KC, NYG, JAX, OAK, MIA, SEA], total:-67.5)
0.0000002811% Iteration: 18,000,000. Elapsed: 1 minutes, 31.136 seconds Best pick: Pick(iteration:15956091, teams:[ARI, BAL, CAR, CIN, DET, GB, IND, NE, MIN, STL, SD, SF, KC, NYG, JAX, OAK, MIA, SEA], total:-67.5)
0.0000002968% Iteration: 19,000,000. Elapsed: 1 minutes, 36.037 seconds Best pick: Pick(iteration:15956091, teams:[ARI, BAL, CAR, CIN, DET, GB, IND, NE, MIN, STL, SD, SF, KC, NYG, JAX, OAK, MIA, SEA], total:-67.5)
0.0000003124% Iteration: 20,000,000. Elapsed: 1 minutes, 40.851 seconds Best pick: Pick(iteration:15956091, teams:[ARI, BAL, CAR, CIN, DET, GB, IND, NE, MIN, STL, SD, SF, KC, NYG, JAX, OAK, MIA, SEA], total:-67.5)
0.0000003280% Iteration: 21,000,000. Elapsed: 1 minutes, 45.689 seconds Best pick: Pick(iteration:15956091, teams:[ARI, BAL, CAR, CIN, DET, GB, IND, NE, MIN, STL, SD, SF, KC, NYG, JAX, OAK, MIA, SEA], total:-67.5)
0.0000003436% Iteration: 22,000,000. Elapsed: 1 minutes, 50.512 seconds Best pick: Pick(iteration:15956091, teams:[ARI, BAL, CAR, CIN, DET, GB, IND, NE, MIN, STL, SD, SF, KC, NYG, JAX, OAK, MIA, SEA], total:-67.5)
0.0000003592% Iteration: 23,000,000. Elapsed: 1 minutes, 55.375 seconds Best pick: Pick(iteration:15956091, teams:[ARI, BAL, CAR, CIN, DET, GB, IND, NE, MIN, STL, SD, SF, KC, NYG, JAX, OAK, MIA, SEA], total:-67.5)
0.0000003749% Iteration: 24,000,000. Elapsed: 2 minutes, 0.260 seconds Best pick: Pick(iteration:15956091, teams:[ARI, BAL, CAR, CIN, DET, GB, IND, NE, MIN, STL, SD, SF, KC, NYG, JAX, OAK, MIA, SEA], total:-67.5)
0.0000003905% Iteration: 25,000,000. Elapsed: 2 minutes, 5.083 seconds Best pick: Pick(iteration:15956091, teams:[ARI, BAL, CAR, CIN, DET, GB, IND, NE, MIN, STL, SD, SF, KC, NYG, JAX, OAK, MIA, SEA], total:-67.5)
0.0000004061% Iteration: 26,000,000. Elapsed: 2 minutes, 9.905 seconds Best pick: Pick(iteration:25738617, teams:[ARI, BAL, CAR, CIN, DET, GB, IND, SD, JAX, STL, MIN, SF, KC, NYG, NE, OAK, MIA, SEA], total:-76.5)
0.0000004217% Iteration: 27,000,000. Elapsed: 2 minutes, 14.765 seconds Best pick: Pick(iteration:25738617, teams:[ARI, BAL, CAR, CIN, DET, GB, IND, SD, JAX, STL, MIN, SF, KC, NYG, NE, OAK, MIA, SEA], total:-76.5)
0.0000004373% Iteration: 28,000,000. Elapsed: 2 minutes, 19.542 seconds Best pick: Pick(iteration:27558171, teams:[ARI, BAL, CAR, CIN, DET, GB, IND, SD, NYG, STL, MIN, SF, KC, NE, JAX, OAK, MIA, SEA], total:-80.0)
0.0000004530% Iteration: 29,000,000. Elapsed: 2 minutes, 24.374 seconds Best pick: Pick(iteration:27558171, teams:[ARI, BAL, CAR, CIN, DET, GB, IND, SD, NYG, STL, MIN, SF, KC, NE, JAX, OAK, MIA, SEA], total:-80.0)
0.0000004686% Iteration: 30,000,000. Elapsed: 2 minutes, 29.178 seconds Best pick: Pick(iteration:27558171, teams:[ARI, BAL, CAR, CIN, DET, GB, IND, SD, NYG, STL, MIN, SF, KC, NE, JAX, OAK, MIA, SEA], total:-80.0)
0.0000004842% Iteration: 31,000,000. Elapsed: 2 minutes, 34.001 seconds Best pick: Pick(iteration:27558171, teams:[ARI, BAL, CAR, CIN, DET, GB, IND, SD, NYG, STL, MIN, SF, KC, NE, JAX, OAK, MIA, SEA], total:-80.0)
0.0000004998% Iteration: 32,000,000. Elapsed: 2 minutes, 38.993 seconds Best pick: Pick(iteration:27558171, teams:[ARI, BAL, CAR, CIN, DET, GB, IND, SD, NYG, STL, MIN, SF, KC, NE, JAX, OAK, MIA, SEA], total:-80.0)
0.0000005154% Iteration: 33,000,000. Elapsed: 2 minutes, 44.287 seconds Best pick: Pick(iteration:27558171, teams:[ARI, BAL, CAR, CIN, DET, GB, IND, SD, NYG, STL, MIN, SF, KC, NE, JAX, OAK, MIA, SEA], total:-80.0)
0.0000005311% Iteration: 34,000,000. Elapsed: 2 minutes, 49.530 seconds Best pick: Pick(iteration:27558171, teams:[ARI, BAL, CAR, CIN, DET, GB, IND, SD, NYG, STL, MIN, SF, KC, NE, JAX, OAK, MIA, SEA], total:-80.0)
0.0000005467% Iteration: 35,000,000. Elapsed: 2 minutes, 54.708 seconds Best pick: Pick(iteration:27558171, teams:[ARI, BAL, CAR, CIN, DET, GB, IND, SD, NYG, STL, MIN, SF, KC, NE, JAX, OAK, MIA, SEA], total:-80.0)
0.0000005623% Iteration: 36,000,000. Elapsed: 2 minutes, 59.763 seconds Best pick: Pick(iteration:27558171, teams:[ARI, BAL, CAR, CIN, DET, GB, IND, SD, NYG, STL, MIN, SF, KC, NE, JAX, OAK, MIA, SEA], total:-80.0)
0.0000005779% Iteration: 37,000,000. Elapsed: 3 minutes, 4.893 seconds Best pick: Pick(iteration:27558171, teams:[ARI, BAL, CAR, CIN, DET, GB, IND, SD, NYG, STL, MIN, SF, KC, NE, JAX, OAK, MIA, SEA], total:-80.0)
0.0000005935% Iteration: 38,000,000. Elapsed: 3 minutes, 9.963 seconds Best pick: Pick(iteration:27558171, teams:[ARI, BAL, CAR, CIN, DET, GB, IND, SD, NYG, STL, MIN, SF, KC, NE, JAX, OAK, MIA, SEA], total:-80.0)
0.0000006091% Iteration: 39,000,000. Elapsed: 3 minutes, 15.071 seconds Best pick: Pick(iteration:27558171, teams:[ARI, BAL, CAR, CIN, DET, GB, IND, SD, NYG, STL, MIN, SF, KC, NE, JAX, OAK, MIA, SEA], total:-80.0)
0.0000006248% Iteration: 40,000,000. Elapsed: 3 minutes, 19.967 seconds Best pick: Pick(iteration:27558171, teams:[ARI, BAL, CAR, CIN, DET, GB, IND, SD, NYG, STL, MIN, SF, KC, NE, JAX, OAK, MIA, SEA], total:-80.0)
0.0000006404% Iteration: 41,000,000. Elapsed: 3 minutes, 25.037 seconds Best pick: Pick(iteration:27558171, teams:[ARI, BAL, CAR, CIN, DET, GB, IND, SD, NYG, STL, MIN, SF, KC, NE, JAX, OAK, MIA, SEA], total:-80.0)
0.0000006560% Iteration: 42,000,000. Elapsed: 3 minutes, 30.073 seconds Best pick: Pick(iteration:27558171, teams:[ARI, BAL, CAR, CIN, DET, GB, IND, SD, NYG, STL, MIN, SF, KC, NE, JAX, OAK, MIA, SEA], total:-80.0)
0.0000006716% Iteration: 43,000,000. Elapsed: 3 minutes, 35.099 seconds Best pick: Pick(iteration:27558171, teams:[ARI, BAL, CAR, CIN, DET, GB, IND, SD, NYG, STL, MIN, SF, KC, NE, JAX, OAK, MIA, SEA], total:-80.0)
0.0000006872% Iteration: 44,000,000. Elapsed: 3 minutes, 40.310 seconds Best pick: Pick(iteration:27558171, teams:[ARI, BAL, CAR, CIN, DET, GB, IND, SD, NYG, STL, MIN, SF, KC, NE, JAX, OAK, MIA, SEA], total:-80.0)
0.0000007029% Iteration: 45,000,000. Elapsed: 3 minutes, 45.478 seconds Best pick: Pick(iteration:27558171, teams:[ARI, BAL, CAR, CIN, DET, GB, IND, SD, NYG, STL, MIN, SF, KC, NE, JAX, OAK, MIA, SEA], total:-80.0)
0.0000007185% Iteration: 46,000,000. Elapsed: 3 minutes, 50.657 seconds Best pick: Pick(iteration:27558171, teams:[ARI, BAL, CAR, CIN, DET, GB, IND, SD, NYG, STL, MIN, SF, KC, NE, JAX, OAK, MIA, SEA], total:-80.0)
0.0000007341% Iteration: 47,000,000. Elapsed: 3 minutes, 55.915 seconds Best pick: Pick(iteration:27558171, teams:[ARI, BAL, CAR, CIN, DET, GB, IND, SD, NYG, STL, MIN, SF, KC, NE, JAX, OAK, MIA, SEA], total:-80.0)
0.0000007497% Iteration: 48,000,000. Elapsed: 4 minutes, 1.227 seconds Best pick: Pick(iteration:27558171, teams:[ARI, BAL, CAR, CIN, DET, GB, IND, SD, NYG, STL, MIN, SF, KC, NE, JAX, OAK, MIA, SEA], total:-80.0)
0.0000007653% Iteration: 49,000,000. Elapsed: 4 minutes, 6.604 seconds Best pick: Pick(iteration:27558171, teams:[ARI, BAL, CAR, CIN, DET, GB, IND, SD, NYG, STL, MIN, SF, KC, NE, JAX, OAK, MIA, SEA], total:-80.0)
0.0000007810% Iteration: 50,000,000. Elapsed: 4 minutes, 11.832 seconds Best pick: Pick(iteration:27558171, teams:[ARI, BAL, CAR, CIN, DET, GB, IND, SD, NYG, STL, MIN, SF, KC, NE, JAX, OAK, MIA, SEA], total:-80.0)
0.0000007966% Iteration: 51,000,000. Elapsed: 4 minutes, 17.180 seconds Best pick: Pick(iteration:27558171, teams:[ARI, BAL, CAR, CIN, DET, GB, IND, SD, NYG, STL, MIN, SF, KC, NE, JAX, OAK, MIA, SEA], total:-80.0)
0.0000008122% Iteration: 52,000,000. Elapsed: 4 minutes, 22.345 seconds Best pick: Pick(iteration:27558171, teams:[ARI, BAL, CAR, CIN, DET, GB, IND, SD, NYG, STL, MIN, SF, KC, NE, JAX, OAK, MIA, SEA], total:-80.0)
0.0000008278% Iteration: 53,000,000. Elapsed: 4 minutes, 27.484 seconds Best pick: Pick(iteration:27558171, teams:[ARI, BAL, CAR, CIN, DET, GB, IND, SD, NYG, STL, MIN, SF, KC, NE, JAX, OAK, MIA, SEA], total:-80.0)
0.0000008434% Iteration: 54,000,000. Elapsed: 4 minutes, 32.706 seconds Best pick: Pick(iteration:27558171, teams:[ARI, BAL, CAR, CIN, DET, GB, IND, SD, NYG, STL, MIN, SF, KC, NE, JAX, OAK, MIA, SEA], total:-80.0)
0.0000008591% Iteration: 55,000,000. Elapsed: 4 minutes, 37.920 seconds Best pick: Pick(iteration:27558171, teams:[ARI, BAL, CAR, CIN, DET, GB, IND, SD, NYG, STL, MIN, SF, KC, NE, JAX, OAK, MIA, SEA], total:-80.0)
0.0000008747% Iteration: 56,000,000. Elapsed: 4 minutes, 43.311 seconds Best pick: Pick(iteration:27558171, teams:[ARI, BAL, CAR, CIN, DET, GB, IND, SD, NYG, STL, MIN, SF, KC, NE, JAX, OAK, MIA, SEA], total:-80.0)
0.0000008903% Iteration: 57,000,000. Elapsed: 4 minutes, 48.431 seconds Best pick: Pick(iteration:27558171, teams:[ARI, BAL, CAR, CIN, DET, GB, IND, SD, NYG, STL, MIN, SF, KC, NE, JAX, OAK, MIA, SEA], total:-80.0)
0.0000009059% Iteration: 58,000,000. Elapsed: 4 minutes, 53.720 seconds Best pick: Pick(iteration:27558171, teams:[ARI, BAL, CAR, CIN, DET, GB, IND, SD, NYG, STL, MIN, SF, KC, NE, JAX, OAK, MIA, SEA], total:-80.0)
0.0000009215% Iteration: 59,000,000. Elapsed: 4 minutes, 58.820 seconds Best pick: Pick(iteration:27558171, teams:[ARI, BAL, CAR, CIN, DET, GB, IND, SD, NYG, STL, MIN, SF, KC, NE, JAX, OAK, MIA, SEA], total:-80.0)
0.0000009372% Iteration: 60,000,000. Elapsed: 5 minutes, 4.032 seconds Best pick: Pick(iteration:27558171, teams:[ARI, BAL, CAR, CIN, DET, GB, IND, SD, NYG, STL, MIN, SF, KC, NE, JAX, OAK, MIA, SEA], total:-80.0)
0.0000009528% Iteration: 61,000,000. Elapsed: 5 minutes, 9.249 seconds Best pick: Pick(iteration:27558171, teams:[ARI, BAL, CAR, CIN, DET, GB, IND, SD, NYG, STL, MIN, SF, KC, NE, JAX, OAK, MIA, SEA], total:-80.0)
0.0000009684% Iteration: 62,000,000. Elapsed: 5 minutes, 14.399 seconds Best pick: Pick(iteration:27558171, teams:[ARI, BAL, CAR, CIN, DET, GB, IND, SD, NYG, STL, MIN, SF, KC, NE, JAX, OAK, MIA, SEA], total:-80.0)
0.0000009840% Iteration: 63,000,000. Elapsed: 5 minutes, 19.695 seconds Best pick: Pick(iteration:27558171, teams:[ARI, BAL, CAR, CIN, DET, GB, IND, SD, NYG, STL, MIN, SF, KC, NE, JAX, OAK, MIA, SEA], total:-80.0)
0.0000009996% Iteration: 64,000,000. Elapsed: 5 minutes, 24.842 seconds Best pick: Pick(iteration:27558171, teams:[ARI, BAL, CAR, CIN, DET, GB, IND, SD, NYG, STL, MIN, SF, KC, NE, JAX, OAK, MIA, SEA], total:-80.0)
0.0000010152% Iteration: 65,000,000. Elapsed: 5 minutes, 29.897 seconds Best pick: Pick(iteration:27558171, teams:[ARI, BAL, CAR, CIN, DET, GB, IND, SD, NYG, STL, MIN, SF, KC, NE, JAX, OAK, MIA, SEA], total:-80.0)
0.0000010309% Iteration: 66,000,000. Elapsed: 5 minutes, 34.897 seconds Best pick: Pick(iteration:27558171, teams:[ARI, BAL, CAR, CIN, DET, GB, IND, SD, NYG, STL, MIN, SF, KC, NE, JAX, OAK, MIA, SEA], total:-80.0)
0.0000010465% Iteration: 67,000,000. Elapsed: 5 minutes, 40.174 seconds Best pick: Pick(iteration:27558171, teams:[ARI, BAL, CAR, CIN, DET, GB, IND, SD, NYG, STL, MIN, SF, KC, NE, JAX, OAK, MIA, SEA], total:-80.0)
0.0000010621% Iteration: 68,000,000. Elapsed: 5 minutes, 45.376 seconds Best pick: Pick(iteration:27558171, teams:[ARI, BAL, CAR, CIN, DET, GB, IND, SD, NYG, STL, MIN, SF, KC, NE, JAX, OAK, MIA, SEA], total:-80.0)
0.0000010777% Iteration: 69,000,000. Elapsed: 5 minutes, 50.543 seconds Best pick: Pick(iteration:27558171, teams:[ARI, BAL, CAR, CIN, DET, GB, IND, SD, NYG, STL, MIN, SF, KC, NE, JAX, OAK, MIA, SEA], total:-80.0)
0.0000010933% Iteration: 70,000,000. Elapsed: 5 minutes, 55.849 seconds Best pick: Pick(iteration:27558171, teams:[ARI, BAL, CAR, CIN, DET, GB, IND, SD, NYG, STL, MIN, SF, KC, NE, JAX, OAK, MIA, SEA], total:-80.0)
0.0000011090% Iteration: 71,000,000. Elapsed: 6 minutes, 1.232 seconds Best pick: Pick(iteration:27558171, teams:[ARI, BAL, CAR, CIN, DET, GB, IND, SD, NYG, STL, MIN, SF, KC, NE, JAX, OAK, MIA, SEA], total:-80.0)
0.0000011246% Iteration: 72,000,000. Elapsed: 6 minutes, 6.539 seconds Best pick: Pick(iteration:27558171, teams:[ARI, BAL, CAR, CIN, DET, GB, IND, SD, NYG, STL, MIN, SF, KC, NE, JAX, OAK, MIA, SEA], total:-80.0)
0.0000011402% Iteration: 73,000,000. Elapsed: 6 minutes, 11.795 seconds Best pick: Pick(iteration:27558171, teams:[ARI, BAL, CAR, CIN, DET, GB, IND, SD, NYG, STL, MIN, SF, KC, NE, JAX, OAK, MIA, SEA], total:-80.0)
0.0000011558% Iteration: 74,000,000. Elapsed: 6 minutes, 16.960 seconds Best pick: Pick(iteration:27558171, teams:[ARI, BAL, CAR, CIN, DET, GB, IND, SD, NYG, STL, MIN, SF, KC, NE, JAX, OAK, MIA, SEA], total:-80.0)
0.0000011714% Iteration: 75,000,000. Elapsed: 6 minutes, 21.989 seconds Best pick: Pick(iteration:27558171, teams:[ARI, BAL, CAR, CIN, DET, GB, IND, SD, NYG, STL, MIN, SF, KC, NE, JAX, OAK, MIA, SEA], total:-80.0)
0.0000011871% Iteration: 76,000,000. Elapsed: 6 minutes, 27.059 seconds Best pick: Pick(iteration:27558171, teams:[ARI, BAL, CAR, CIN, DET, GB, IND, SD, NYG, STL, MIN, SF, KC, NE, JAX, OAK, MIA, SEA], total:-80.0)
0.0000012027% Iteration: 77,000,000. Elapsed: 6 minutes, 32.052 seconds Best pick: Pick(iteration:27558171, teams:[ARI, BAL, CAR, CIN, DET, GB, IND, SD, NYG, STL, MIN, SF, KC, NE, JAX, OAK, MIA, SEA], total:-80.0)
0.0000012183% Iteration: 78,000,000. Elapsed: 6 minutes, 37.208 seconds Best pick: Pick(iteration:27558171, teams:[ARI, BAL, CAR, CIN, DET, GB, IND, SD, NYG, STL, MIN, SF, KC, NE, JAX, OAK, MIA, SEA], total:-80.0)
0.0000012339% Iteration: 79,000,000. Elapsed: 6 minutes, 42.338 seconds Best pick: Pick(iteration:27558171, teams:[ARI, BAL, CAR, CIN, DET, GB, IND, SD, NYG, STL, MIN, SF, KC, NE, JAX, OAK, MIA, SEA], total:-80.0)
0.0000012495% Iteration: 80,000,000. Elapsed: 6 minutes, 47.399 seconds Best pick: Pick(iteration:27558171, teams:[ARI, BAL, CAR, CIN, DET, GB, IND, SD, NYG, STL, MIN, SF, KC, NE, JAX, OAK, MIA, SEA], total:-80.0)
0.0000012652% Iteration: 81,000,000. Elapsed: 6 minutes, 52.485 seconds Best pick: Pick(iteration:27558171, teams:[ARI, BAL, CAR, CIN, DET, GB, IND, SD, NYG, STL, MIN, SF, KC, NE, JAX, OAK, MIA, SEA], total:-80.0)
0.0000012808% Iteration: 82,000,000. Elapsed: 6 minutes, 57.813 seconds Best pick: Pick(iteration:27558171, teams:[ARI, BAL, CAR, CIN, DET, GB, IND, SD, NYG, STL, MIN, SF, KC, NE, JAX, OAK, MIA, SEA], total:-80.0)
0.0000012964% Iteration: 83,000,000. Elapsed: 7 minutes, 3.079 seconds Best pick: Pick(iteration:27558171, teams:[ARI, BAL, CAR, CIN, DET, GB, IND, SD, NYG, STL, MIN, SF, KC, NE, JAX, OAK, MIA, SEA], total:-80.0)
0.0000013120% Iteration: 84,000,000. Elapsed: 7 minutes, 8.225 seconds Best pick: Pick(iteration:27558171, teams:[ARI, BAL, CAR, CIN, DET, GB, IND, SD, NYG, STL, MIN, SF, KC, NE, JAX, OAK, MIA, SEA], total:-80.0)
0.0000013276% Iteration: 85,000,000. Elapsed: 7 minutes, 13.312 seconds Best pick: Pick(iteration:27558171, teams:[ARI, BAL, CAR, CIN, DET, GB, IND, SD, NYG, STL, MIN, SF, KC, NE, JAX, OAK, MIA, SEA], total:-80.0)
0.0000013433% Iteration: 86,000,000. Elapsed: 7 minutes, 18.337 seconds Best pick: Pick(iteration:27558171, teams:[ARI, BAL, CAR, CIN, DET, GB, IND, SD, NYG, STL, MIN, SF, KC, NE, JAX, OAK, MIA, SEA], total:-80.0)
0.0000013589% Iteration: 87,000,000. Elapsed: 7 minutes, 23.462 seconds Best pick: Pick(iteration:27558171, teams:[ARI, BAL, CAR, CIN, DET, GB, IND, SD, NYG, STL, MIN, SF, KC, NE, JAX, OAK, MIA, SEA], total:-80.0)
0.0000013745% Iteration: 88,000,000. Elapsed: 7 minutes, 28.616 seconds Best pick: Pick(iteration:27558171, teams:[ARI, BAL, CAR, CIN, DET, GB, IND, SD, NYG, STL, MIN, SF, KC, NE, JAX, OAK, MIA, SEA], total:-80.0)
0.0000013901% Iteration: 89,000,000. Elapsed: 7 minutes, 33.708 seconds Best pick: Pick(iteration:27558171, teams:[ARI, BAL, CAR, CIN, DET, GB, IND, SD, NYG, STL, MIN, SF, KC, NE, JAX, OAK, MIA, SEA], total:-80.0)
0.0000014057% Iteration: 90,000,000. Elapsed: 7 minutes, 38.782 seconds Best pick: Pick(iteration:27558171, teams:[ARI, BAL, CAR, CIN, DET, GB, IND, SD, NYG, STL, MIN, SF, KC, NE, JAX, OAK, MIA, SEA], total:-80.0)
0.0000014213% Iteration: 91,000,000. Elapsed: 7 minutes, 43.881 seconds Best pick: Pick(iteration:27558171, teams:[ARI, BAL, CAR, CIN, DET, GB, IND, SD, NYG, STL, MIN, SF, KC, NE, JAX, OAK, MIA, SEA], total:-80.0)
0.0000014370% Iteration: 92,000,000. Elapsed: 7 minutes, 48.951 seconds Best pick: Pick(iteration:27558171, teams:[ARI, BAL, CAR, CIN, DET, GB, IND, SD, NYG, STL, MIN, SF, KC, NE, JAX, OAK, MIA, SEA], total:-80.0)
0.0000014526% Iteration: 93,000,000. Elapsed: 7 minutes, 54.032 seconds Best pick: Pick(iteration:27558171, teams:[ARI, BAL, CAR, CIN, DET, GB, IND, SD, NYG, STL, MIN, SF, KC, NE, JAX, OAK, MIA, SEA], total:-80.0)
0.0000014682% Iteration: 94,000,000. Elapsed: 7 minutes, 59.296 seconds Best pick: Pick(iteration:27558171, teams:[ARI, BAL, CAR, CIN, DET, GB, IND, SD, NYG, STL, MIN, SF, KC, NE, JAX, OAK, MIA, SEA], total:-80.0)
0.0000014838% Iteration: 95,000,000. Elapsed: 8 minutes, 4.634 seconds Best pick: Pick(iteration:27558171, teams:[ARI, BAL, CAR, CIN, DET, GB, IND, SD, NYG, STL, MIN, SF, KC, NE, JAX, OAK, MIA, SEA], total:-80.0)
0.0000014994% Iteration: 96,000,000. Elapsed: 8 minutes, 9.843 seconds Best pick: Pick(iteration:27558171, teams:[ARI, BAL, CAR, CIN, DET, GB, IND, SD, NYG, STL, MIN, SF, KC, NE, JAX, OAK, MIA, SEA], total:-80.0)
0.0000015151% Iteration: 97,000,000. Elapsed: 8 minutes, 15.049 seconds Best pick: Pick(iteration:27558171, teams:[ARI, BAL, CAR, CIN, DET, GB, IND, SD, NYG, STL, MIN, SF, KC, NE, JAX, OAK, MIA, SEA], total:-80.0)
0.0000015307% Iteration: 98,000,000. Elapsed: 8 minutes, 19.925 seconds Best pick: Pick(iteration:27558171, teams:[ARI, BAL, CAR, CIN, DET, GB, IND, SD, NYG, STL, MIN, SF, KC, NE, JAX, OAK, MIA, SEA], total:-80.0)
0.0000015463% Iteration: 99,000,000. Elapsed: 8 minutes, 24.822 seconds Best pick: Pick(iteration:27558171, teams:[ARI, BAL, CAR, CIN, DET, GB, IND, SD, NYG, STL, MIN, SF, KC, NE, JAX, OAK, MIA, SEA], total:-80.0)
0.0000015619% Iteration: 100,000,000. Elapsed: 8 minutes, 30.135 seconds Best pick: Pick(iteration:27558171, teams:[ARI, BAL, CAR, CIN, DET, GB, IND, SD, NYG, STL, MIN, SF, KC, NE, JAX, OAK, MIA, SEA], total:-80.0)
0.0000015775% Iteration: 101,000,000. Elapsed: 8 minutes, 35.327 seconds Best pick: Pick(iteration:27558171, teams:[ARI, BAL, CAR, CIN, DET, GB, IND, SD, NYG, STL, MIN, SF, KC, NE, JAX, OAK, MIA, SEA], total:-80.0)
0.0000015932% Iteration: 102,000,000. Elapsed: 8 minutes, 40.595 seconds Best pick: Pick(iteration:27558171, teams:[ARI, BAL, CAR, CIN, DET, GB, IND, SD, NYG, STL, MIN, SF, KC, NE, JAX, OAK, MIA, SEA], total:-80.0)
0.0000016088% Iteration: 103,000,000. Elapsed: 8 minutes, 45.888 seconds Best pick: Pick(iteration:27558171, teams:[ARI, BAL, CAR, CIN, DET, GB, IND, SD, NYG, STL, MIN, SF, KC, NE, JAX, OAK, MIA, SEA], total:-80.0)
0.0000016244% Iteration: 104,000,000. Elapsed: 8 minutes, 51.208 seconds Best pick: Pick(iteration:27558171, teams:[ARI, BAL, CAR, CIN, DET, GB, IND, SD, NYG, STL, MIN, SF, KC, NE, JAX, OAK, MIA, SEA], total:-80.0)
0.0000016400% Iteration: 105,000,000. Elapsed: 8 minutes, 56.308 seconds Best pick: Pick(iteration:27558171, teams:[ARI, BAL, CAR, CIN, DET, GB, IND, SD, NYG, STL, MIN, SF, KC, NE, JAX, OAK, MIA, SEA], total:-80.0)
0.0000016556% Iteration: 106,000,000. Elapsed: 9 minutes, 1.355 seconds Best pick: Pick(iteration:27558171, teams:[ARI, BAL, CAR, CIN, DET, GB, IND, SD, NYG, STL, MIN, SF, KC, NE, JAX, OAK, MIA, SEA], total:-80.0)
0.0000016713% Iteration: 107,000,000. Elapsed: 9 minutes, 6.554 seconds Best pick: Pick(iteration:27558171, teams:[ARI, BAL, CAR, CIN, DET, GB, IND, SD, NYG, STL, MIN, SF, KC, NE, JAX, OAK, MIA, SEA], total:-80.0)
0.0000016869% Iteration: 108,000,000. Elapsed: 9 minutes, 11.816 seconds Best pick: Pick(iteration:27558171, teams:[ARI, BAL, CAR, CIN, DET, GB, IND, SD, NYG, STL, MIN, SF, KC, NE, JAX, OAK, MIA, SEA], total:-80.0)
0.0000017025% Iteration: 109,000,000. Elapsed: 9 minutes, 16.992 seconds Best pick: Pick(iteration:27558171, teams:[ARI, BAL, CAR, CIN, DET, GB, IND, SD, NYG, STL, MIN, SF, KC, NE, JAX, OAK, MIA, SEA], total:-80.0)
0.0000017181% Iteration: 110,000,000. Elapsed: 9 minutes, 22.177 seconds Best pick: Pick(iteration:27558171, teams:[ARI, BAL, CAR, CIN, DET, GB, IND, SD, NYG, STL, MIN, SF, KC, NE, JAX, OAK, MIA, SEA], total:-80.0)
0.0000017337% Iteration: 111,000,000. Elapsed: 9 minutes, 27.295 seconds Best pick: Pick(iteration:27558171, teams:[ARI, BAL, CAR, CIN, DET, GB, IND, SD, NYG, STL, MIN, SF, KC, NE, JAX, OAK, MIA, SEA], total:-80.0)
0.0000017494% Iteration: 112,000,000. Elapsed: 9 minutes, 32.521 seconds Best pick: Pick(iteration:27558171, teams:[ARI, BAL, CAR, CIN, DET, GB, IND, SD, NYG, STL, MIN, SF, KC, NE, JAX, OAK, MIA, SEA], total:-80.0)
0.0000017650% Iteration: 113,000,000. Elapsed: 9 minutes, 37.668 seconds Best pick: Pick(iteration:27558171, teams:[ARI, BAL, CAR, CIN, DET, GB, IND, SD, NYG, STL, MIN, SF, KC, NE, JAX, OAK, MIA, SEA], total:-80.0)
0.0000017806% Iteration: 114,000,000. Elapsed: 9 minutes, 42.847 seconds Best pick: Pick(iteration:27558171, teams:[ARI, BAL, CAR, CIN, DET, GB, IND, SD, NYG, STL, MIN, SF, KC, NE, JAX, OAK, MIA, SEA], total:-80.0)
0.0000017962% Iteration: 115,000,000. Elapsed: 9 minutes, 48.198 seconds Best pick: Pick(iteration:27558171, teams:[ARI, BAL, CAR, CIN, DET, GB, IND, SD, NYG, STL, MIN, SF, KC, NE, JAX, OAK, MIA, SEA], total:-80.0)
0.0000018118% Iteration: 116,000,000. Elapsed: 9 minutes, 53.404 seconds Best pick: Pick(iteration:27558171, teams:[ARI, BAL, CAR, CIN, DET, GB, IND, SD, NYG, STL, MIN, SF, KC, NE, JAX, OAK, MIA, SEA], total:-80.0)
0.0000018274% Iteration: 117,000,000. Elapsed: 9 minutes, 58.494 seconds Best pick: Pick(iteration:27558171, teams:[ARI, BAL, CAR, CIN, DET, GB, IND, SD, NYG, STL, MIN, SF, KC, NE, JAX, OAK, MIA, SEA], total:-80.0)
0.0000018431% Iteration: 118,000,000. Elapsed: 10 minutes, 3.810 seconds Best pick: Pick(iteration:27558171, teams:[ARI, BAL, CAR, CIN, DET, GB, IND, SD, NYG, STL, MIN, SF, KC, NE, JAX, OAK, MIA, SEA], total:-80.0)
0.0000018587% Iteration: 119,000,000. Elapsed: 10 minutes, 9.101 seconds Best pick: Pick(iteration:27558171, teams:[ARI, BAL, CAR, CIN, DET, GB, IND, SD, NYG, STL, MIN, SF, KC, NE, JAX, OAK, MIA, SEA], total:-80.0)
0.0000018743% Iteration: 120,000,000. Elapsed: 10 minutes, 14.276 seconds Best pick: Pick(iteration:27558171, teams:[ARI, BAL, CAR, CIN, DET, GB, IND, SD, NYG, STL, MIN, SF, KC, NE, JAX, OAK, MIA, SEA], total:-80.0)
0.0000018899% Iteration: 121,000,000. Elapsed: 10 minutes, 19.543 seconds Best pick: Pick(iteration:27558171, teams:[ARI, BAL, CAR, CIN, DET, GB, IND, SD, NYG, STL, MIN, SF, KC, NE, JAX, OAK, MIA, SEA], total:-80.0)
0.0000019055% Iteration: 122,000,000. Elapsed: 10 minutes, 24.808 seconds Best pick: Pick(iteration:27558171, teams:[ARI, BAL, CAR, CIN, DET, GB, IND, SD, NYG, STL, MIN, SF, KC, NE, JAX, OAK, MIA, SEA], total:-80.0)
0.0000019212% Iteration: 123,000,000. Elapsed: 10 minutes, 29.975 seconds Best pick: Pick(iteration:27558171, teams:[ARI, BAL, CAR, CIN, DET, GB, IND, SD, NYG, STL, MIN, SF, KC, NE, JAX, OAK, MIA, SEA], total:-80.0)
0.0000019368% Iteration: 124,000,000. Elapsed: 10 minutes, 35.221 seconds Best pick: Pick(iteration:27558171, teams:[ARI, BAL, CAR, CIN, DET, GB, IND, SD, NYG, STL, MIN, SF, KC, NE, JAX, OAK, MIA, SEA], total:-80.0)
0.0000019524% Iteration: 125,000,000. Elapsed: 10 minutes, 40.443 seconds Best pick: Pick(iteration:27558171, teams:[ARI, BAL, CAR, CIN, DET, GB, IND, SD, NYG, STL, MIN, SF, KC, NE, JAX, OAK, MIA, SEA], total:-80.0)
0.0000019680% Iteration: 126,000,000. Elapsed: 10 minutes, 45.639 seconds Best pick: Pick(iteration:27558171, teams:[ARI, BAL, CAR, CIN, DET, GB, IND, SD, NYG, STL, MIN, SF, KC, NE, JAX, OAK, MIA, SEA], total:-80.0)
0.0000019836% Iteration: 127,000,000. Elapsed: 10 minutes, 50.838 seconds Best pick: Pick(iteration:27558171, teams:[ARI, BAL, CAR, CIN, DET, GB, IND, SD, NYG, STL, MIN, SF, KC, NE, JAX, OAK, MIA, SEA], total:-80.0)
0.0000019993% Iteration: 128,000,000. Elapsed: 10 minutes, 56.003 seconds Best pick: Pick(iteration:27558171, teams:[ARI, BAL, CAR, CIN, DET, GB, IND, SD, NYG, STL, MIN, SF, KC, NE, JAX, OAK, MIA, SEA], total:-80.0)
0.0000020149% Iteration: 129,000,000. Elapsed: 11 minutes, 1.164 seconds Best pick: Pick(iteration:27558171, teams:[ARI, BAL, CAR, CIN, DET, GB, IND, SD, NYG, STL, MIN, SF, KC, NE, JAX, OAK, MIA, SEA], total:-80.0)
0.0000020305% Iteration: 130,000,000. Elapsed: 11 minutes, 6.304 seconds Best pick: Pick(iteration:27558171, teams:[ARI, BAL, CAR, CIN, DET, GB, IND, SD, NYG, STL, MIN, SF, KC, NE, JAX, OAK, MIA, SEA], total:-80.0)
0.0000020461% Iteration: 131,000,000. Elapsed: 11 minutes, 11.539 seconds Best pick: Pick(iteration:27558171, teams:[ARI, BAL, CAR, CIN, DET, GB, IND, SD, NYG, STL, MIN, SF, KC, NE, JAX, OAK, MIA, SEA], total:-80.0)
0.0000020617% Iteration: 132,000,000. Elapsed: 11 minutes, 16.666 seconds Best pick: Pick(iteration:27558171, teams:[ARI, BAL, CAR, CIN, DET, GB, IND, SD, NYG, STL, MIN, SF, KC, NE, JAX, OAK, MIA, SEA], total:-80.0)
0.0000020774% Iteration: 133,000,000. Elapsed: 11 minutes, 22.111 seconds Best pick: Pick(iteration:27558171, teams:[ARI, BAL, CAR, CIN, DET, GB, IND, SD, NYG, STL, MIN, SF, KC, NE, JAX, OAK, MIA, SEA], total:-80.0)
0.0000020930% Iteration: 134,000,000. Elapsed: 11 minutes, 27.264 seconds Best pick: Pick(iteration:27558171, teams:[ARI, BAL, CAR, CIN, DET, GB, IND, SD, NYG, STL, MIN, SF, KC, NE, JAX, OAK, MIA, SEA], total:-80.0)
0.0000021086% Iteration: 135,000,000. Elapsed: 11 minutes, 32.451 seconds Best pick: Pick(iteration:27558171, teams:[ARI, BAL, CAR, CIN, DET, GB, IND, SD, NYG, STL, MIN, SF, KC, NE, JAX, OAK, MIA, SEA], total:-80.0)
0.0000021242% Iteration: 136,000,000. Elapsed: 11 minutes, 37.528 seconds Best pick: Pick(iteration:27558171, teams:[ARI, BAL, CAR, CIN, DET, GB, IND, SD, NYG, STL, MIN, SF, KC, NE, JAX, OAK, MIA, SEA], total:-80.0)
0.0000021398% Iteration: 137,000,000. Elapsed: 11 minutes, 42.784 seconds Best pick: Pick(iteration:27558171, teams:[ARI, BAL, CAR, CIN, DET, GB, IND, SD, NYG, STL, MIN, SF, KC, NE, JAX, OAK, MIA, SEA], total:-80.0)
0.0000021555% Iteration: 138,000,000. Elapsed: 11 minutes, 48.007 seconds Best pick: Pick(iteration:27558171, teams:[ARI, BAL, CAR, CIN, DET, GB, IND, SD, NYG, STL, MIN, SF, KC, NE, JAX, OAK, MIA, SEA], total:-80.0)
0.0000021711% Iteration: 139,000,000. Elapsed: 11 minutes, 53.235 seconds Best pick: Pick(iteration:27558171, teams:[ARI, BAL, CAR, CIN, DET, GB, IND, SD, NYG, STL, MIN, SF, KC, NE, JAX, OAK, MIA, SEA], total:-80.0)
0.0000021867% Iteration: 140,000,000. Elapsed: 11 minutes, 58.466 seconds Best pick: Pick(iteration:27558171, teams:[ARI, BAL, CAR, CIN, DET, GB, IND, SD, NYG, STL, MIN, SF, KC, NE, JAX, OAK, MIA, SEA], total:-80.0)
0.0000022023% Iteration: 141,000,000. Elapsed: 12 minutes, 3.450 seconds Best pick: Pick(iteration:27558171, teams:[ARI, BAL, CAR, CIN, DET, GB, IND, SD, NYG, STL, MIN, SF, KC, NE, JAX, OAK, MIA, SEA], total:-80.0)
0.0000022179% Iteration: 142,000,000. Elapsed: 12 minutes, 8.279 seconds Best pick: Pick(iteration:27558171, teams:[ARI, BAL, CAR, CIN, DET, GB, IND, SD, NYG, STL, MIN, SF, KC, NE, JAX, OAK, MIA, SEA], total:-80.0)
0.0000022335% Iteration: 143,000,000. Elapsed: 12 minutes, 13.119 seconds Best pick: Pick(iteration:27558171, teams:[ARI, BAL, CAR, CIN, DET, GB, IND, SD, NYG, STL, MIN, SF, KC, NE, JAX, OAK, MIA, SEA], total:-80.0)
0.0000022492% Iteration: 144,000,000. Elapsed: 12 minutes, 18.178 seconds Best pick: Pick(iteration:27558171, teams:[ARI, BAL, CAR, CIN, DET, GB, IND, SD, NYG, STL, MIN, SF, KC, NE, JAX, OAK, MIA, SEA], total:-80.0)
0.0000022648% Iteration: 145,000,000. Elapsed: 12 minutes, 23.483 seconds Best pick: Pick(iteration:27558171, teams:[ARI, BAL, CAR, CIN, DET, GB, IND, SD, NYG, STL, MIN, SF, KC, NE, JAX, OAK, MIA, SEA], total:-80.0)
0.0000022804% Iteration: 146,000,000. Elapsed: 12 minutes, 28.598 seconds Best pick: Pick(iteration:27558171, teams:[ARI, BAL, CAR, CIN, DET, GB, IND, SD, NYG, STL, MIN, SF, KC, NE, JAX, OAK, MIA, SEA], total:-80.0)
0.0000022960% Iteration: 147,000,000. Elapsed: 12 minutes, 33.448 seconds Best pick: Pick(iteration:27558171, teams:[ARI, BAL, CAR, CIN, DET, GB, IND, SD, NYG, STL, MIN, SF, KC, NE, JAX, OAK, MIA, SEA], total:-80.0)
0.0000023116% Iteration: 148,000,000. Elapsed: 12 minutes, 38.602 seconds Best pick: Pick(iteration:27558171, teams:[ARI, BAL, CAR, CIN, DET, GB, IND, SD, NYG, STL, MIN, SF, KC, NE, JAX, OAK, MIA, SEA], total:-80.0)
0.0000023273% Iteration: 149,000,000. Elapsed: 12 minutes, 43.697 seconds Best pick: Pick(iteration:27558171, teams:[ARI, BAL, CAR, CIN, DET, GB, IND, SD, NYG, STL, MIN, SF, KC, NE, JAX, OAK, MIA, SEA], total:-80.0)
0.0000023429% Iteration: 150,000,000. Elapsed: 12 minutes, 48.814 seconds Best pick: Pick(iteration:27558171, teams:[ARI, BAL, CAR, CIN, DET, GB, IND, SD, NYG, STL, MIN, SF, KC, NE, JAX, OAK, MIA, SEA], total:-80.0)
0.0000023585% Iteration: 151,000,000. Elapsed: 12 minutes, 54.101 seconds Best pick: Pick(iteration:27558171, teams:[ARI, BAL, CAR, CIN, DET, GB, IND, SD, NYG, STL, MIN, SF, KC, NE, JAX, OAK, MIA, SEA], total:-80.0)
0.0000023741% Iteration: 152,000,000. Elapsed: 12 minutes, 59.327 seconds Best pick: Pick(iteration:27558171, teams:[ARI, BAL, CAR, CIN, DET, GB, IND, SD, NYG, STL, MIN, SF, KC, NE, JAX, OAK, MIA, SEA], total:-80.0)
0.0000023897% Iteration: 153,000,000. Elapsed: 13 minutes, 4.372 seconds Best pick: Pick(iteration:27558171, teams:[ARI, BAL, CAR, CIN, DET, GB, IND, SD, NYG, STL, MIN, SF, KC, NE, JAX, OAK, MIA, SEA], total:-80.0)
0.0000024054% Iteration: 154,000,000. Elapsed: 13 minutes, 9.498 seconds Best pick: Pick(iteration:27558171, teams:[ARI, BAL, CAR, CIN, DET, GB, IND, SD, NYG, STL, MIN, SF, KC, NE, JAX, OAK, MIA, SEA], total:-80.0)
0.0000024210% Iteration: 155,000,000. Elapsed: 13 minutes, 14.595 seconds Best pick: Pick(iteration:27558171, teams:[ARI, BAL, CAR, CIN, DET, GB, IND, SD, NYG, STL, MIN, SF, KC, NE, JAX, OAK, MIA, SEA], total:-80.0)
0.0000024366% Iteration: 156,000,000. Elapsed: 13 minutes, 19.652 seconds Best pick: Pick(iteration:27558171, teams:[ARI, BAL, CAR, CIN, DET, GB, IND, SD, NYG, STL, MIN, SF, KC, NE, JAX, OAK, MIA, SEA], total:-80.0)
0.0000024522% Iteration: 157,000,000. Elapsed: 13 minutes, 24.476 seconds Best pick: Pick(iteration:27558171, teams:[ARI, BAL, CAR, CIN, DET, GB, IND, SD, NYG, STL, MIN, SF, KC, NE, JAX, OAK, MIA, SEA], total:-80.0)
0.0000024678% Iteration: 158,000,000. Elapsed: 13 minutes, 29.600 seconds Best pick: Pick(iteration:27558171, teams:[ARI, BAL, CAR, CIN, DET, GB, IND, SD, NYG, STL, MIN, SF, KC, NE, JAX, OAK, MIA, SEA], total:-80.0)
0.0000024835% Iteration: 159,000,000. Elapsed: 13 minutes, 34.616 seconds Best pick: Pick(iteration:27558171, teams:[ARI, BAL, CAR, CIN, DET, GB, IND, SD, NYG, STL, MIN, SF, KC, NE, JAX, OAK, MIA, SEA], total:-80.0)
0.0000024991% Iteration: 160,000,000. Elapsed: 13 minutes, 39.668 seconds Best pick: Pick(iteration:27558171, teams:[ARI, BAL, CAR, CIN, DET, GB, IND, SD, NYG, STL, MIN, SF, KC, NE, JAX, OAK, MIA, SEA], total:-80.0)
0.0000025147% Iteration: 161,000,000. Elapsed: 13 minutes, 44.541 seconds Best pick: Pick(iteration:27558171, teams:[ARI, BAL, CAR, CIN, DET, GB, IND, SD, NYG, STL, MIN, SF, KC, NE, JAX, OAK, MIA, SEA], total:-80.0)
0.0000025303% Iteration: 162,000,000. Elapsed: 13 minutes, 49.406 seconds Best pick: Pick(iteration:27558171, teams:[ARI, BAL, CAR, CIN, DET, GB, IND, SD, NYG, STL, MIN, SF, KC, NE, JAX, OAK, MIA, SEA], total:-80.0)
0.0000025459% Iteration: 163,000,000. Elapsed: 13 minutes, 54.456 seconds Best pick: Pick(iteration:27558171, teams:[ARI, BAL, CAR, CIN, DET, GB, IND, SD, NYG, STL, MIN, SF, KC, NE, JAX, OAK, MIA, SEA], total:-80.0)
0.0000025615% Iteration: 164,000,000. Elapsed: 13 minutes, 59.407 seconds Best pick: Pick(iteration:27558171, teams:[ARI, BAL, CAR, CIN, DET, GB, IND, SD, NYG, STL, MIN, SF, KC, NE, JAX, OAK, MIA, SEA], total:-80.0)
0.0000025772% Iteration: 165,000,000. Elapsed: 14 minutes, 4.318 seconds Best pick: Pick(iteration:27558171, teams:[ARI, BAL, CAR, CIN, DET, GB, IND, SD, NYG, STL, MIN, SF, KC, NE, JAX, OAK, MIA, SEA], total:-80.0)
0.0000025928% Iteration: 166,000,000. Elapsed: 14 minutes, 9.380 seconds Best pick: Pick(iteration:27558171, teams:[ARI, BAL, CAR, CIN, DET, GB, IND, SD, NYG, STL, MIN, SF, KC, NE, JAX, OAK, MIA, SEA], total:-80.0)
0.0000026084% Iteration: 167,000,000. Elapsed: 14 minutes, 14.554 seconds Best pick: Pick(iteration:27558171, teams:[ARI, BAL, CAR, CIN, DET, GB, IND, SD, NYG, STL, MIN, SF, KC, NE, JAX, OAK, MIA, SEA], total:-80.0)
0.0000026240% Iteration: 168,000,000. Elapsed: 14 minutes, 19.772 seconds Best pick: Pick(iteration:27558171, teams:[ARI, BAL, CAR, CIN, DET, GB, IND, SD, NYG, STL, MIN, SF, KC, NE, JAX, OAK, MIA, SEA], total:-80.0)
0.0000026396% Iteration: 169,000,000. Elapsed: 14 minutes, 24.794 seconds Best pick: Pick(iteration:27558171, teams:[ARI, BAL, CAR, CIN, DET, GB, IND, SD, NYG, STL, MIN, SF, KC, NE, JAX, OAK, MIA, SEA], total:-80.0)
0.0000026553% Iteration: 170,000,000. Elapsed: 14 minutes, 29.840 seconds Best pick: Pick(iteration:27558171, teams:[ARI, BAL, CAR, CIN, DET, GB, IND, SD, NYG, STL, MIN, SF, KC, NE, JAX, OAK, MIA, SEA], total:-80.0)
0.0000026709% Iteration: 171,000,000. Elapsed: 14 minutes, 35.038 seconds Best pick: Pick(iteration:27558171, teams:[ARI, BAL, CAR, CIN, DET, GB, IND, SD, NYG, STL, MIN, SF, KC, NE, JAX, OAK, MIA, SEA], total:-80.0)
0.0000026865% Iteration: 172,000,000. Elapsed: 14 minutes, 40.241 seconds Best pick: Pick(iteration:27558171, teams:[ARI, BAL, CAR, CIN, DET, GB, IND, SD, NYG, STL, MIN, SF, KC, NE, JAX, OAK, MIA, SEA], total:-80.0)
0.0000027021% Iteration: 173,000,000. Elapsed: 14 minutes, 45.284 seconds Best pick: Pick(iteration:27558171, teams:[ARI, BAL, CAR, CIN, DET, GB, IND, SD, NYG, STL, MIN, SF, KC, NE, JAX, OAK, MIA, SEA], total:-80.0)
0.0000027177% Iteration: 174,000,000. Elapsed: 14 minutes, 50.354 seconds Best pick: Pick(iteration:27558171, teams:[ARI, BAL, CAR, CIN, DET, GB, IND, SD, NYG, STL, MIN, SF, KC, NE, JAX, OAK, MIA, SEA], total:-80.0)
0.0000027334% Iteration: 175,000,000. Elapsed: 14 minutes, 55.369 seconds Best pick: Pick(iteration:27558171, teams:[ARI, BAL, CAR, CIN, DET, GB, IND, SD, NYG, STL, MIN, SF, KC, NE, JAX, OAK, MIA, SEA], total:-80.0)
0.0000027490% Iteration: 176,000,000. Elapsed: 15 minutes, 0.542 seconds Best pick: Pick(iteration:27558171, teams:[ARI, BAL, CAR, CIN, DET, GB, IND, SD, NYG, STL, MIN, SF, KC, NE, JAX, OAK, MIA, SEA], total:-80.0)
0.0000027646% Iteration: 177,000,000. Elapsed: 15 minutes, 5.660 seconds Best pick: Pick(iteration:27558171, teams:[ARI, BAL, CAR, CIN, DET, GB, IND, SD, NYG, STL, MIN, SF, KC, NE, JAX, OAK, MIA, SEA], total:-80.0)
0.0000027802% Iteration: 178,000,000. Elapsed: 15 minutes, 10.976 seconds Best pick: Pick(iteration:27558171, teams:[ARI, BAL, CAR, CIN, DET, GB, IND, SD, NYG, STL, MIN, SF, KC, NE, JAX, OAK, MIA, SEA], total:-80.0)
0.0000027958% Iteration: 179,000,000. Elapsed: 15 minutes, 16.296 seconds Best pick: Pick(iteration:27558171, teams:[ARI, BAL, CAR, CIN, DET, GB, IND, SD, NYG, STL, MIN, SF, KC, NE, JAX, OAK, MIA, SEA], total:-80.0)
0.0000028115% Iteration: 180,000,000. Elapsed: 15 minutes, 21.571 seconds Best pick: Pick(iteration:27558171, teams:[ARI, BAL, CAR, CIN, DET, GB, IND, SD, NYG, STL, MIN, SF, KC, NE, JAX, OAK, MIA, SEA], total:-80.0)
0.0000028271% Iteration: 181,000,000. Elapsed: 15 minutes, 26.779 seconds Best pick: Pick(iteration:27558171, teams:[ARI, BAL, CAR, CIN, DET, GB, IND, SD, NYG, STL, MIN, SF, KC, NE, JAX, OAK, MIA, SEA], total:-80.0)
0.0000028427% Iteration: 182,000,000. Elapsed: 15 minutes, 31.983 seconds Best pick: Pick(iteration:27558171, teams:[ARI, BAL, CAR, CIN, DET, GB, IND, SD, NYG, STL, MIN, SF, KC, NE, JAX, OAK, MIA, SEA], total:-80.0)
0.0000028583% Iteration: 183,000,000. Elapsed: 15 minutes, 36.878 seconds Best pick: Pick(iteration:27558171, teams:[ARI, BAL, CAR, CIN, DET, GB, IND, SD, NYG, STL, MIN, SF, KC, NE, JAX, OAK, MIA, SEA], total:-80.0)
0.0000028739% Iteration: 184,000,000. Elapsed: 15 minutes, 41.964 seconds Best pick: Pick(iteration:27558171, teams:[ARI, BAL, CAR, CIN, DET, GB, IND, SD, NYG, STL, MIN, SF, KC, NE, JAX, OAK, MIA, SEA], total:-80.0)
0.0000028896% Iteration: 185,000,000. Elapsed: 15 minutes, 47.036 seconds Best pick: Pick(iteration:27558171, teams:[ARI, BAL, CAR, CIN, DET, GB, IND, SD, NYG, STL, MIN, SF, KC, NE, JAX, OAK, MIA, SEA], total:-80.0)
0.0000029052% Iteration: 186,000,000. Elapsed: 15 minutes, 52.215 seconds Best pick: Pick(iteration:27558171, teams:[ARI, BAL, CAR, CIN, DET, GB, IND, SD, NYG, STL, MIN, SF, KC, NE, JAX, OAK, MIA, SEA], total:-80.0)
0.0000029208% Iteration: 187,000,000. Elapsed: 15 minutes, 57.309 seconds Best pick: Pick(iteration:27558171, teams:[ARI, BAL, CAR, CIN, DET, GB, IND, SD, NYG, STL, MIN, SF, KC, NE, JAX, OAK, MIA, SEA], total:-80.0)
0.0000029364% Iteration: 188,000,000. Elapsed: 16 minutes, 2.212 seconds Best pick: Pick(iteration:27558171, teams:[ARI, BAL, CAR, CIN, DET, GB, IND, SD, NYG, STL, MIN, SF, KC, NE, JAX, OAK, MIA, SEA], total:-80.0)
0.0000029520% Iteration: 189,000,000. Elapsed: 16 minutes, 7.097 seconds Best pick: Pick(iteration:27558171, teams:[ARI, BAL, CAR, CIN, DET, GB, IND, SD, NYG, STL, MIN, SF, KC, NE, JAX, OAK, MIA, SEA], total:-80.0)
0.0000029676% Iteration: 190,000,000. Elapsed: 16 minutes, 12.152 seconds Best pick: Pick(iteration:27558171, teams:[ARI, BAL, CAR, CIN, DET, GB, IND, SD, NYG, STL, MIN, SF, KC, NE, JAX, OAK, MIA, SEA], total:-80.0)
0.0000029833% Iteration: 191,000,000. Elapsed: 16 minutes, 17.197 seconds Best pick: Pick(iteration:27558171, teams:[ARI, BAL, CAR, CIN, DET, GB, IND, SD, NYG, STL, MIN, SF, KC, NE, JAX, OAK, MIA, SEA], total:-80.0)
0.0000029989% Iteration: 192,000,000. Elapsed: 16 minutes, 22.491 seconds Best pick: Pick(iteration:27558171, teams:[ARI, BAL, CAR, CIN, DET, GB, IND, SD, NYG, STL, MIN, SF, KC, NE, JAX, OAK, MIA, SEA], total:-80.0)
0.0000030145% Iteration: 193,000,000. Elapsed: 16 minutes, 27.694 seconds Best pick: Pick(iteration:27558171, teams:[ARI, BAL, CAR, CIN, DET, GB, IND, SD, NYG, STL, MIN, SF, KC, NE, JAX, OAK, MIA, SEA], total:-80.0)
0.0000030301% Iteration: 194,000,000. Elapsed: 16 minutes, 32.787 seconds Best pick: Pick(iteration:27558171, teams:[ARI, BAL, CAR, CIN, DET, GB, IND, SD, NYG, STL, MIN, SF, KC, NE, JAX, OAK, MIA, SEA], total:-80.0)
0.0000030457% Iteration: 195,000,000. Elapsed: 16 minutes, 37.840 seconds Best pick: Pick(iteration:27558171, teams:[ARI, BAL, CAR, CIN, DET, GB, IND, SD, NYG, STL, MIN, SF, KC, NE, JAX, OAK, MIA, SEA], total:-80.0)
0.0000030614% Iteration: 196,000,000. Elapsed: 16 minutes, 42.910 seconds Best pick: Pick(iteration:27558171, teams:[ARI, BAL, CAR, CIN, DET, GB, IND, SD, NYG, STL, MIN, SF, KC, NE, JAX, OAK, MIA, SEA], total:-80.0)
0.0000030770% Iteration: 197,000,000. Elapsed: 16 minutes, 48.091 seconds Best pick: Pick(iteration:27558171, teams:[ARI, BAL, CAR, CIN, DET, GB, IND, SD, NYG, STL, MIN, SF, KC, NE, JAX, OAK, MIA, SEA], total:-80.0)
