:compileJava UP-TO-DATE
:compileGroovy
:processResources UP-TO-DATE
:classes
:run
Start: Tue Sep 29 20:09:38 MDT 2015
This is week number 12
Working with 12 remaining teams.  479,001,600 permutations.
0.2087675780% Iteration: 1,000,000. Elapsed: 4.073 seconds Best pick: Pick(iteration:689957, teams:[BAL, CAR, IND, STL, DET, SF, KC, NYG, JAX, OAK, MIN, NE], total:936.5)
0.4175351560% Iteration: 2,000,000. Elapsed: 6.913 seconds Best pick: Pick(iteration:689957, teams:[BAL, CAR, IND, STL, DET, SF, KC, NYG, JAX, OAK, MIN, NE], total:936.5)
0.6263027191% Iteration: 3,000,000. Elapsed: 9.664 seconds Best pick: Pick(iteration:689957, teams:[BAL, CAR, IND, STL, DET, SF, KC, NYG, JAX, OAK, MIN, NE], total:936.5)
0.8350703120% Iteration: 4,000,000. Elapsed: 12.554 seconds Best pick: Pick(iteration:3971123, teams:[BAL, DET, CAR, STL, MIN, SF, KC, NYG, JAX, OAK, IND, NE], total:-37.0)
1.0438379049% Iteration: 5,000,000. Elapsed: 15.789 seconds Best pick: Pick(iteration:4343789, teams:[BAL, DET, IND, STL, NYG, SF, CAR, KC, JAX, OAK, MIN, NE], total:-43.5)
1.2526054382% Iteration: 6,000,000. Elapsed: 19.092 seconds Best pick: Pick(iteration:4343789, teams:[BAL, DET, IND, STL, NYG, SF, CAR, KC, JAX, OAK, MIN, NE], total:-43.5)
1.4613729715% Iteration: 7,000,000. Elapsed: 22.370 seconds Best pick: Pick(iteration:4343789, teams:[BAL, DET, IND, STL, NYG, SF, CAR, KC, JAX, OAK, MIN, NE], total:-43.5)
1.6701406240% Iteration: 8,000,000. Elapsed: 25.654 seconds Best pick: Pick(iteration:7972589, teams:[BAL, IND, DET, STL, NYG, SF, CAR, KC, JAX, OAK, MIN, NE], total:-59.0)
1.8789080381% Iteration: 9,000,000. Elapsed: 28.958 seconds Best pick: Pick(iteration:7972589, teams:[BAL, IND, DET, STL, NYG, SF, CAR, KC, JAX, OAK, MIN, NE], total:-59.0)
2.0876758099% Iteration: 10,000,000. Elapsed: 32.263 seconds Best pick: Pick(iteration:9766829, teams:[BAL, IND, NYG, STL, DET, SF, CAR, KC, JAX, OAK, MIN, NE], total:-65.0)
2.2964432240% Iteration: 11,000,000. Elapsed: 35.594 seconds Best pick: Pick(iteration:9766829, teams:[BAL, IND, NYG, STL, DET, SF, CAR, KC, JAX, OAK, MIN, NE], total:-65.0)
2.5052108765% Iteration: 12,000,000. Elapsed: 38.982 seconds Best pick: Pick(iteration:9766829, teams:[BAL, IND, NYG, STL, DET, SF, CAR, KC, JAX, OAK, MIN, NE], total:-65.0)
2.7139785290% Iteration: 13,000,000. Elapsed: 42.314 seconds Best pick: Pick(iteration:9766829, teams:[BAL, IND, NYG, STL, DET, SF, CAR, KC, JAX, OAK, MIN, NE], total:-65.0)
2.9227459431% Iteration: 14,000,000. Elapsed: 45.667 seconds Best pick: Pick(iteration:9766829, teams:[BAL, IND, NYG, STL, DET, SF, CAR, KC, JAX, OAK, MIN, NE], total:-65.0)
3.1315135956% Iteration: 15,000,000. Elapsed: 49.021 seconds Best pick: Pick(iteration:9766829, teams:[BAL, IND, NYG, STL, DET, SF, CAR, KC, JAX, OAK, MIN, NE], total:-65.0)
3.3402812481% Iteration: 16,000,000. Elapsed: 52.359 seconds Best pick: Pick(iteration:9766829, teams:[BAL, IND, NYG, STL, DET, SF, CAR, KC, JAX, OAK, MIN, NE], total:-65.0)
3.5490486622% Iteration: 17,000,000. Elapsed: 55.642 seconds Best pick: Pick(iteration:9766829, teams:[BAL, IND, NYG, STL, DET, SF, CAR, KC, JAX, OAK, MIN, NE], total:-65.0)
3.7578160763% Iteration: 18,000,000. Elapsed: 58.946 seconds Best pick: Pick(iteration:9766829, teams:[BAL, IND, NYG, STL, DET, SF, CAR, KC, JAX, OAK, MIN, NE], total:-65.0)
3.9665837288% Iteration: 19,000,000. Elapsed: 1 minutes, 2.363 seconds Best pick: Pick(iteration:9766829, teams:[BAL, IND, NYG, STL, DET, SF, CAR, KC, JAX, OAK, MIN, NE], total:-65.0)
4.1753516197% Iteration: 20,000,000. Elapsed: 1 minutes, 5.737 seconds Best pick: Pick(iteration:9766829, teams:[BAL, IND, NYG, STL, DET, SF, CAR, KC, JAX, OAK, MIN, NE], total:-65.0)
4.3841190338% Iteration: 21,000,000. Elapsed: 1 minutes, 9.214 seconds Best pick: Pick(iteration:9766829, teams:[BAL, IND, NYG, STL, DET, SF, CAR, KC, JAX, OAK, MIN, NE], total:-65.0)
4.5928864479% Iteration: 22,000,000. Elapsed: 1 minutes, 12.520 seconds Best pick: Pick(iteration:9766829, teams:[BAL, IND, NYG, STL, DET, SF, CAR, KC, JAX, OAK, MIN, NE], total:-65.0)
4.8016538620% Iteration: 23,000,000. Elapsed: 1 minutes, 15.838 seconds Best pick: Pick(iteration:9766829, teams:[BAL, IND, NYG, STL, DET, SF, CAR, KC, JAX, OAK, MIN, NE], total:-65.0)
5.0104217529% Iteration: 24,000,000. Elapsed: 1 minutes, 19.165 seconds Best pick: Pick(iteration:9766829, teams:[BAL, IND, NYG, STL, DET, SF, CAR, KC, JAX, OAK, MIN, NE], total:-65.0)
5.2191891670% Iteration: 25,000,000. Elapsed: 1 minutes, 22.462 seconds Best pick: Pick(iteration:9766829, teams:[BAL, IND, NYG, STL, DET, SF, CAR, KC, JAX, OAK, MIN, NE], total:-65.0)
5.4279570580% Iteration: 26,000,000. Elapsed: 1 minutes, 25.759 seconds Best pick: Pick(iteration:9766829, teams:[BAL, IND, NYG, STL, DET, SF, CAR, KC, JAX, OAK, MIN, NE], total:-65.0)
5.6367244720% Iteration: 27,000,000. Elapsed: 1 minutes, 29.044 seconds Best pick: Pick(iteration:9766829, teams:[BAL, IND, NYG, STL, DET, SF, CAR, KC, JAX, OAK, MIN, NE], total:-65.0)
5.8454918861% Iteration: 28,000,000. Elapsed: 1 minutes, 32.296 seconds Best pick: Pick(iteration:9766829, teams:[BAL, IND, NYG, STL, DET, SF, CAR, KC, JAX, OAK, MIN, NE], total:-65.0)
6.0542593002% Iteration: 29,000,000. Elapsed: 1 minutes, 35.581 seconds Best pick: Pick(iteration:9766829, teams:[BAL, IND, NYG, STL, DET, SF, CAR, KC, JAX, OAK, MIN, NE], total:-65.0)
6.2630271912% Iteration: 30,000,000. Elapsed: 1 minutes, 38.879 seconds Best pick: Pick(iteration:9766829, teams:[BAL, IND, NYG, STL, DET, SF, CAR, KC, JAX, OAK, MIN, NE], total:-65.0)
6.4717950821% Iteration: 31,000,000. Elapsed: 1 minutes, 42.199 seconds Best pick: Pick(iteration:9766829, teams:[BAL, IND, NYG, STL, DET, SF, CAR, KC, JAX, OAK, MIN, NE], total:-65.0)
6.6805624962% Iteration: 32,000,000. Elapsed: 1 minutes, 45.458 seconds Best pick: Pick(iteration:9766829, teams:[BAL, IND, NYG, STL, DET, SF, CAR, KC, JAX, OAK, MIN, NE], total:-65.0)
6.8893299103% Iteration: 33,000,000. Elapsed: 1 minutes, 48.782 seconds Best pick: Pick(iteration:9766829, teams:[BAL, IND, NYG, STL, DET, SF, CAR, KC, JAX, OAK, MIN, NE], total:-65.0)
7.0980973244% Iteration: 34,000,000. Elapsed: 1 minutes, 52.063 seconds Best pick: Pick(iteration:9766829, teams:[BAL, IND, NYG, STL, DET, SF, CAR, KC, JAX, OAK, MIN, NE], total:-65.0)
7.3068647385% Iteration: 35,000,000. Elapsed: 1 minutes, 55.425 seconds Best pick: Pick(iteration:9766829, teams:[BAL, IND, NYG, STL, DET, SF, CAR, KC, JAX, OAK, MIN, NE], total:-65.0)
7.5156321526% Iteration: 36,000,000. Elapsed: 1 minutes, 58.745 seconds Best pick: Pick(iteration:9766829, teams:[BAL, IND, NYG, STL, DET, SF, CAR, KC, JAX, OAK, MIN, NE], total:-65.0)
7.7244000435% Iteration: 37,000,000. Elapsed: 2 minutes, 2.093 seconds Best pick: Pick(iteration:9766829, teams:[BAL, IND, NYG, STL, DET, SF, CAR, KC, JAX, OAK, MIN, NE], total:-65.0)
7.9331674576% Iteration: 38,000,000. Elapsed: 2 minutes, 5.415 seconds Best pick: Pick(iteration:9766829, teams:[BAL, IND, NYG, STL, DET, SF, CAR, KC, JAX, OAK, MIN, NE], total:-65.0)
8.1419353485% Iteration: 39,000,000. Elapsed: 2 minutes, 8.701 seconds Best pick: Pick(iteration:9766829, teams:[BAL, IND, NYG, STL, DET, SF, CAR, KC, JAX, OAK, MIN, NE], total:-65.0)
8.3507032394% Iteration: 40,000,000. Elapsed: 2 minutes, 12.077 seconds Best pick: Pick(iteration:9766829, teams:[BAL, IND, NYG, STL, DET, SF, CAR, KC, JAX, OAK, MIN, NE], total:-65.0)
8.5594701767% Iteration: 41,000,000. Elapsed: 2 minutes, 14.843 seconds Best pick: Pick(iteration:9766829, teams:[BAL, IND, NYG, STL, DET, SF, CAR, KC, JAX, OAK, MIN, NE], total:-65.0)
8.7682380676% Iteration: 42,000,000. Elapsed: 2 minutes, 17.583 seconds Best pick: Pick(iteration:9766829, teams:[BAL, IND, NYG, STL, DET, SF, CAR, KC, JAX, OAK, MIN, NE], total:-65.0)
8.9770059586% Iteration: 43,000,000. Elapsed: 2 minutes, 20.336 seconds Best pick: Pick(iteration:9766829, teams:[BAL, IND, NYG, STL, DET, SF, CAR, KC, JAX, OAK, MIN, NE], total:-65.0)
9.1857728958% Iteration: 44,000,000. Elapsed: 2 minutes, 23.105 seconds Best pick: Pick(iteration:9766829, teams:[BAL, IND, NYG, STL, DET, SF, CAR, KC, JAX, OAK, MIN, NE], total:-65.0)
9.3945407867% Iteration: 45,000,000. Elapsed: 2 minutes, 25.866 seconds Best pick: Pick(iteration:9766829, teams:[BAL, IND, NYG, STL, DET, SF, CAR, KC, JAX, OAK, MIN, NE], total:-65.0)
9.6033077240% Iteration: 46,000,000. Elapsed: 2 minutes, 28.595 seconds Best pick: Pick(iteration:9766829, teams:[BAL, IND, NYG, STL, DET, SF, CAR, KC, JAX, OAK, MIN, NE], total:-65.0)
9.8120756149% Iteration: 47,000,000. Elapsed: 2 minutes, 31.361 seconds Best pick: Pick(iteration:9766829, teams:[BAL, IND, NYG, STL, DET, SF, CAR, KC, JAX, OAK, MIN, NE], total:-65.0)
10.0208435059% Iteration: 48,000,000. Elapsed: 2 minutes, 34.140 seconds Best pick: Pick(iteration:9766829, teams:[BAL, IND, NYG, STL, DET, SF, CAR, KC, JAX, OAK, MIN, NE], total:-65.0)
10.2296104431% Iteration: 49,000,000. Elapsed: 2 minutes, 36.900 seconds Best pick: Pick(iteration:9766829, teams:[BAL, IND, NYG, STL, DET, SF, CAR, KC, JAX, OAK, MIN, NE], total:-65.0)
10.4383783340% Iteration: 50,000,000. Elapsed: 2 minutes, 39.676 seconds Best pick: Pick(iteration:9766829, teams:[BAL, IND, NYG, STL, DET, SF, CAR, KC, JAX, OAK, MIN, NE], total:-65.0)
10.6471462250% Iteration: 51,000,000. Elapsed: 2 minutes, 42.432 seconds Best pick: Pick(iteration:9766829, teams:[BAL, IND, NYG, STL, DET, SF, CAR, KC, JAX, OAK, MIN, NE], total:-65.0)
10.8559141159% Iteration: 52,000,000. Elapsed: 2 minutes, 45.245 seconds Best pick: Pick(iteration:9766829, teams:[BAL, IND, NYG, STL, DET, SF, CAR, KC, JAX, OAK, MIN, NE], total:-65.0)
11.0646810532% Iteration: 53,000,000. Elapsed: 2 minutes, 48.014 seconds Best pick: Pick(iteration:9766829, teams:[BAL, IND, NYG, STL, DET, SF, CAR, KC, JAX, OAK, MIN, NE], total:-65.0)
11.2734489441% Iteration: 54,000,000. Elapsed: 2 minutes, 50.834 seconds Best pick: Pick(iteration:9766829, teams:[BAL, IND, NYG, STL, DET, SF, CAR, KC, JAX, OAK, MIN, NE], total:-65.0)
11.4822168350% Iteration: 55,000,000. Elapsed: 2 minutes, 53.618 seconds Best pick: Pick(iteration:9766829, teams:[BAL, IND, NYG, STL, DET, SF, CAR, KC, JAX, OAK, MIN, NE], total:-65.0)
11.6909837723% Iteration: 56,000,000. Elapsed: 2 minutes, 56.389 seconds Best pick: Pick(iteration:9766829, teams:[BAL, IND, NYG, STL, DET, SF, CAR, KC, JAX, OAK, MIN, NE], total:-65.0)
11.8997516632% Iteration: 57,000,000. Elapsed: 2 minutes, 59.178 seconds Best pick: Pick(iteration:9766829, teams:[BAL, IND, NYG, STL, DET, SF, CAR, KC, JAX, OAK, MIN, NE], total:-65.0)
12.1085186005% Iteration: 58,000,000. Elapsed: 3 minutes, 1.975 seconds Best pick: Pick(iteration:9766829, teams:[BAL, IND, NYG, STL, DET, SF, CAR, KC, JAX, OAK, MIN, NE], total:-65.0)
12.3172864914% Iteration: 59,000,000. Elapsed: 3 minutes, 4.723 seconds Best pick: Pick(iteration:9766829, teams:[BAL, IND, NYG, STL, DET, SF, CAR, KC, JAX, OAK, MIN, NE], total:-65.0)
12.5260543823% Iteration: 60,000,000. Elapsed: 3 minutes, 7.500 seconds Best pick: Pick(iteration:9766829, teams:[BAL, IND, NYG, STL, DET, SF, CAR, KC, JAX, OAK, MIN, NE], total:-65.0)
12.7348213196% Iteration: 61,000,000. Elapsed: 3 minutes, 10.248 seconds Best pick: Pick(iteration:9766829, teams:[BAL, IND, NYG, STL, DET, SF, CAR, KC, JAX, OAK, MIN, NE], total:-65.0)
12.9435901642% Iteration: 62,000,000. Elapsed: 3 minutes, 13.002 seconds Best pick: Pick(iteration:9766829, teams:[BAL, IND, NYG, STL, DET, SF, CAR, KC, JAX, OAK, MIN, NE], total:-65.0)
13.1523561478% Iteration: 63,000,000. Elapsed: 3 minutes, 15.769 seconds Best pick: Pick(iteration:9766829, teams:[BAL, IND, NYG, STL, DET, SF, CAR, KC, JAX, OAK, MIN, NE], total:-65.0)
13.3611249924% Iteration: 64,000,000. Elapsed: 3 minutes, 18.527 seconds Best pick: Pick(iteration:9766829, teams:[BAL, IND, NYG, STL, DET, SF, CAR, KC, JAX, OAK, MIN, NE], total:-65.0)
13.5698909760% Iteration: 65,000,000. Elapsed: 3 minutes, 21.283 seconds Best pick: Pick(iteration:9766829, teams:[BAL, IND, NYG, STL, DET, SF, CAR, KC, JAX, OAK, MIN, NE], total:-65.0)
13.7786598206% Iteration: 66,000,000. Elapsed: 3 minutes, 24.030 seconds Best pick: Pick(iteration:9766829, teams:[BAL, IND, NYG, STL, DET, SF, CAR, KC, JAX, OAK, MIN, NE], total:-65.0)
13.9874267578% Iteration: 67,000,000. Elapsed: 3 minutes, 26.762 seconds Best pick: Pick(iteration:9766829, teams:[BAL, IND, NYG, STL, DET, SF, CAR, KC, JAX, OAK, MIN, NE], total:-65.0)
14.1961946487% Iteration: 68,000,000. Elapsed: 3 minutes, 29.568 seconds Best pick: Pick(iteration:9766829, teams:[BAL, IND, NYG, STL, DET, SF, CAR, KC, JAX, OAK, MIN, NE], total:-65.0)
14.4049625397% Iteration: 69,000,000. Elapsed: 3 minutes, 32.312 seconds Best pick: Pick(iteration:9766829, teams:[BAL, IND, NYG, STL, DET, SF, CAR, KC, JAX, OAK, MIN, NE], total:-65.0)
14.6137294769% Iteration: 70,000,000. Elapsed: 3 minutes, 35.070 seconds Best pick: Pick(iteration:9766829, teams:[BAL, IND, NYG, STL, DET, SF, CAR, KC, JAX, OAK, MIN, NE], total:-65.0)
14.8224983215% Iteration: 71,000,000. Elapsed: 3 minutes, 37.831 seconds Best pick: Pick(iteration:9766829, teams:[BAL, IND, NYG, STL, DET, SF, CAR, KC, JAX, OAK, MIN, NE], total:-65.0)
15.0312643051% Iteration: 72,000,000. Elapsed: 3 minutes, 40.599 seconds Best pick: Pick(iteration:9766829, teams:[BAL, IND, NYG, STL, DET, SF, CAR, KC, JAX, OAK, MIN, NE], total:-65.0)
15.2400331497% Iteration: 73,000,000. Elapsed: 3 minutes, 43.360 seconds Best pick: Pick(iteration:9766829, teams:[BAL, IND, NYG, STL, DET, SF, CAR, KC, JAX, OAK, MIN, NE], total:-65.0)
15.4488000870% Iteration: 74,000,000. Elapsed: 3 minutes, 46.125 seconds Best pick: Pick(iteration:9766829, teams:[BAL, IND, NYG, STL, DET, SF, CAR, KC, JAX, OAK, MIN, NE], total:-65.0)
15.6575679779% Iteration: 75,000,000. Elapsed: 3 minutes, 48.894 seconds Best pick: Pick(iteration:9766829, teams:[BAL, IND, NYG, STL, DET, SF, CAR, KC, JAX, OAK, MIN, NE], total:-65.0)
15.8663349152% Iteration: 76,000,000. Elapsed: 3 minutes, 51.651 seconds Best pick: Pick(iteration:9766829, teams:[BAL, IND, NYG, STL, DET, SF, CAR, KC, JAX, OAK, MIN, NE], total:-65.0)
16.0751037598% Iteration: 77,000,000. Elapsed: 3 minutes, 54.389 seconds Best pick: Pick(iteration:9766829, teams:[BAL, IND, NYG, STL, DET, SF, CAR, KC, JAX, OAK, MIN, NE], total:-65.0)
16.2838706970% Iteration: 78,000,000. Elapsed: 3 minutes, 57.171 seconds Best pick: Pick(iteration:9766829, teams:[BAL, IND, NYG, STL, DET, SF, CAR, KC, JAX, OAK, MIN, NE], total:-65.0)
16.4926376343% Iteration: 79,000,000. Elapsed: 3 minutes, 59.920 seconds Best pick: Pick(iteration:9766829, teams:[BAL, IND, NYG, STL, DET, SF, CAR, KC, JAX, OAK, MIN, NE], total:-65.0)
16.7014064789% Iteration: 80,000,000. Elapsed: 4 minutes, 2.790 seconds Best pick: Pick(iteration:9766829, teams:[BAL, IND, NYG, STL, DET, SF, CAR, KC, JAX, OAK, MIN, NE], total:-65.0)
16.9101734161% Iteration: 81,000,000. Elapsed: 4 minutes, 6.100 seconds Best pick: Pick(iteration:9766829, teams:[BAL, IND, NYG, STL, DET, SF, CAR, KC, JAX, OAK, MIN, NE], total:-65.0)
17.1189403534% Iteration: 82,000,000. Elapsed: 4 minutes, 9.389 seconds Best pick: Pick(iteration:9766829, teams:[BAL, IND, NYG, STL, DET, SF, CAR, KC, JAX, OAK, MIN, NE], total:-65.0)
17.3277072906% Iteration: 83,000,000. Elapsed: 4 minutes, 12.710 seconds Best pick: Pick(iteration:9766829, teams:[BAL, IND, NYG, STL, DET, SF, CAR, KC, JAX, OAK, MIN, NE], total:-65.0)
17.5364761353% Iteration: 84,000,000. Elapsed: 4 minutes, 15.791 seconds Best pick: Pick(iteration:9766829, teams:[BAL, IND, NYG, STL, DET, SF, CAR, KC, JAX, OAK, MIN, NE], total:-65.0)
17.7452430725% Iteration: 85,000,000. Elapsed: 4 minutes, 18.586 seconds Best pick: Pick(iteration:9766829, teams:[BAL, IND, NYG, STL, DET, SF, CAR, KC, JAX, OAK, MIN, NE], total:-65.0)
17.9540119171% Iteration: 86,000,000. Elapsed: 4 minutes, 21.350 seconds Best pick: Pick(iteration:9766829, teams:[BAL, IND, NYG, STL, DET, SF, CAR, KC, JAX, OAK, MIN, NE], total:-65.0)
18.1627788544% Iteration: 87,000,000. Elapsed: 4 minutes, 24.135 seconds Best pick: Pick(iteration:9766829, teams:[BAL, IND, NYG, STL, DET, SF, CAR, KC, JAX, OAK, MIN, NE], total:-65.0)
18.3715457916% Iteration: 88,000,000. Elapsed: 4 minutes, 27.363 seconds Best pick: Pick(iteration:9766829, teams:[BAL, IND, NYG, STL, DET, SF, CAR, KC, JAX, OAK, MIN, NE], total:-65.0)
18.5803127289% Iteration: 89,000,000. Elapsed: 4 minutes, 30.665 seconds Best pick: Pick(iteration:9766829, teams:[BAL, IND, NYG, STL, DET, SF, CAR, KC, JAX, OAK, MIN, NE], total:-65.0)
18.7890815735% Iteration: 90,000,000. Elapsed: 4 minutes, 33.952 seconds Best pick: Pick(iteration:9766829, teams:[BAL, IND, NYG, STL, DET, SF, CAR, KC, JAX, OAK, MIN, NE], total:-65.0)
18.9978504181% Iteration: 91,000,000. Elapsed: 4 minutes, 37.250 seconds Best pick: Pick(iteration:9766829, teams:[BAL, IND, NYG, STL, DET, SF, CAR, KC, JAX, OAK, MIN, NE], total:-65.0)
19.2066154480% Iteration: 92,000,000. Elapsed: 4 minutes, 40.549 seconds Best pick: Pick(iteration:9766829, teams:[BAL, IND, NYG, STL, DET, SF, CAR, KC, JAX, OAK, MIN, NE], total:-65.0)
19.4153842926% Iteration: 93,000,000. Elapsed: 4 minutes, 43.852 seconds Best pick: Pick(iteration:9766829, teams:[BAL, IND, NYG, STL, DET, SF, CAR, KC, JAX, OAK, MIN, NE], total:-65.0)
19.6241512299% Iteration: 94,000,000. Elapsed: 4 minutes, 47.146 seconds Best pick: Pick(iteration:9766829, teams:[BAL, IND, NYG, STL, DET, SF, CAR, KC, JAX, OAK, MIN, NE], total:-65.0)
19.8329200745% Iteration: 95,000,000. Elapsed: 4 minutes, 50.439 seconds Best pick: Pick(iteration:9766829, teams:[BAL, IND, NYG, STL, DET, SF, CAR, KC, JAX, OAK, MIN, NE], total:-65.0)
20.0416870117% Iteration: 96,000,000. Elapsed: 4 minutes, 53.736 seconds Best pick: Pick(iteration:9766829, teams:[BAL, IND, NYG, STL, DET, SF, CAR, KC, JAX, OAK, MIN, NE], total:-65.0)
20.2504539490% Iteration: 97,000,000. Elapsed: 4 minutes, 57.078 seconds Best pick: Pick(iteration:9766829, teams:[BAL, IND, NYG, STL, DET, SF, CAR, KC, JAX, OAK, MIN, NE], total:-65.0)
20.4592208862% Iteration: 98,000,000. Elapsed: 5 minutes, 0.423 seconds Best pick: Pick(iteration:9766829, teams:[BAL, IND, NYG, STL, DET, SF, CAR, KC, JAX, OAK, MIN, NE], total:-65.0)
20.6679897308% Iteration: 99,000,000. Elapsed: 5 minutes, 3.731 seconds Best pick: Pick(iteration:9766829, teams:[BAL, IND, NYG, STL, DET, SF, CAR, KC, JAX, OAK, MIN, NE], total:-65.0)
20.8767566681% Iteration: 100,000,000. Elapsed: 5 minutes, 7.059 seconds Best pick: Pick(iteration:9766829, teams:[BAL, IND, NYG, STL, DET, SF, CAR, KC, JAX, OAK, MIN, NE], total:-65.0)
21.0855255127% Iteration: 101,000,000. Elapsed: 5 minutes, 10.361 seconds Best pick: Pick(iteration:9766829, teams:[BAL, IND, NYG, STL, DET, SF, CAR, KC, JAX, OAK, MIN, NE], total:-65.0)
21.2942924500% Iteration: 102,000,000. Elapsed: 5 minutes, 13.656 seconds Best pick: Pick(iteration:9766829, teams:[BAL, IND, NYG, STL, DET, SF, CAR, KC, JAX, OAK, MIN, NE], total:-65.0)
21.5030593872% Iteration: 103,000,000. Elapsed: 5 minutes, 16.937 seconds Best pick: Pick(iteration:9766829, teams:[BAL, IND, NYG, STL, DET, SF, CAR, KC, JAX, OAK, MIN, NE], total:-65.0)
21.7118282318% Iteration: 104,000,000. Elapsed: 5 minutes, 20.212 seconds Best pick: Pick(iteration:9766829, teams:[BAL, IND, NYG, STL, DET, SF, CAR, KC, JAX, OAK, MIN, NE], total:-65.0)
21.9205951691% Iteration: 105,000,000. Elapsed: 5 minutes, 23.542 seconds Best pick: Pick(iteration:9766829, teams:[BAL, IND, NYG, STL, DET, SF, CAR, KC, JAX, OAK, MIN, NE], total:-65.0)
22.1293621063% Iteration: 106,000,000. Elapsed: 5 minutes, 26.803 seconds Best pick: Pick(iteration:9766829, teams:[BAL, IND, NYG, STL, DET, SF, CAR, KC, JAX, OAK, MIN, NE], total:-65.0)
22.3381290436% Iteration: 107,000,000. Elapsed: 5 minutes, 30.153 seconds Best pick: Pick(iteration:9766829, teams:[BAL, IND, NYG, STL, DET, SF, CAR, KC, JAX, OAK, MIN, NE], total:-65.0)
22.5468978882% Iteration: 108,000,000. Elapsed: 5 minutes, 33.447 seconds Best pick: Pick(iteration:9766829, teams:[BAL, IND, NYG, STL, DET, SF, CAR, KC, JAX, OAK, MIN, NE], total:-65.0)
22.7556648254% Iteration: 109,000,000. Elapsed: 5 minutes, 36.739 seconds Best pick: Pick(iteration:9766829, teams:[BAL, IND, NYG, STL, DET, SF, CAR, KC, JAX, OAK, MIN, NE], total:-65.0)
22.9644336700% Iteration: 110,000,000. Elapsed: 5 minutes, 40.073 seconds Best pick: Pick(iteration:9766829, teams:[BAL, IND, NYG, STL, DET, SF, CAR, KC, JAX, OAK, MIN, NE], total:-65.0)
23.1731987000% Iteration: 111,000,000. Elapsed: 5 minutes, 43.374 seconds Best pick: Pick(iteration:9766829, teams:[BAL, IND, NYG, STL, DET, SF, CAR, KC, JAX, OAK, MIN, NE], total:-65.0)
23.3819675446% Iteration: 112,000,000. Elapsed: 5 minutes, 46.682 seconds Best pick: Pick(iteration:9766829, teams:[BAL, IND, NYG, STL, DET, SF, CAR, KC, JAX, OAK, MIN, NE], total:-65.0)
23.5907363892% Iteration: 113,000,000. Elapsed: 5 minutes, 49.988 seconds Best pick: Pick(iteration:9766829, teams:[BAL, IND, NYG, STL, DET, SF, CAR, KC, JAX, OAK, MIN, NE], total:-65.0)
23.7995033264% Iteration: 114,000,000. Elapsed: 5 minutes, 53.330 seconds Best pick: Pick(iteration:9766829, teams:[BAL, IND, NYG, STL, DET, SF, CAR, KC, JAX, OAK, MIN, NE], total:-65.0)
24.0082702637% Iteration: 115,000,000. Elapsed: 5 minutes, 56.641 seconds Best pick: Pick(iteration:9766829, teams:[BAL, IND, NYG, STL, DET, SF, CAR, KC, JAX, OAK, MIN, NE], total:-65.0)
24.2170372009% Iteration: 116,000,000. Elapsed: 5 minutes, 59.967 seconds Best pick: Pick(iteration:9766829, teams:[BAL, IND, NYG, STL, DET, SF, CAR, KC, JAX, OAK, MIN, NE], total:-65.0)
24.4258060455% Iteration: 117,000,000. Elapsed: 6 minutes, 3.259 seconds Best pick: Pick(iteration:9766829, teams:[BAL, IND, NYG, STL, DET, SF, CAR, KC, JAX, OAK, MIN, NE], total:-65.0)
24.6345729828% Iteration: 118,000,000. Elapsed: 6 minutes, 6.558 seconds Best pick: Pick(iteration:9766829, teams:[BAL, IND, NYG, STL, DET, SF, CAR, KC, JAX, OAK, MIN, NE], total:-65.0)
24.8433418274% Iteration: 119,000,000. Elapsed: 6 minutes, 9.856 seconds Best pick: Pick(iteration:9766829, teams:[BAL, IND, NYG, STL, DET, SF, CAR, KC, JAX, OAK, MIN, NE], total:-65.0)
25.0521087646% Iteration: 120,000,000. Elapsed: 6 minutes, 13.259 seconds Best pick: Pick(iteration:9766829, teams:[BAL, IND, NYG, STL, DET, SF, CAR, KC, JAX, OAK, MIN, NE], total:-65.0)
25.2608737946% Iteration: 121,000,000. Elapsed: 6 minutes, 16.560 seconds Best pick: Pick(iteration:9766829, teams:[BAL, IND, NYG, STL, DET, SF, CAR, KC, JAX, OAK, MIN, NE], total:-65.0)
25.4696426392% Iteration: 122,000,000. Elapsed: 6 minutes, 19.851 seconds Best pick: Pick(iteration:9766829, teams:[BAL, IND, NYG, STL, DET, SF, CAR, KC, JAX, OAK, MIN, NE], total:-65.0)
25.6784114838% Iteration: 123,000,000. Elapsed: 6 minutes, 23.209 seconds Best pick: Pick(iteration:9766829, teams:[BAL, IND, NYG, STL, DET, SF, CAR, KC, JAX, OAK, MIN, NE], total:-65.0)
25.8871803284% Iteration: 124,000,000. Elapsed: 6 minutes, 26.196 seconds Best pick: Pick(iteration:9766829, teams:[BAL, IND, NYG, STL, DET, SF, CAR, KC, JAX, OAK, MIN, NE], total:-65.0)
26.0959472656% Iteration: 125,000,000. Elapsed: 6 minutes, 29.017 seconds Best pick: Pick(iteration:9766829, teams:[BAL, IND, NYG, STL, DET, SF, CAR, KC, JAX, OAK, MIN, NE], total:-65.0)
26.3047122955% Iteration: 126,000,000. Elapsed: 6 minutes, 31.804 seconds Best pick: Pick(iteration:9766829, teams:[BAL, IND, NYG, STL, DET, SF, CAR, KC, JAX, OAK, MIN, NE], total:-65.0)
26.5134811401% Iteration: 127,000,000. Elapsed: 6 minutes, 34.623 seconds Best pick: Pick(iteration:9766829, teams:[BAL, IND, NYG, STL, DET, SF, CAR, KC, JAX, OAK, MIN, NE], total:-65.0)
26.7222499847% Iteration: 128,000,000. Elapsed: 6 minutes, 37.936 seconds Best pick: Pick(iteration:9766829, teams:[BAL, IND, NYG, STL, DET, SF, CAR, KC, JAX, OAK, MIN, NE], total:-65.0)
26.9310169220% Iteration: 129,000,000. Elapsed: 6 minutes, 41.233 seconds Best pick: Pick(iteration:9766829, teams:[BAL, IND, NYG, STL, DET, SF, CAR, KC, JAX, OAK, MIN, NE], total:-65.0)
27.1397819519% Iteration: 130,000,000. Elapsed: 6 minutes, 44.508 seconds Best pick: Pick(iteration:9766829, teams:[BAL, IND, NYG, STL, DET, SF, CAR, KC, JAX, OAK, MIN, NE], total:-65.0)
27.3485507965% Iteration: 131,000,000. Elapsed: 6 minutes, 47.803 seconds Best pick: Pick(iteration:9766829, teams:[BAL, IND, NYG, STL, DET, SF, CAR, KC, JAX, OAK, MIN, NE], total:-65.0)
27.5573196411% Iteration: 132,000,000. Elapsed: 6 minutes, 51.099 seconds Best pick: Pick(iteration:9766829, teams:[BAL, IND, NYG, STL, DET, SF, CAR, KC, JAX, OAK, MIN, NE], total:-65.0)
27.7660884857% Iteration: 133,000,000. Elapsed: 6 minutes, 54.455 seconds Best pick: Pick(iteration:9766829, teams:[BAL, IND, NYG, STL, DET, SF, CAR, KC, JAX, OAK, MIN, NE], total:-65.0)
27.9748535156% Iteration: 134,000,000. Elapsed: 6 minutes, 57.729 seconds Best pick: Pick(iteration:9766829, teams:[BAL, IND, NYG, STL, DET, SF, CAR, KC, JAX, OAK, MIN, NE], total:-65.0)
28.1836204529% Iteration: 135,000,000. Elapsed: 7 minutes, 1.016 seconds Best pick: Pick(iteration:134960477, teams:[IND, KC, CAR, STL, DET, SF, BAL, NYG, JAX, OAK, MIN, NE], total:-67.0)
28.3923892975% Iteration: 136,000,000. Elapsed: 7 minutes, 4.339 seconds Best pick: Pick(iteration:135333563, teams:[IND, KC, DET, STL, MIN, SF, CAR, NYG, JAX, OAK, BAL, NE], total:-68.5)
28.6011581421% Iteration: 137,000,000. Elapsed: 7 minutes, 7.612 seconds Best pick: Pick(iteration:136779845, teams:[IND, KC, NYG, STL, DET, SF, BAL, CAR, JAX, OAK, MIN, NE], total:-73.5)
28.8099250793% Iteration: 138,000,000. Elapsed: 7 minutes, 10.963 seconds Best pick: Pick(iteration:136779845, teams:[IND, KC, NYG, STL, DET, SF, BAL, CAR, JAX, OAK, MIN, NE], total:-73.5)
29.0186920166% Iteration: 139,000,000. Elapsed: 7 minutes, 14.270 seconds Best pick: Pick(iteration:136779845, teams:[IND, KC, NYG, STL, DET, SF, BAL, CAR, JAX, OAK, MIN, NE], total:-73.5)
29.2274589539% Iteration: 140,000,000. Elapsed: 7 minutes, 17.536 seconds Best pick: Pick(iteration:136779845, teams:[IND, KC, NYG, STL, DET, SF, BAL, CAR, JAX, OAK, MIN, NE], total:-73.5)
29.4362277985% Iteration: 141,000,000. Elapsed: 7 minutes, 20.842 seconds Best pick: Pick(iteration:136779845, teams:[IND, KC, NYG, STL, DET, SF, BAL, CAR, JAX, OAK, MIN, NE], total:-73.5)
29.6449966431% Iteration: 142,000,000. Elapsed: 7 minutes, 24.149 seconds Best pick: Pick(iteration:136779845, teams:[IND, KC, NYG, STL, DET, SF, BAL, CAR, JAX, OAK, MIN, NE], total:-73.5)
29.8537616730% Iteration: 143,000,000. Elapsed: 7 minutes, 27.480 seconds Best pick: Pick(iteration:136779845, teams:[IND, KC, NYG, STL, DET, SF, BAL, CAR, JAX, OAK, MIN, NE], total:-73.5)
30.0625286102% Iteration: 144,000,000. Elapsed: 7 minutes, 30.786 seconds Best pick: Pick(iteration:136779845, teams:[IND, KC, NYG, STL, DET, SF, BAL, CAR, JAX, OAK, MIN, NE], total:-73.5)
30.2712974548% Iteration: 145,000,000. Elapsed: 7 minutes, 34.087 seconds Best pick: Pick(iteration:136779845, teams:[IND, KC, NYG, STL, DET, SF, BAL, CAR, JAX, OAK, MIN, NE], total:-73.5)
30.4800662994% Iteration: 146,000,000. Elapsed: 7 minutes, 37.436 seconds Best pick: Pick(iteration:136779845, teams:[IND, KC, NYG, STL, DET, SF, BAL, CAR, JAX, OAK, MIN, NE], total:-73.5)
30.6888351440% Iteration: 147,000,000. Elapsed: 7 minutes, 40.712 seconds Best pick: Pick(iteration:136779845, teams:[IND, KC, NYG, STL, DET, SF, BAL, CAR, JAX, OAK, MIN, NE], total:-73.5)
30.8976001740% Iteration: 148,000,000. Elapsed: 7 minutes, 44.016 seconds Best pick: Pick(iteration:136779845, teams:[IND, KC, NYG, STL, DET, SF, BAL, CAR, JAX, OAK, MIN, NE], total:-73.5)
31.1063671112% Iteration: 149,000,000. Elapsed: 7 minutes, 47.340 seconds Best pick: Pick(iteration:136779845, teams:[IND, KC, NYG, STL, DET, SF, BAL, CAR, JAX, OAK, MIN, NE], total:-73.5)
31.3151359558% Iteration: 150,000,000. Elapsed: 7 minutes, 50.660 seconds Best pick: Pick(iteration:136779845, teams:[IND, KC, NYG, STL, DET, SF, BAL, CAR, JAX, OAK, MIN, NE], total:-73.5)
31.5239048004% Iteration: 151,000,000. Elapsed: 7 minutes, 53.941 seconds Best pick: Pick(iteration:136779845, teams:[IND, KC, NYG, STL, DET, SF, BAL, CAR, JAX, OAK, MIN, NE], total:-73.5)
31.7326698303% Iteration: 152,000,000. Elapsed: 7 minutes, 57.261 seconds Best pick: Pick(iteration:136779845, teams:[IND, KC, NYG, STL, DET, SF, BAL, CAR, JAX, OAK, MIN, NE], total:-73.5)
31.9414367676% Iteration: 153,000,000. Elapsed: 8 minutes, 0.564 seconds Best pick: Pick(iteration:136779845, teams:[IND, KC, NYG, STL, DET, SF, BAL, CAR, JAX, OAK, MIN, NE], total:-73.5)
32.1502075195% Iteration: 154,000,000. Elapsed: 8 minutes, 3.897 seconds Best pick: Pick(iteration:153481859, teams:[IND, SF, DET, STL, MIN, NYG, CAR, KC, JAX, OAK, BAL, NE], total:-74.0)
32.3589744568% Iteration: 155,000,000. Elapsed: 8 minutes, 7.155 seconds Best pick: Pick(iteration:154560419, teams:[IND, SF, MIN, STL, DET, NYG, CAR, KC, JAX, OAK, BAL, NE], total:-77.5)
32.5677413940% Iteration: 156,000,000. Elapsed: 8 minutes, 10.492 seconds Best pick: Pick(iteration:155285459, teams:[IND, SF, NYG, STL, DET, MIN, CAR, KC, JAX, OAK, BAL, NE], total:-80.0)
32.7765083313% Iteration: 157,000,000. Elapsed: 8 minutes, 13.812 seconds Best pick: Pick(iteration:155285459, teams:[IND, SF, NYG, STL, DET, MIN, CAR, KC, JAX, OAK, BAL, NE], total:-80.0)
32.9852752686% Iteration: 158,000,000. Elapsed: 8 minutes, 17.133 seconds Best pick: Pick(iteration:155285459, teams:[IND, SF, NYG, STL, DET, MIN, CAR, KC, JAX, OAK, BAL, NE], total:-80.0)
33.1940460205% Iteration: 159,000,000. Elapsed: 8 minutes, 20.523 seconds Best pick: Pick(iteration:155285459, teams:[IND, SF, NYG, STL, DET, MIN, CAR, KC, JAX, OAK, BAL, NE], total:-80.0)
33.4028129578% Iteration: 160,000,000. Elapsed: 8 minutes, 23.874 seconds Best pick: Pick(iteration:155285459, teams:[IND, SF, NYG, STL, DET, MIN, CAR, KC, JAX, OAK, BAL, NE], total:-80.0)
33.6115760803% Iteration: 161,000,000. Elapsed: 8 minutes, 27.149 seconds Best pick: Pick(iteration:155285459, teams:[IND, SF, NYG, STL, DET, MIN, CAR, KC, JAX, OAK, BAL, NE], total:-80.0)
33.8203468323% Iteration: 162,000,000. Elapsed: 8 minutes, 30.425 seconds Best pick: Pick(iteration:155285459, teams:[IND, SF, NYG, STL, DET, MIN, CAR, KC, JAX, OAK, BAL, NE], total:-80.0)
34.0291137695% Iteration: 163,000,000. Elapsed: 8 minutes, 33.754 seconds Best pick: Pick(iteration:155285459, teams:[IND, SF, NYG, STL, DET, MIN, CAR, KC, JAX, OAK, BAL, NE], total:-80.0)
34.2378807068% Iteration: 164,000,000. Elapsed: 8 minutes, 36.679 seconds Best pick: Pick(iteration:155285459, teams:[IND, SF, NYG, STL, DET, MIN, CAR, KC, JAX, OAK, BAL, NE], total:-80.0)
34.4466476440% Iteration: 165,000,000. Elapsed: 8 minutes, 39.472 seconds Best pick: Pick(iteration:155285459, teams:[IND, SF, NYG, STL, DET, MIN, CAR, KC, JAX, OAK, BAL, NE], total:-80.0)
34.6554145813% Iteration: 166,000,000. Elapsed: 8 minutes, 42.262 seconds Best pick: Pick(iteration:155285459, teams:[IND, SF, NYG, STL, DET, MIN, CAR, KC, JAX, OAK, BAL, NE], total:-80.0)
34.8641853333% Iteration: 167,000,000. Elapsed: 8 minutes, 45.079 seconds Best pick: Pick(iteration:155285459, teams:[IND, SF, NYG, STL, DET, MIN, CAR, KC, JAX, OAK, BAL, NE], total:-80.0)
35.0729522705% Iteration: 168,000,000. Elapsed: 8 minutes, 48.447 seconds Best pick: Pick(iteration:155285459, teams:[IND, SF, NYG, STL, DET, MIN, CAR, KC, JAX, OAK, BAL, NE], total:-80.0)
35.2817192078% Iteration: 169,000,000. Elapsed: 8 minutes, 51.768 seconds Best pick: Pick(iteration:155285459, teams:[IND, SF, NYG, STL, DET, MIN, CAR, KC, JAX, OAK, BAL, NE], total:-80.0)
35.4904861450% Iteration: 170,000,000. Elapsed: 8 minutes, 55.105 seconds Best pick: Pick(iteration:155285459, teams:[IND, SF, NYG, STL, DET, MIN, CAR, KC, JAX, OAK, BAL, NE], total:-80.0)
35.6992530823% Iteration: 171,000,000. Elapsed: 8 minutes, 58.423 seconds Best pick: Pick(iteration:155285459, teams:[IND, SF, NYG, STL, DET, MIN, CAR, KC, JAX, OAK, BAL, NE], total:-80.0)
35.9080238342% Iteration: 172,000,000. Elapsed: 9 minutes, 1.752 seconds Best pick: Pick(iteration:155285459, teams:[IND, SF, NYG, STL, DET, MIN, CAR, KC, JAX, OAK, BAL, NE], total:-80.0)
36.1167907715% Iteration: 173,000,000. Elapsed: 9 minutes, 5.074 seconds Best pick: Pick(iteration:155285459, teams:[IND, SF, NYG, STL, DET, MIN, CAR, KC, JAX, OAK, BAL, NE], total:-80.0)
36.3255577087% Iteration: 174,000,000. Elapsed: 9 minutes, 8.400 seconds Best pick: Pick(iteration:155285459, teams:[IND, SF, NYG, STL, DET, MIN, CAR, KC, JAX, OAK, BAL, NE], total:-80.0)
36.5343246460% Iteration: 175,000,000. Elapsed: 9 minutes, 11.742 seconds Best pick: Pick(iteration:155285459, teams:[IND, SF, NYG, STL, DET, MIN, CAR, KC, JAX, OAK, BAL, NE], total:-80.0)
36.7430915833% Iteration: 176,000,000. Elapsed: 9 minutes, 15.085 seconds Best pick: Pick(iteration:155285459, teams:[IND, SF, NYG, STL, DET, MIN, CAR, KC, JAX, OAK, BAL, NE], total:-80.0)
36.9518623352% Iteration: 177,000,000. Elapsed: 9 minutes, 18.386 seconds Best pick: Pick(iteration:155285459, teams:[IND, SF, NYG, STL, DET, MIN, CAR, KC, JAX, OAK, BAL, NE], total:-80.0)
37.1606254578% Iteration: 178,000,000. Elapsed: 9 minutes, 21.690 seconds Best pick: Pick(iteration:155285459, teams:[IND, SF, NYG, STL, DET, MIN, CAR, KC, JAX, OAK, BAL, NE], total:-80.0)
37.3693923950% Iteration: 179,000,000. Elapsed: 9 minutes, 25.012 seconds Best pick: Pick(iteration:155285459, teams:[IND, SF, NYG, STL, DET, MIN, CAR, KC, JAX, OAK, BAL, NE], total:-80.0)
37.5781631470% Iteration: 180,000,000. Elapsed: 9 minutes, 28.377 seconds Best pick: Pick(iteration:155285459, teams:[IND, SF, NYG, STL, DET, MIN, CAR, KC, JAX, OAK, BAL, NE], total:-80.0)
37.7869300842% Iteration: 181,000,000. Elapsed: 9 minutes, 31.661 seconds Best pick: Pick(iteration:155285459, teams:[IND, SF, NYG, STL, DET, MIN, CAR, KC, JAX, OAK, BAL, NE], total:-80.0)
37.9957008362% Iteration: 182,000,000. Elapsed: 9 minutes, 34.960 seconds Best pick: Pick(iteration:155285459, teams:[IND, SF, NYG, STL, DET, MIN, CAR, KC, JAX, OAK, BAL, NE], total:-80.0)
38.2044639587% Iteration: 183,000,000. Elapsed: 9 minutes, 38.261 seconds Best pick: Pick(iteration:155285459, teams:[IND, SF, NYG, STL, DET, MIN, CAR, KC, JAX, OAK, BAL, NE], total:-80.0)
38.4132308960% Iteration: 184,000,000. Elapsed: 9 minutes, 41.593 seconds Best pick: Pick(iteration:155285459, teams:[IND, SF, NYG, STL, DET, MIN, CAR, KC, JAX, OAK, BAL, NE], total:-80.0)
38.6220016479% Iteration: 185,000,000. Elapsed: 9 minutes, 44.956 seconds Best pick: Pick(iteration:155285459, teams:[IND, SF, NYG, STL, DET, MIN, CAR, KC, JAX, OAK, BAL, NE], total:-80.0)
38.8307685852% Iteration: 186,000,000. Elapsed: 9 minutes, 48.325 seconds Best pick: Pick(iteration:155285459, teams:[IND, SF, NYG, STL, DET, MIN, CAR, KC, JAX, OAK, BAL, NE], total:-80.0)
39.0395355225% Iteration: 187,000,000. Elapsed: 9 minutes, 51.695 seconds Best pick: Pick(iteration:155285459, teams:[IND, SF, NYG, STL, DET, MIN, CAR, KC, JAX, OAK, BAL, NE], total:-80.0)
39.2483024597% Iteration: 188,000,000. Elapsed: 9 minutes, 55.046 seconds Best pick: Pick(iteration:155285459, teams:[IND, SF, NYG, STL, DET, MIN, CAR, KC, JAX, OAK, BAL, NE], total:-80.0)
39.4570693970% Iteration: 189,000,000. Elapsed: 9 minutes, 58.343 seconds Best pick: Pick(iteration:155285459, teams:[IND, SF, NYG, STL, DET, MIN, CAR, KC, JAX, OAK, BAL, NE], total:-80.0)
39.6658401489% Iteration: 190,000,000. Elapsed: 10 minutes, 1.673 seconds Best pick: Pick(iteration:155285459, teams:[IND, SF, NYG, STL, DET, MIN, CAR, KC, JAX, OAK, BAL, NE], total:-80.0)
39.8746070862% Iteration: 191,000,000. Elapsed: 10 minutes, 4.973 seconds Best pick: Pick(iteration:155285459, teams:[IND, SF, NYG, STL, DET, MIN, CAR, KC, JAX, OAK, BAL, NE], total:-80.0)
40.0833740234% Iteration: 192,000,000. Elapsed: 10 minutes, 8.303 seconds Best pick: Pick(iteration:155285459, teams:[IND, SF, NYG, STL, DET, MIN, CAR, KC, JAX, OAK, BAL, NE], total:-80.0)
40.2921409607% Iteration: 193,000,000. Elapsed: 10 minutes, 11.607 seconds Best pick: Pick(iteration:155285459, teams:[IND, SF, NYG, STL, DET, MIN, CAR, KC, JAX, OAK, BAL, NE], total:-80.0)
40.5009078979% Iteration: 194,000,000. Elapsed: 10 minutes, 14.917 seconds Best pick: Pick(iteration:155285459, teams:[IND, SF, NYG, STL, DET, MIN, CAR, KC, JAX, OAK, BAL, NE], total:-80.0)
40.7096786499% Iteration: 195,000,000. Elapsed: 10 minutes, 18.200 seconds Best pick: Pick(iteration:155285459, teams:[IND, SF, NYG, STL, DET, MIN, CAR, KC, JAX, OAK, BAL, NE], total:-80.0)
40.9184417725% Iteration: 196,000,000. Elapsed: 10 minutes, 21.588 seconds Best pick: Pick(iteration:155285459, teams:[IND, SF, NYG, STL, DET, MIN, CAR, KC, JAX, OAK, BAL, NE], total:-80.0)
41.1272125244% Iteration: 197,000,000. Elapsed: 10 minutes, 24.909 seconds Best pick: Pick(iteration:155285459, teams:[IND, SF, NYG, STL, DET, MIN, CAR, KC, JAX, OAK, BAL, NE], total:-80.0)
41.3359794617% Iteration: 198,000,000. Elapsed: 10 minutes, 28.215 seconds Best pick: Pick(iteration:155285459, teams:[IND, SF, NYG, STL, DET, MIN, CAR, KC, JAX, OAK, BAL, NE], total:-80.0)
41.5447463989% Iteration: 199,000,000. Elapsed: 10 minutes, 31.540 seconds Best pick: Pick(iteration:155285459, teams:[IND, SF, NYG, STL, DET, MIN, CAR, KC, JAX, OAK, BAL, NE], total:-80.0)
41.7535133362% Iteration: 200,000,000. Elapsed: 10 minutes, 34.853 seconds Best pick: Pick(iteration:155285459, teams:[IND, SF, NYG, STL, DET, MIN, CAR, KC, JAX, OAK, BAL, NE], total:-80.0)
41.9622802734% Iteration: 201,000,000. Elapsed: 10 minutes, 38.163 seconds Best pick: Pick(iteration:155285459, teams:[IND, SF, NYG, STL, DET, MIN, CAR, KC, JAX, OAK, BAL, NE], total:-80.0)
42.1710510254% Iteration: 202,000,000. Elapsed: 10 minutes, 41.444 seconds Best pick: Pick(iteration:155285459, teams:[IND, SF, NYG, STL, DET, MIN, CAR, KC, JAX, OAK, BAL, NE], total:-80.0)
42.3798179626% Iteration: 203,000,000. Elapsed: 10 minutes, 44.750 seconds Best pick: Pick(iteration:155285459, teams:[IND, SF, NYG, STL, DET, MIN, CAR, KC, JAX, OAK, BAL, NE], total:-80.0)
42.5885848999% Iteration: 204,000,000. Elapsed: 10 minutes, 47.636 seconds Best pick: Pick(iteration:155285459, teams:[IND, SF, NYG, STL, DET, MIN, CAR, KC, JAX, OAK, BAL, NE], total:-80.0)
42.7973518372% Iteration: 205,000,000. Elapsed: 10 minutes, 50.392 seconds Best pick: Pick(iteration:155285459, teams:[IND, SF, NYG, STL, DET, MIN, CAR, KC, JAX, OAK, BAL, NE], total:-80.0)
43.0061187744% Iteration: 206,000,000. Elapsed: 10 minutes, 53.200 seconds Best pick: Pick(iteration:155285459, teams:[IND, SF, NYG, STL, DET, MIN, CAR, KC, JAX, OAK, BAL, NE], total:-80.0)
43.2148857117% Iteration: 207,000,000. Elapsed: 10 minutes, 56.072 seconds Best pick: Pick(iteration:155285459, teams:[IND, SF, NYG, STL, DET, MIN, CAR, KC, JAX, OAK, BAL, NE], total:-80.0)
43.4236564636% Iteration: 208,000,000. Elapsed: 10 minutes, 59.382 seconds Best pick: Pick(iteration:155285459, teams:[IND, SF, NYG, STL, DET, MIN, CAR, KC, JAX, OAK, BAL, NE], total:-80.0)
43.6324195862% Iteration: 209,000,000. Elapsed: 11 minutes, 2.658 seconds Best pick: Pick(iteration:155285459, teams:[IND, SF, NYG, STL, DET, MIN, CAR, KC, JAX, OAK, BAL, NE], total:-80.0)
43.8411903381% Iteration: 210,000,000. Elapsed: 11 minutes, 5.987 seconds Best pick: Pick(iteration:155285459, teams:[IND, SF, NYG, STL, DET, MIN, CAR, KC, JAX, OAK, BAL, NE], total:-80.0)
44.0499572754% Iteration: 211,000,000. Elapsed: 11 minutes, 9.313 seconds Best pick: Pick(iteration:155285459, teams:[IND, SF, NYG, STL, DET, MIN, CAR, KC, JAX, OAK, BAL, NE], total:-80.0)
44.2587242126% Iteration: 212,000,000. Elapsed: 11 minutes, 12.633 seconds Best pick: Pick(iteration:155285459, teams:[IND, SF, NYG, STL, DET, MIN, CAR, KC, JAX, OAK, BAL, NE], total:-80.0)
44.4674911499% Iteration: 213,000,000. Elapsed: 11 minutes, 15.915 seconds Best pick: Pick(iteration:155285459, teams:[IND, SF, NYG, STL, DET, MIN, CAR, KC, JAX, OAK, BAL, NE], total:-80.0)
44.6762580872% Iteration: 214,000,000. Elapsed: 11 minutes, 19.251 seconds Best pick: Pick(iteration:155285459, teams:[IND, SF, NYG, STL, DET, MIN, CAR, KC, JAX, OAK, BAL, NE], total:-80.0)
44.8850288391% Iteration: 215,000,000. Elapsed: 11 minutes, 22.548 seconds Best pick: Pick(iteration:155285459, teams:[IND, SF, NYG, STL, DET, MIN, CAR, KC, JAX, OAK, BAL, NE], total:-80.0)
45.0937957764% Iteration: 216,000,000. Elapsed: 11 minutes, 25.823 seconds Best pick: Pick(iteration:155285459, teams:[IND, SF, NYG, STL, DET, MIN, CAR, KC, JAX, OAK, BAL, NE], total:-80.0)
45.3025627136% Iteration: 217,000,000. Elapsed: 11 minutes, 29.132 seconds Best pick: Pick(iteration:155285459, teams:[IND, SF, NYG, STL, DET, MIN, CAR, KC, JAX, OAK, BAL, NE], total:-80.0)
45.5113296509% Iteration: 218,000,000. Elapsed: 11 minutes, 32.474 seconds Best pick: Pick(iteration:155285459, teams:[IND, SF, NYG, STL, DET, MIN, CAR, KC, JAX, OAK, BAL, NE], total:-80.0)
45.7200965881% Iteration: 219,000,000. Elapsed: 11 minutes, 35.735 seconds Best pick: Pick(iteration:155285459, teams:[IND, SF, NYG, STL, DET, MIN, CAR, KC, JAX, OAK, BAL, NE], total:-80.0)
45.9288673401% Iteration: 220,000,000. Elapsed: 11 minutes, 39.026 seconds Best pick: Pick(iteration:155285459, teams:[IND, SF, NYG, STL, DET, MIN, CAR, KC, JAX, OAK, BAL, NE], total:-80.0)
46.1376342773% Iteration: 221,000,000. Elapsed: 11 minutes, 42.379 seconds Best pick: Pick(iteration:155285459, teams:[IND, SF, NYG, STL, DET, MIN, CAR, KC, JAX, OAK, BAL, NE], total:-80.0)
46.3463973999% Iteration: 222,000,000. Elapsed: 11 minutes, 45.684 seconds Best pick: Pick(iteration:155285459, teams:[IND, SF, NYG, STL, DET, MIN, CAR, KC, JAX, OAK, BAL, NE], total:-80.0)
46.5551681519% Iteration: 223,000,000. Elapsed: 11 minutes, 48.995 seconds Best pick: Pick(iteration:155285459, teams:[IND, SF, NYG, STL, DET, MIN, CAR, KC, JAX, OAK, BAL, NE], total:-80.0)
46.7639350891% Iteration: 224,000,000. Elapsed: 11 minutes, 52.305 seconds Best pick: Pick(iteration:155285459, teams:[IND, SF, NYG, STL, DET, MIN, CAR, KC, JAX, OAK, BAL, NE], total:-80.0)
46.9727020264% Iteration: 225,000,000. Elapsed: 11 minutes, 55.637 seconds Best pick: Pick(iteration:155285459, teams:[IND, SF, NYG, STL, DET, MIN, CAR, KC, JAX, OAK, BAL, NE], total:-80.0)
47.1814727783% Iteration: 226,000,000. Elapsed: 11 minutes, 58.931 seconds Best pick: Pick(iteration:155285459, teams:[IND, SF, NYG, STL, DET, MIN, CAR, KC, JAX, OAK, BAL, NE], total:-80.0)
47.3902359009% Iteration: 227,000,000. Elapsed: 12 minutes, 2.219 seconds Best pick: Pick(iteration:155285459, teams:[IND, SF, NYG, STL, DET, MIN, CAR, KC, JAX, OAK, BAL, NE], total:-80.0)
47.5990066528% Iteration: 228,000,000. Elapsed: 12 minutes, 5.539 seconds Best pick: Pick(iteration:155285459, teams:[IND, SF, NYG, STL, DET, MIN, CAR, KC, JAX, OAK, BAL, NE], total:-80.0)
47.8077735901% Iteration: 229,000,000. Elapsed: 12 minutes, 8.850 seconds Best pick: Pick(iteration:155285459, teams:[IND, SF, NYG, STL, DET, MIN, CAR, KC, JAX, OAK, BAL, NE], total:-80.0)
48.0165405273% Iteration: 230,000,000. Elapsed: 12 minutes, 12.193 seconds Best pick: Pick(iteration:155285459, teams:[IND, SF, NYG, STL, DET, MIN, CAR, KC, JAX, OAK, BAL, NE], total:-80.0)
48.2253074646% Iteration: 231,000,000. Elapsed: 12 minutes, 15.514 seconds Best pick: Pick(iteration:155285459, teams:[IND, SF, NYG, STL, DET, MIN, CAR, KC, JAX, OAK, BAL, NE], total:-80.0)
48.4340744019% Iteration: 232,000,000. Elapsed: 12 minutes, 18.841 seconds Best pick: Pick(iteration:155285459, teams:[IND, SF, NYG, STL, DET, MIN, CAR, KC, JAX, OAK, BAL, NE], total:-80.0)
48.6428451538% Iteration: 233,000,000. Elapsed: 12 minutes, 22.165 seconds Best pick: Pick(iteration:155285459, teams:[IND, SF, NYG, STL, DET, MIN, CAR, KC, JAX, OAK, BAL, NE], total:-80.0)
48.8516120911% Iteration: 234,000,000. Elapsed: 12 minutes, 25.469 seconds Best pick: Pick(iteration:155285459, teams:[IND, SF, NYG, STL, DET, MIN, CAR, KC, JAX, OAK, BAL, NE], total:-80.0)
49.0603790283% Iteration: 235,000,000. Elapsed: 12 minutes, 28.763 seconds Best pick: Pick(iteration:155285459, teams:[IND, SF, NYG, STL, DET, MIN, CAR, KC, JAX, OAK, BAL, NE], total:-80.0)
49.2691459656% Iteration: 236,000,000. Elapsed: 12 minutes, 32.046 seconds Best pick: Pick(iteration:155285459, teams:[IND, SF, NYG, STL, DET, MIN, CAR, KC, JAX, OAK, BAL, NE], total:-80.0)
49.4779129028% Iteration: 237,000,000. Elapsed: 12 minutes, 35.366 seconds Best pick: Pick(iteration:155285459, teams:[IND, SF, NYG, STL, DET, MIN, CAR, KC, JAX, OAK, BAL, NE], total:-80.0)
49.6866836548% Iteration: 238,000,000. Elapsed: 12 minutes, 38.685 seconds Best pick: Pick(iteration:155285459, teams:[IND, SF, NYG, STL, DET, MIN, CAR, KC, JAX, OAK, BAL, NE], total:-80.0)
49.8954505920% Iteration: 239,000,000. Elapsed: 12 minutes, 41.981 seconds Best pick: Pick(iteration:155285459, teams:[IND, SF, NYG, STL, DET, MIN, CAR, KC, JAX, OAK, BAL, NE], total:-80.0)
50.1042175293% Iteration: 240,000,000. Elapsed: 12 minutes, 45.311 seconds Best pick: Pick(iteration:155285459, teams:[IND, SF, NYG, STL, DET, MIN, CAR, KC, JAX, OAK, BAL, NE], total:-80.0)
50.3129844666% Iteration: 241,000,000. Elapsed: 12 minutes, 48.585 seconds Best pick: Pick(iteration:155285459, teams:[IND, SF, NYG, STL, DET, MIN, CAR, KC, JAX, OAK, BAL, NE], total:-80.0)
50.5217475891% Iteration: 242,000,000. Elapsed: 12 minutes, 51.864 seconds Best pick: Pick(iteration:155285459, teams:[IND, SF, NYG, STL, DET, MIN, CAR, KC, JAX, OAK, BAL, NE], total:-80.0)
50.7305221558% Iteration: 243,000,000. Elapsed: 12 minutes, 55.169 seconds Best pick: Pick(iteration:155285459, teams:[IND, SF, NYG, STL, DET, MIN, CAR, KC, JAX, OAK, BAL, NE], total:-80.0)
50.9392852783% Iteration: 244,000,000. Elapsed: 12 minutes, 58.024 seconds Best pick: Pick(iteration:155285459, teams:[IND, SF, NYG, STL, DET, MIN, CAR, KC, JAX, OAK, BAL, NE], total:-80.0)
51.1480560303% Iteration: 245,000,000. Elapsed: 13 minutes, 0.808 seconds Best pick: Pick(iteration:155285459, teams:[IND, SF, NYG, STL, DET, MIN, CAR, KC, JAX, OAK, BAL, NE], total:-80.0)
51.3568229675% Iteration: 246,000,000. Elapsed: 13 minutes, 3.580 seconds Best pick: Pick(iteration:155285459, teams:[IND, SF, NYG, STL, DET, MIN, CAR, KC, JAX, OAK, BAL, NE], total:-80.0)
51.5655860901% Iteration: 247,000,000. Elapsed: 13 minutes, 6.515 seconds Best pick: Pick(iteration:155285459, teams:[IND, SF, NYG, STL, DET, MIN, CAR, KC, JAX, OAK, BAL, NE], total:-80.0)
51.7743606567% Iteration: 248,000,000. Elapsed: 13 minutes, 9.787 seconds Best pick: Pick(iteration:155285459, teams:[IND, SF, NYG, STL, DET, MIN, CAR, KC, JAX, OAK, BAL, NE], total:-80.0)
51.9831237793% Iteration: 249,000,000. Elapsed: 13 minutes, 13.118 seconds Best pick: Pick(iteration:155285459, teams:[IND, SF, NYG, STL, DET, MIN, CAR, KC, JAX, OAK, BAL, NE], total:-80.0)
52.1918945313% Iteration: 250,000,000. Elapsed: 13 minutes, 16.478 seconds Best pick: Pick(iteration:155285459, teams:[IND, SF, NYG, STL, DET, MIN, CAR, KC, JAX, OAK, BAL, NE], total:-80.0)
52.4006614685% Iteration: 251,000,000. Elapsed: 13 minutes, 19.793 seconds Best pick: Pick(iteration:155285459, teams:[IND, SF, NYG, STL, DET, MIN, CAR, KC, JAX, OAK, BAL, NE], total:-80.0)
52.6094245911% Iteration: 252,000,000. Elapsed: 13 minutes, 23.131 seconds Best pick: Pick(iteration:155285459, teams:[IND, SF, NYG, STL, DET, MIN, CAR, KC, JAX, OAK, BAL, NE], total:-80.0)
52.8181953430% Iteration: 253,000,000. Elapsed: 13 minutes, 26.449 seconds Best pick: Pick(iteration:155285459, teams:[IND, SF, NYG, STL, DET, MIN, CAR, KC, JAX, OAK, BAL, NE], total:-80.0)
53.0269622803% Iteration: 254,000,000. Elapsed: 13 minutes, 29.767 seconds Best pick: Pick(iteration:155285459, teams:[IND, SF, NYG, STL, DET, MIN, CAR, KC, JAX, OAK, BAL, NE], total:-80.0)
53.2357292175% Iteration: 255,000,000. Elapsed: 13 minutes, 33.071 seconds Best pick: Pick(iteration:155285459, teams:[IND, SF, NYG, STL, DET, MIN, CAR, KC, JAX, OAK, BAL, NE], total:-80.0)
53.4444999695% Iteration: 256,000,000. Elapsed: 13 minutes, 36.390 seconds Best pick: Pick(iteration:155285459, teams:[IND, SF, NYG, STL, DET, MIN, CAR, KC, JAX, OAK, BAL, NE], total:-80.0)
53.6532630920% Iteration: 257,000,000. Elapsed: 13 minutes, 39.697 seconds Best pick: Pick(iteration:155285459, teams:[IND, SF, NYG, STL, DET, MIN, CAR, KC, JAX, OAK, BAL, NE], total:-80.0)
53.8620338440% Iteration: 258,000,000. Elapsed: 13 minutes, 43.009 seconds Best pick: Pick(iteration:155285459, teams:[IND, SF, NYG, STL, DET, MIN, CAR, KC, JAX, OAK, BAL, NE], total:-80.0)
54.0708007813% Iteration: 259,000,000. Elapsed: 13 minutes, 46.335 seconds Best pick: Pick(iteration:155285459, teams:[IND, SF, NYG, STL, DET, MIN, CAR, KC, JAX, OAK, BAL, NE], total:-80.0)
54.2795639038% Iteration: 260,000,000. Elapsed: 13 minutes, 49.695 seconds Best pick: Pick(iteration:155285459, teams:[IND, SF, NYG, STL, DET, MIN, CAR, KC, JAX, OAK, BAL, NE], total:-80.0)
54.4883384705% Iteration: 261,000,000. Elapsed: 13 minutes, 53.041 seconds Best pick: Pick(iteration:155285459, teams:[IND, SF, NYG, STL, DET, MIN, CAR, KC, JAX, OAK, BAL, NE], total:-80.0)
54.6971015930% Iteration: 262,000,000. Elapsed: 13 minutes, 56.367 seconds Best pick: Pick(iteration:155285459, teams:[IND, SF, NYG, STL, DET, MIN, CAR, KC, JAX, OAK, BAL, NE], total:-80.0)
54.9058723450% Iteration: 263,000,000. Elapsed: 13 minutes, 59.735 seconds Best pick: Pick(iteration:155285459, teams:[IND, SF, NYG, STL, DET, MIN, CAR, KC, JAX, OAK, BAL, NE], total:-80.0)
55.1146392822% Iteration: 264,000,000. Elapsed: 14 minutes, 3.028 seconds Best pick: Pick(iteration:155285459, teams:[IND, SF, NYG, STL, DET, MIN, CAR, KC, JAX, OAK, BAL, NE], total:-80.0)
55.3234024048% Iteration: 265,000,000. Elapsed: 14 minutes, 6.331 seconds Best pick: Pick(iteration:155285459, teams:[IND, SF, NYG, STL, DET, MIN, CAR, KC, JAX, OAK, BAL, NE], total:-80.0)
55.5321769714% Iteration: 266,000,000. Elapsed: 14 minutes, 9.633 seconds Best pick: Pick(iteration:155285459, teams:[IND, SF, NYG, STL, DET, MIN, CAR, KC, JAX, OAK, BAL, NE], total:-80.0)
55.7409400940% Iteration: 267,000,000. Elapsed: 14 minutes, 12.923 seconds Best pick: Pick(iteration:155285459, teams:[IND, SF, NYG, STL, DET, MIN, CAR, KC, JAX, OAK, BAL, NE], total:-80.0)
55.9497070313% Iteration: 268,000,000. Elapsed: 14 minutes, 16.229 seconds Best pick: Pick(iteration:155285459, teams:[IND, SF, NYG, STL, DET, MIN, CAR, KC, JAX, OAK, BAL, NE], total:-80.0)
56.1584777832% Iteration: 269,000,000. Elapsed: 14 minutes, 19.567 seconds Best pick: Pick(iteration:155285459, teams:[IND, SF, NYG, STL, DET, MIN, CAR, KC, JAX, OAK, BAL, NE], total:-80.0)
56.3672409058% Iteration: 270,000,000. Elapsed: 14 minutes, 22.879 seconds Best pick: Pick(iteration:155285459, teams:[IND, SF, NYG, STL, DET, MIN, CAR, KC, JAX, OAK, BAL, NE], total:-80.0)
56.5760116577% Iteration: 271,000,000. Elapsed: 14 minutes, 26.241 seconds Best pick: Pick(iteration:155285459, teams:[IND, SF, NYG, STL, DET, MIN, CAR, KC, JAX, OAK, BAL, NE], total:-80.0)
56.7847785950% Iteration: 272,000,000. Elapsed: 14 minutes, 29.516 seconds Best pick: Pick(iteration:155285459, teams:[IND, SF, NYG, STL, DET, MIN, CAR, KC, JAX, OAK, BAL, NE], total:-80.0)
56.9935455322% Iteration: 273,000,000. Elapsed: 14 minutes, 32.849 seconds Best pick: Pick(iteration:155285459, teams:[IND, SF, NYG, STL, DET, MIN, CAR, KC, JAX, OAK, BAL, NE], total:-80.0)
57.2023162842% Iteration: 274,000,000. Elapsed: 14 minutes, 36.148 seconds Best pick: Pick(iteration:155285459, teams:[IND, SF, NYG, STL, DET, MIN, CAR, KC, JAX, OAK, BAL, NE], total:-80.0)
57.4110794067% Iteration: 275,000,000. Elapsed: 14 minutes, 39.457 seconds Best pick: Pick(iteration:155285459, teams:[IND, SF, NYG, STL, DET, MIN, CAR, KC, JAX, OAK, BAL, NE], total:-80.0)
57.6198501587% Iteration: 276,000,000. Elapsed: 14 minutes, 42.739 seconds Best pick: Pick(iteration:155285459, teams:[IND, SF, NYG, STL, DET, MIN, CAR, KC, JAX, OAK, BAL, NE], total:-80.0)
57.8286170959% Iteration: 277,000,000. Elapsed: 14 minutes, 46.101 seconds Best pick: Pick(iteration:155285459, teams:[IND, SF, NYG, STL, DET, MIN, CAR, KC, JAX, OAK, BAL, NE], total:-80.0)
58.0373840332% Iteration: 278,000,000. Elapsed: 14 minutes, 49.389 seconds Best pick: Pick(iteration:155285459, teams:[IND, SF, NYG, STL, DET, MIN, CAR, KC, JAX, OAK, BAL, NE], total:-80.0)
58.2461547852% Iteration: 279,000,000. Elapsed: 14 minutes, 52.724 seconds Best pick: Pick(iteration:155285459, teams:[IND, SF, NYG, STL, DET, MIN, CAR, KC, JAX, OAK, BAL, NE], total:-80.0)
58.4549179077% Iteration: 280,000,000. Elapsed: 14 minutes, 56.045 seconds Best pick: Pick(iteration:155285459, teams:[IND, SF, NYG, STL, DET, MIN, CAR, KC, JAX, OAK, BAL, NE], total:-80.0)
58.6636886597% Iteration: 281,000,000. Elapsed: 14 minutes, 59.349 seconds Best pick: Pick(iteration:155285459, teams:[IND, SF, NYG, STL, DET, MIN, CAR, KC, JAX, OAK, BAL, NE], total:-80.0)
58.8724555969% Iteration: 282,000,000. Elapsed: 15 minutes, 2.675 seconds Best pick: Pick(iteration:155285459, teams:[IND, SF, NYG, STL, DET, MIN, CAR, KC, JAX, OAK, BAL, NE], total:-80.0)
59.0812225342% Iteration: 283,000,000. Elapsed: 15 minutes, 5.996 seconds Best pick: Pick(iteration:155285459, teams:[IND, SF, NYG, STL, DET, MIN, CAR, KC, JAX, OAK, BAL, NE], total:-80.0)
59.2899932861% Iteration: 284,000,000. Elapsed: 15 minutes, 8.835 seconds Best pick: Pick(iteration:155285459, teams:[IND, SF, NYG, STL, DET, MIN, CAR, KC, JAX, OAK, BAL, NE], total:-80.0)
59.4987564087% Iteration: 285,000,000. Elapsed: 15 minutes, 11.654 seconds Best pick: Pick(iteration:155285459, teams:[IND, SF, NYG, STL, DET, MIN, CAR, KC, JAX, OAK, BAL, NE], total:-80.0)
59.7075233459% Iteration: 286,000,000. Elapsed: 15 minutes, 14.473 seconds Best pick: Pick(iteration:155285459, teams:[IND, SF, NYG, STL, DET, MIN, CAR, KC, JAX, OAK, BAL, NE], total:-80.0)
59.9162940979% Iteration: 287,000,000. Elapsed: 15 minutes, 17.458 seconds Best pick: Pick(iteration:155285459, teams:[IND, SF, NYG, STL, DET, MIN, CAR, KC, JAX, OAK, BAL, NE], total:-80.0)
60.1250572205% Iteration: 288,000,000. Elapsed: 15 minutes, 20.780 seconds Best pick: Pick(iteration:155285459, teams:[IND, SF, NYG, STL, DET, MIN, CAR, KC, JAX, OAK, BAL, NE], total:-80.0)
60.3338317871% Iteration: 289,000,000. Elapsed: 15 minutes, 24.059 seconds Best pick: Pick(iteration:155285459, teams:[IND, SF, NYG, STL, DET, MIN, CAR, KC, JAX, OAK, BAL, NE], total:-80.0)
60.5425949097% Iteration: 290,000,000. Elapsed: 15 minutes, 27.403 seconds Best pick: Pick(iteration:155285459, teams:[IND, SF, NYG, STL, DET, MIN, CAR, KC, JAX, OAK, BAL, NE], total:-80.0)
60.7513618469% Iteration: 291,000,000. Elapsed: 15 minutes, 30.722 seconds Best pick: Pick(iteration:155285459, teams:[IND, SF, NYG, STL, DET, MIN, CAR, KC, JAX, OAK, BAL, NE], total:-80.0)
60.9601325989% Iteration: 292,000,000. Elapsed: 15 minutes, 34.032 seconds Best pick: Pick(iteration:155285459, teams:[IND, SF, NYG, STL, DET, MIN, CAR, KC, JAX, OAK, BAL, NE], total:-80.0)
61.1688957214% Iteration: 293,000,000. Elapsed: 15 minutes, 37.361 seconds Best pick: Pick(iteration:155285459, teams:[IND, SF, NYG, STL, DET, MIN, CAR, KC, JAX, OAK, BAL, NE], total:-80.0)
61.3776702881% Iteration: 294,000,000. Elapsed: 15 minutes, 40.729 seconds Best pick: Pick(iteration:155285459, teams:[IND, SF, NYG, STL, DET, MIN, CAR, KC, JAX, OAK, BAL, NE], total:-80.0)
61.5864334106% Iteration: 295,000,000. Elapsed: 15 minutes, 44.032 seconds Best pick: Pick(iteration:155285459, teams:[IND, SF, NYG, STL, DET, MIN, CAR, KC, JAX, OAK, BAL, NE], total:-80.0)
61.7952003479% Iteration: 296,000,000. Elapsed: 15 minutes, 47.379 seconds Best pick: Pick(iteration:155285459, teams:[IND, SF, NYG, STL, DET, MIN, CAR, KC, JAX, OAK, BAL, NE], total:-80.0)
62.0039710999% Iteration: 297,000,000. Elapsed: 15 minutes, 50.699 seconds Best pick: Pick(iteration:155285459, teams:[IND, SF, NYG, STL, DET, MIN, CAR, KC, JAX, OAK, BAL, NE], total:-80.0)
62.2127342224% Iteration: 298,000,000. Elapsed: 15 minutes, 54.242 seconds Best pick: Pick(iteration:155285459, teams:[IND, SF, NYG, STL, DET, MIN, CAR, KC, JAX, OAK, BAL, NE], total:-80.0)
62.4215011597% Iteration: 299,000,000. Elapsed: 15 minutes, 57.539 seconds Best pick: Pick(iteration:155285459, teams:[IND, SF, NYG, STL, DET, MIN, CAR, KC, JAX, OAK, BAL, NE], total:-80.0)
62.6302719116% Iteration: 300,000,000. Elapsed: 16 minutes, 0.850 seconds Best pick: Pick(iteration:155285459, teams:[IND, SF, NYG, STL, DET, MIN, CAR, KC, JAX, OAK, BAL, NE], total:-80.0)
62.8390388489% Iteration: 301,000,000. Elapsed: 16 minutes, 4.213 seconds Best pick: Pick(iteration:155285459, teams:[IND, SF, NYG, STL, DET, MIN, CAR, KC, JAX, OAK, BAL, NE], total:-80.0)
63.0478096008% Iteration: 302,000,000. Elapsed: 16 minutes, 7.553 seconds Best pick: Pick(iteration:155285459, teams:[IND, SF, NYG, STL, DET, MIN, CAR, KC, JAX, OAK, BAL, NE], total:-80.0)
63.2565727234% Iteration: 303,000,000. Elapsed: 16 minutes, 10.850 seconds Best pick: Pick(iteration:155285459, teams:[IND, SF, NYG, STL, DET, MIN, CAR, KC, JAX, OAK, BAL, NE], total:-80.0)
63.4653396606% Iteration: 304,000,000. Elapsed: 16 minutes, 14.175 seconds Best pick: Pick(iteration:155285459, teams:[IND, SF, NYG, STL, DET, MIN, CAR, KC, JAX, OAK, BAL, NE], total:-80.0)
63.6741104126% Iteration: 305,000,000. Elapsed: 16 minutes, 17.508 seconds Best pick: Pick(iteration:155285459, teams:[IND, SF, NYG, STL, DET, MIN, CAR, KC, JAX, OAK, BAL, NE], total:-80.0)
63.8828735352% Iteration: 306,000,000. Elapsed: 16 minutes, 20.797 seconds Best pick: Pick(iteration:155285459, teams:[IND, SF, NYG, STL, DET, MIN, CAR, KC, JAX, OAK, BAL, NE], total:-80.0)
64.0916442871% Iteration: 307,000,000. Elapsed: 16 minutes, 24.130 seconds Best pick: Pick(iteration:155285459, teams:[IND, SF, NYG, STL, DET, MIN, CAR, KC, JAX, OAK, BAL, NE], total:-80.0)
64.3004150391% Iteration: 308,000,000. Elapsed: 16 minutes, 27.423 seconds Best pick: Pick(iteration:155285459, teams:[IND, SF, NYG, STL, DET, MIN, CAR, KC, JAX, OAK, BAL, NE], total:-80.0)
64.5091781616% Iteration: 309,000,000. Elapsed: 16 minutes, 30.757 seconds Best pick: Pick(iteration:155285459, teams:[IND, SF, NYG, STL, DET, MIN, CAR, KC, JAX, OAK, BAL, NE], total:-80.0)
64.7179489136% Iteration: 310,000,000. Elapsed: 16 minutes, 34.057 seconds Best pick: Pick(iteration:155285459, teams:[IND, SF, NYG, STL, DET, MIN, CAR, KC, JAX, OAK, BAL, NE], total:-80.0)
64.9267120361% Iteration: 311,000,000. Elapsed: 16 minutes, 37.406 seconds Best pick: Pick(iteration:155285459, teams:[IND, SF, NYG, STL, DET, MIN, CAR, KC, JAX, OAK, BAL, NE], total:-80.0)
65.1354827881% Iteration: 312,000,000. Elapsed: 16 minutes, 40.702 seconds Best pick: Pick(iteration:155285459, teams:[IND, SF, NYG, STL, DET, MIN, CAR, KC, JAX, OAK, BAL, NE], total:-80.0)
65.3442535400% Iteration: 313,000,000. Elapsed: 16 minutes, 44.026 seconds Best pick: Pick(iteration:155285459, teams:[IND, SF, NYG, STL, DET, MIN, CAR, KC, JAX, OAK, BAL, NE], total:-80.0)
65.5530166626% Iteration: 314,000,000. Elapsed: 16 minutes, 47.335 seconds Best pick: Pick(iteration:155285459, teams:[IND, SF, NYG, STL, DET, MIN, CAR, KC, JAX, OAK, BAL, NE], total:-80.0)
65.7617874146% Iteration: 315,000,000. Elapsed: 16 minutes, 50.699 seconds Best pick: Pick(iteration:155285459, teams:[IND, SF, NYG, STL, DET, MIN, CAR, KC, JAX, OAK, BAL, NE], total:-80.0)
65.9705505371% Iteration: 316,000,000. Elapsed: 16 minutes, 54.009 seconds Best pick: Pick(iteration:155285459, teams:[IND, SF, NYG, STL, DET, MIN, CAR, KC, JAX, OAK, BAL, NE], total:-80.0)
66.1793136597% Iteration: 317,000,000. Elapsed: 16 minutes, 57.300 seconds Best pick: Pick(iteration:155285459, teams:[IND, SF, NYG, STL, DET, MIN, CAR, KC, JAX, OAK, BAL, NE], total:-80.0)
66.3880920410% Iteration: 318,000,000. Elapsed: 17 minutes, 0.625 seconds Best pick: Pick(iteration:155285459, teams:[IND, SF, NYG, STL, DET, MIN, CAR, KC, JAX, OAK, BAL, NE], total:-80.0)
66.5968551636% Iteration: 319,000,000. Elapsed: 17 minutes, 3.937 seconds Best pick: Pick(iteration:155285459, teams:[IND, SF, NYG, STL, DET, MIN, CAR, KC, JAX, OAK, BAL, NE], total:-80.0)
66.8056259155% Iteration: 320,000,000. Elapsed: 17 minutes, 7.223 seconds Best pick: Pick(iteration:155285459, teams:[IND, SF, NYG, STL, DET, MIN, CAR, KC, JAX, OAK, BAL, NE], total:-80.0)
67.0143890381% Iteration: 321,000,000. Elapsed: 17 minutes, 10.506 seconds Best pick: Pick(iteration:155285459, teams:[IND, SF, NYG, STL, DET, MIN, CAR, KC, JAX, OAK, BAL, NE], total:-80.0)
67.2231521606% Iteration: 322,000,000. Elapsed: 17 minutes, 13.784 seconds Best pick: Pick(iteration:155285459, teams:[IND, SF, NYG, STL, DET, MIN, CAR, KC, JAX, OAK, BAL, NE], total:-80.0)
67.4319305420% Iteration: 323,000,000. Elapsed: 17 minutes, 17.074 seconds Best pick: Pick(iteration:155285459, teams:[IND, SF, NYG, STL, DET, MIN, CAR, KC, JAX, OAK, BAL, NE], total:-80.0)
67.6406936646% Iteration: 324,000,000. Elapsed: 17 minutes, 19.895 seconds Best pick: Pick(iteration:155285459, teams:[IND, SF, NYG, STL, DET, MIN, CAR, KC, JAX, OAK, BAL, NE], total:-80.0)
67.8494567871% Iteration: 325,000,000. Elapsed: 17 minutes, 22.667 seconds Best pick: Pick(iteration:155285459, teams:[IND, SF, NYG, STL, DET, MIN, CAR, KC, JAX, OAK, BAL, NE], total:-80.0)
68.0582275391% Iteration: 326,000,000. Elapsed: 17 minutes, 25.432 seconds Best pick: Pick(iteration:155285459, teams:[IND, SF, NYG, STL, DET, MIN, CAR, KC, JAX, OAK, BAL, NE], total:-80.0)
68.2669906616% Iteration: 327,000,000. Elapsed: 17 minutes, 28.390 seconds Best pick: Pick(iteration:155285459, teams:[IND, SF, NYG, STL, DET, MIN, CAR, KC, JAX, OAK, BAL, NE], total:-80.0)
68.4757614136% Iteration: 328,000,000. Elapsed: 17 minutes, 31.661 seconds Best pick: Pick(iteration:155285459, teams:[IND, SF, NYG, STL, DET, MIN, CAR, KC, JAX, OAK, BAL, NE], total:-80.0)
68.6845321655% Iteration: 329,000,000. Elapsed: 17 minutes, 34.985 seconds Best pick: Pick(iteration:155285459, teams:[IND, SF, NYG, STL, DET, MIN, CAR, KC, JAX, OAK, BAL, NE], total:-80.0)
68.8932952881% Iteration: 330,000,000. Elapsed: 17 minutes, 38.305 seconds Best pick: Pick(iteration:155285459, teams:[IND, SF, NYG, STL, DET, MIN, CAR, KC, JAX, OAK, BAL, NE], total:-80.0)
69.1020660400% Iteration: 331,000,000. Elapsed: 17 minutes, 41.590 seconds Best pick: Pick(iteration:155285459, teams:[IND, SF, NYG, STL, DET, MIN, CAR, KC, JAX, OAK, BAL, NE], total:-80.0)
69.3108291626% Iteration: 332,000,000. Elapsed: 17 minutes, 44.900 seconds Best pick: Pick(iteration:155285459, teams:[IND, SF, NYG, STL, DET, MIN, CAR, KC, JAX, OAK, BAL, NE], total:-80.0)
69.5195999146% Iteration: 333,000,000. Elapsed: 17 minutes, 48.202 seconds Best pick: Pick(iteration:155285459, teams:[IND, SF, NYG, STL, DET, MIN, CAR, KC, JAX, OAK, BAL, NE], total:-80.0)
69.7283706665% Iteration: 334,000,000. Elapsed: 17 minutes, 51.564 seconds Best pick: Pick(iteration:155285459, teams:[IND, SF, NYG, STL, DET, MIN, CAR, KC, JAX, OAK, BAL, NE], total:-80.0)
69.9371337891% Iteration: 335,000,000. Elapsed: 17 minutes, 54.848 seconds Best pick: Pick(iteration:155285459, teams:[IND, SF, NYG, STL, DET, MIN, CAR, KC, JAX, OAK, BAL, NE], total:-80.0)
70.1459045410% Iteration: 336,000,000. Elapsed: 17 minutes, 58.122 seconds Best pick: Pick(iteration:155285459, teams:[IND, SF, NYG, STL, DET, MIN, CAR, KC, JAX, OAK, BAL, NE], total:-80.0)
70.3546676636% Iteration: 337,000,000. Elapsed: 18 minutes, 1.422 seconds Best pick: Pick(iteration:155285459, teams:[IND, SF, NYG, STL, DET, MIN, CAR, KC, JAX, OAK, BAL, NE], total:-80.0)
70.5634384155% Iteration: 338,000,000. Elapsed: 18 minutes, 4.696 seconds Best pick: Pick(iteration:155285459, teams:[IND, SF, NYG, STL, DET, MIN, CAR, KC, JAX, OAK, BAL, NE], total:-80.0)
70.7722091675% Iteration: 339,000,000. Elapsed: 18 minutes, 8.056 seconds Best pick: Pick(iteration:155285459, teams:[IND, SF, NYG, STL, DET, MIN, CAR, KC, JAX, OAK, BAL, NE], total:-80.0)
70.9809722900% Iteration: 340,000,000. Elapsed: 18 minutes, 11.360 seconds Best pick: Pick(iteration:155285459, teams:[IND, SF, NYG, STL, DET, MIN, CAR, KC, JAX, OAK, BAL, NE], total:-80.0)
71.1897430420% Iteration: 341,000,000. Elapsed: 18 minutes, 14.655 seconds Best pick: Pick(iteration:155285459, teams:[IND, SF, NYG, STL, DET, MIN, CAR, KC, JAX, OAK, BAL, NE], total:-80.0)
71.3985061646% Iteration: 342,000,000. Elapsed: 18 minutes, 17.938 seconds Best pick: Pick(iteration:155285459, teams:[IND, SF, NYG, STL, DET, MIN, CAR, KC, JAX, OAK, BAL, NE], total:-80.0)
71.6072769165% Iteration: 343,000,000. Elapsed: 18 minutes, 21.227 seconds Best pick: Pick(iteration:155285459, teams:[IND, SF, NYG, STL, DET, MIN, CAR, KC, JAX, OAK, BAL, NE], total:-80.0)
71.8160476685% Iteration: 344,000,000. Elapsed: 18 minutes, 24.523 seconds Best pick: Pick(iteration:155285459, teams:[IND, SF, NYG, STL, DET, MIN, CAR, KC, JAX, OAK, BAL, NE], total:-80.0)
72.0248107910% Iteration: 345,000,000. Elapsed: 18 minutes, 27.827 seconds Best pick: Pick(iteration:155285459, teams:[IND, SF, NYG, STL, DET, MIN, CAR, KC, JAX, OAK, BAL, NE], total:-80.0)
72.2335815430% Iteration: 346,000,000. Elapsed: 18 minutes, 31.141 seconds Best pick: Pick(iteration:155285459, teams:[IND, SF, NYG, STL, DET, MIN, CAR, KC, JAX, OAK, BAL, NE], total:-80.0)
72.4423446655% Iteration: 347,000,000. Elapsed: 18 minutes, 34.447 seconds Best pick: Pick(iteration:155285459, teams:[IND, SF, NYG, STL, DET, MIN, CAR, KC, JAX, OAK, BAL, NE], total:-80.0)
72.6511154175% Iteration: 348,000,000. Elapsed: 18 minutes, 37.741 seconds Best pick: Pick(iteration:155285459, teams:[IND, SF, NYG, STL, DET, MIN, CAR, KC, JAX, OAK, BAL, NE], total:-80.0)
72.8598861694% Iteration: 349,000,000. Elapsed: 18 minutes, 41.027 seconds Best pick: Pick(iteration:155285459, teams:[IND, SF, NYG, STL, DET, MIN, CAR, KC, JAX, OAK, BAL, NE], total:-80.0)
73.0686492920% Iteration: 350,000,000. Elapsed: 18 minutes, 44.350 seconds Best pick: Pick(iteration:155285459, teams:[IND, SF, NYG, STL, DET, MIN, CAR, KC, JAX, OAK, BAL, NE], total:-80.0)
73.2774200439% Iteration: 351,000,000. Elapsed: 18 minutes, 47.643 seconds Best pick: Pick(iteration:155285459, teams:[IND, SF, NYG, STL, DET, MIN, CAR, KC, JAX, OAK, BAL, NE], total:-80.0)
73.4861831665% Iteration: 352,000,000. Elapsed: 18 minutes, 51.014 seconds Best pick: Pick(iteration:155285459, teams:[IND, SF, NYG, STL, DET, MIN, CAR, KC, JAX, OAK, BAL, NE], total:-80.0)
73.6949539185% Iteration: 353,000,000. Elapsed: 18 minutes, 54.333 seconds Best pick: Pick(iteration:155285459, teams:[IND, SF, NYG, STL, DET, MIN, CAR, KC, JAX, OAK, BAL, NE], total:-80.0)
73.9037246704% Iteration: 354,000,000. Elapsed: 18 minutes, 57.629 seconds Best pick: Pick(iteration:155285459, teams:[IND, SF, NYG, STL, DET, MIN, CAR, KC, JAX, OAK, BAL, NE], total:-80.0)
74.1124877930% Iteration: 355,000,000. Elapsed: 19 minutes, 0.948 seconds Best pick: Pick(iteration:155285459, teams:[IND, SF, NYG, STL, DET, MIN, CAR, KC, JAX, OAK, BAL, NE], total:-80.0)
74.3212509155% Iteration: 356,000,000. Elapsed: 19 minutes, 4.270 seconds Best pick: Pick(iteration:155285459, teams:[IND, SF, NYG, STL, DET, MIN, CAR, KC, JAX, OAK, BAL, NE], total:-80.0)
74.5300216675% Iteration: 357,000,000. Elapsed: 19 minutes, 7.572 seconds Best pick: Pick(iteration:155285459, teams:[IND, SF, NYG, STL, DET, MIN, CAR, KC, JAX, OAK, BAL, NE], total:-80.0)
74.7387847900% Iteration: 358,000,000. Elapsed: 19 minutes, 10.899 seconds Best pick: Pick(iteration:155285459, teams:[IND, SF, NYG, STL, DET, MIN, CAR, KC, JAX, OAK, BAL, NE], total:-80.0)
74.9475631714% Iteration: 359,000,000. Elapsed: 19 minutes, 14.222 seconds Best pick: Pick(iteration:155285459, teams:[IND, SF, NYG, STL, DET, MIN, CAR, KC, JAX, OAK, BAL, NE], total:-80.0)
75.1563262939% Iteration: 360,000,000. Elapsed: 19 minutes, 17.568 seconds Best pick: Pick(iteration:155285459, teams:[IND, SF, NYG, STL, DET, MIN, CAR, KC, JAX, OAK, BAL, NE], total:-80.0)
75.3650894165% Iteration: 361,000,000. Elapsed: 19 minutes, 20.898 seconds Best pick: Pick(iteration:155285459, teams:[IND, SF, NYG, STL, DET, MIN, CAR, KC, JAX, OAK, BAL, NE], total:-80.0)
75.5738601685% Iteration: 362,000,000. Elapsed: 19 minutes, 24.218 seconds Best pick: Pick(iteration:155285459, teams:[IND, SF, NYG, STL, DET, MIN, CAR, KC, JAX, OAK, BAL, NE], total:-80.0)
75.7826232910% Iteration: 363,000,000. Elapsed: 19 minutes, 27.464 seconds Best pick: Pick(iteration:155285459, teams:[IND, SF, NYG, STL, DET, MIN, CAR, KC, JAX, OAK, BAL, NE], total:-80.0)
75.9914016724% Iteration: 364,000,000. Elapsed: 19 minutes, 30.295 seconds Best pick: Pick(iteration:155285459, teams:[IND, SF, NYG, STL, DET, MIN, CAR, KC, JAX, OAK, BAL, NE], total:-80.0)
76.2001647949% Iteration: 365,000,000. Elapsed: 19 minutes, 33.070 seconds Best pick: Pick(iteration:155285459, teams:[IND, SF, NYG, STL, DET, MIN, CAR, KC, JAX, OAK, BAL, NE], total:-80.0)
76.4089279175% Iteration: 366,000,000. Elapsed: 19 minutes, 35.883 seconds Best pick: Pick(iteration:155285459, teams:[IND, SF, NYG, STL, DET, MIN, CAR, KC, JAX, OAK, BAL, NE], total:-80.0)
76.6176986694% Iteration: 367,000,000. Elapsed: 19 minutes, 38.973 seconds Best pick: Pick(iteration:155285459, teams:[IND, SF, NYG, STL, DET, MIN, CAR, KC, JAX, OAK, BAL, NE], total:-80.0)
76.8264617920% Iteration: 368,000,000. Elapsed: 19 minutes, 42.337 seconds Best pick: Pick(iteration:155285459, teams:[IND, SF, NYG, STL, DET, MIN, CAR, KC, JAX, OAK, BAL, NE], total:-80.0)
77.0352325439% Iteration: 369,000,000. Elapsed: 19 minutes, 45.689 seconds Best pick: Pick(iteration:155285459, teams:[IND, SF, NYG, STL, DET, MIN, CAR, KC, JAX, OAK, BAL, NE], total:-80.0)
77.2440032959% Iteration: 370,000,000. Elapsed: 19 minutes, 49.018 seconds Best pick: Pick(iteration:155285459, teams:[IND, SF, NYG, STL, DET, MIN, CAR, KC, JAX, OAK, BAL, NE], total:-80.0)
77.4527664185% Iteration: 371,000,000. Elapsed: 19 minutes, 52.363 seconds Best pick: Pick(iteration:155285459, teams:[IND, SF, NYG, STL, DET, MIN, CAR, KC, JAX, OAK, BAL, NE], total:-80.0)
77.6615371704% Iteration: 372,000,000. Elapsed: 19 minutes, 55.662 seconds Best pick: Pick(iteration:155285459, teams:[IND, SF, NYG, STL, DET, MIN, CAR, KC, JAX, OAK, BAL, NE], total:-80.0)
77.8703002930% Iteration: 373,000,000. Elapsed: 19 minutes, 58.962 seconds Best pick: Pick(iteration:155285459, teams:[IND, SF, NYG, STL, DET, MIN, CAR, KC, JAX, OAK, BAL, NE], total:-80.0)
78.0790710449% Iteration: 374,000,000. Elapsed: 20 minutes, 2.285 seconds Best pick: Pick(iteration:155285459, teams:[IND, SF, NYG, STL, DET, MIN, CAR, KC, JAX, OAK, BAL, NE], total:-80.0)
78.2878417969% Iteration: 375,000,000. Elapsed: 20 minutes, 5.598 seconds Best pick: Pick(iteration:155285459, teams:[IND, SF, NYG, STL, DET, MIN, CAR, KC, JAX, OAK, BAL, NE], total:-80.0)
78.4966049194% Iteration: 376,000,000. Elapsed: 20 minutes, 8.895 seconds Best pick: Pick(iteration:155285459, teams:[IND, SF, NYG, STL, DET, MIN, CAR, KC, JAX, OAK, BAL, NE], total:-80.0)
78.7053756714% Iteration: 377,000,000. Elapsed: 20 minutes, 12.199 seconds Best pick: Pick(iteration:155285459, teams:[IND, SF, NYG, STL, DET, MIN, CAR, KC, JAX, OAK, BAL, NE], total:-80.0)
78.9141387939% Iteration: 378,000,000. Elapsed: 20 minutes, 15.535 seconds Best pick: Pick(iteration:155285459, teams:[IND, SF, NYG, STL, DET, MIN, CAR, KC, JAX, OAK, BAL, NE], total:-80.0)
79.1229095459% Iteration: 379,000,000. Elapsed: 20 minutes, 18.833 seconds Best pick: Pick(iteration:155285459, teams:[IND, SF, NYG, STL, DET, MIN, CAR, KC, JAX, OAK, BAL, NE], total:-80.0)
79.3316802979% Iteration: 380,000,000. Elapsed: 20 minutes, 22.092 seconds Best pick: Pick(iteration:155285459, teams:[IND, SF, NYG, STL, DET, MIN, CAR, KC, JAX, OAK, BAL, NE], total:-80.0)
79.5404434204% Iteration: 381,000,000. Elapsed: 20 minutes, 25.404 seconds Best pick: Pick(iteration:155285459, teams:[IND, SF, NYG, STL, DET, MIN, CAR, KC, JAX, OAK, BAL, NE], total:-80.0)
79.7492141724% Iteration: 382,000,000. Elapsed: 20 minutes, 28.719 seconds Best pick: Pick(iteration:155285459, teams:[IND, SF, NYG, STL, DET, MIN, CAR, KC, JAX, OAK, BAL, NE], total:-80.0)
79.9579772949% Iteration: 383,000,000. Elapsed: 20 minutes, 32.042 seconds Best pick: Pick(iteration:155285459, teams:[IND, SF, NYG, STL, DET, MIN, CAR, KC, JAX, OAK, BAL, NE], total:-80.0)
80.1667480469% Iteration: 384,000,000. Elapsed: 20 minutes, 35.351 seconds Best pick: Pick(iteration:155285459, teams:[IND, SF, NYG, STL, DET, MIN, CAR, KC, JAX, OAK, BAL, NE], total:-80.0)
80.3755187988% Iteration: 385,000,000. Elapsed: 20 minutes, 38.658 seconds Best pick: Pick(iteration:155285459, teams:[IND, SF, NYG, STL, DET, MIN, CAR, KC, JAX, OAK, BAL, NE], total:-80.0)
80.5842819214% Iteration: 386,000,000. Elapsed: 20 minutes, 41.974 seconds Best pick: Pick(iteration:155285459, teams:[IND, SF, NYG, STL, DET, MIN, CAR, KC, JAX, OAK, BAL, NE], total:-80.0)
80.7930450439% Iteration: 387,000,000. Elapsed: 20 minutes, 45.340 seconds Best pick: Pick(iteration:155285459, teams:[IND, SF, NYG, STL, DET, MIN, CAR, KC, JAX, OAK, BAL, NE], total:-80.0)
81.0018157959% Iteration: 388,000,000. Elapsed: 20 minutes, 48.786 seconds Best pick: Pick(iteration:155285459, teams:[IND, SF, NYG, STL, DET, MIN, CAR, KC, JAX, OAK, BAL, NE], total:-80.0)
81.2105865479% Iteration: 389,000,000. Elapsed: 20 minutes, 52.180 seconds Best pick: Pick(iteration:155285459, teams:[IND, SF, NYG, STL, DET, MIN, CAR, KC, JAX, OAK, BAL, NE], total:-80.0)
81.4193572998% Iteration: 390,000,000. Elapsed: 20 minutes, 55.603 seconds Best pick: Pick(iteration:155285459, teams:[IND, SF, NYG, STL, DET, MIN, CAR, KC, JAX, OAK, BAL, NE], total:-80.0)
81.6281204224% Iteration: 391,000,000. Elapsed: 20 minutes, 58.962 seconds Best pick: Pick(iteration:155285459, teams:[IND, SF, NYG, STL, DET, MIN, CAR, KC, JAX, OAK, BAL, NE], total:-80.0)
81.8368835449% Iteration: 392,000,000. Elapsed: 21 minutes, 2.330 seconds Best pick: Pick(iteration:155285459, teams:[IND, SF, NYG, STL, DET, MIN, CAR, KC, JAX, OAK, BAL, NE], total:-80.0)
82.0456542969% Iteration: 393,000,000. Elapsed: 21 minutes, 5.812 seconds Best pick: Pick(iteration:155285459, teams:[IND, SF, NYG, STL, DET, MIN, CAR, KC, JAX, OAK, BAL, NE], total:-80.0)
82.2544250488% Iteration: 394,000,000. Elapsed: 21 minutes, 9.207 seconds Best pick: Pick(iteration:155285459, teams:[IND, SF, NYG, STL, DET, MIN, CAR, KC, JAX, OAK, BAL, NE], total:-80.0)
82.4631958008% Iteration: 395,000,000. Elapsed: 21 minutes, 12.572 seconds Best pick: Pick(iteration:155285459, teams:[IND, SF, NYG, STL, DET, MIN, CAR, KC, JAX, OAK, BAL, NE], total:-80.0)
82.6719589233% Iteration: 396,000,000. Elapsed: 21 minutes, 15.920 seconds Best pick: Pick(iteration:155285459, teams:[IND, SF, NYG, STL, DET, MIN, CAR, KC, JAX, OAK, BAL, NE], total:-80.0)
82.8807220459% Iteration: 397,000,000. Elapsed: 21 minutes, 19.333 seconds Best pick: Pick(iteration:155285459, teams:[IND, SF, NYG, STL, DET, MIN, CAR, KC, JAX, OAK, BAL, NE], total:-80.0)
83.0894927979% Iteration: 398,000,000. Elapsed: 21 minutes, 22.695 seconds Best pick: Pick(iteration:155285459, teams:[IND, SF, NYG, STL, DET, MIN, CAR, KC, JAX, OAK, BAL, NE], total:-80.0)
83.2982635498% Iteration: 399,000,000. Elapsed: 21 minutes, 26.045 seconds Best pick: Pick(iteration:155285459, teams:[IND, SF, NYG, STL, DET, MIN, CAR, KC, JAX, OAK, BAL, NE], total:-80.0)
83.5070266724% Iteration: 400,000,000. Elapsed: 21 minutes, 29.439 seconds Best pick: Pick(iteration:155285459, teams:[IND, SF, NYG, STL, DET, MIN, CAR, KC, JAX, OAK, BAL, NE], total:-80.0)
83.7157974243% Iteration: 401,000,000. Elapsed: 21 minutes, 32.864 seconds Best pick: Pick(iteration:155285459, teams:[IND, SF, NYG, STL, DET, MIN, CAR, KC, JAX, OAK, BAL, NE], total:-80.0)
83.9245605469% Iteration: 402,000,000. Elapsed: 21 minutes, 36.289 seconds Best pick: Pick(iteration:155285459, teams:[IND, SF, NYG, STL, DET, MIN, CAR, KC, JAX, OAK, BAL, NE], total:-80.0)
84.1333312988% Iteration: 403,000,000. Elapsed: 21 minutes, 39.601 seconds Best pick: Pick(iteration:155285459, teams:[IND, SF, NYG, STL, DET, MIN, CAR, KC, JAX, OAK, BAL, NE], total:-80.0)
84.3421020508% Iteration: 404,000,000. Elapsed: 21 minutes, 42.486 seconds Best pick: Pick(iteration:155285459, teams:[IND, SF, NYG, STL, DET, MIN, CAR, KC, JAX, OAK, BAL, NE], total:-80.0)
84.5508651733% Iteration: 405,000,000. Elapsed: 21 minutes, 45.328 seconds Best pick: Pick(iteration:155285459, teams:[IND, SF, NYG, STL, DET, MIN, CAR, KC, JAX, OAK, BAL, NE], total:-80.0)
84.7596359253% Iteration: 406,000,000. Elapsed: 21 minutes, 48.159 seconds Best pick: Pick(iteration:155285459, teams:[IND, SF, NYG, STL, DET, MIN, CAR, KC, JAX, OAK, BAL, NE], total:-80.0)
84.9683990479% Iteration: 407,000,000. Elapsed: 21 minutes, 51.331 seconds Best pick: Pick(iteration:155285459, teams:[IND, SF, NYG, STL, DET, MIN, CAR, KC, JAX, OAK, BAL, NE], total:-80.0)
85.1771697998% Iteration: 408,000,000. Elapsed: 21 minutes, 54.736 seconds Best pick: Pick(iteration:155285459, teams:[IND, SF, NYG, STL, DET, MIN, CAR, KC, JAX, OAK, BAL, NE], total:-80.0)
85.3859329224% Iteration: 409,000,000. Elapsed: 21 minutes, 58.126 seconds Best pick: Pick(iteration:155285459, teams:[IND, SF, NYG, STL, DET, MIN, CAR, KC, JAX, OAK, BAL, NE], total:-80.0)
85.5947036743% Iteration: 410,000,000. Elapsed: 22 minutes, 1.597 seconds Best pick: Pick(iteration:155285459, teams:[IND, SF, NYG, STL, DET, MIN, CAR, KC, JAX, OAK, BAL, NE], total:-80.0)
85.8034744263% Iteration: 411,000,000. Elapsed: 22 minutes, 5.001 seconds Best pick: Pick(iteration:155285459, teams:[IND, SF, NYG, STL, DET, MIN, CAR, KC, JAX, OAK, BAL, NE], total:-80.0)
86.0122375488% Iteration: 412,000,000. Elapsed: 22 minutes, 8.388 seconds Best pick: Pick(iteration:155285459, teams:[IND, SF, NYG, STL, DET, MIN, CAR, KC, JAX, OAK, BAL, NE], total:-80.0)
86.2210006714% Iteration: 413,000,000. Elapsed: 22 minutes, 11.754 seconds Best pick: Pick(iteration:155285459, teams:[IND, SF, NYG, STL, DET, MIN, CAR, KC, JAX, OAK, BAL, NE], total:-80.0)
86.4297714233% Iteration: 414,000,000. Elapsed: 22 minutes, 15.136 seconds Best pick: Pick(iteration:155285459, teams:[IND, SF, NYG, STL, DET, MIN, CAR, KC, JAX, OAK, BAL, NE], total:-80.0)
86.6385421753% Iteration: 415,000,000. Elapsed: 22 minutes, 18.528 seconds Best pick: Pick(iteration:155285459, teams:[IND, SF, NYG, STL, DET, MIN, CAR, KC, JAX, OAK, BAL, NE], total:-80.0)
86.8473129272% Iteration: 416,000,000. Elapsed: 22 minutes, 21.907 seconds Best pick: Pick(iteration:155285459, teams:[IND, SF, NYG, STL, DET, MIN, CAR, KC, JAX, OAK, BAL, NE], total:-80.0)
87.0560760498% Iteration: 417,000,000. Elapsed: 22 minutes, 25.277 seconds Best pick: Pick(iteration:155285459, teams:[IND, SF, NYG, STL, DET, MIN, CAR, KC, JAX, OAK, BAL, NE], total:-80.0)
87.2648391724% Iteration: 418,000,000. Elapsed: 22 minutes, 28.671 seconds Best pick: Pick(iteration:155285459, teams:[IND, SF, NYG, STL, DET, MIN, CAR, KC, JAX, OAK, BAL, NE], total:-80.0)
87.4736099243% Iteration: 419,000,000. Elapsed: 22 minutes, 32.042 seconds Best pick: Pick(iteration:155285459, teams:[IND, SF, NYG, STL, DET, MIN, CAR, KC, JAX, OAK, BAL, NE], total:-80.0)
87.6823806763% Iteration: 420,000,000. Elapsed: 22 minutes, 35.435 seconds Best pick: Pick(iteration:155285459, teams:[IND, SF, NYG, STL, DET, MIN, CAR, KC, JAX, OAK, BAL, NE], total:-80.0)
87.8911514282% Iteration: 421,000,000. Elapsed: 22 minutes, 38.830 seconds Best pick: Pick(iteration:155285459, teams:[IND, SF, NYG, STL, DET, MIN, CAR, KC, JAX, OAK, BAL, NE], total:-80.0)
88.0999145508% Iteration: 422,000,000. Elapsed: 22 minutes, 42.239 seconds Best pick: Pick(iteration:155285459, teams:[IND, SF, NYG, STL, DET, MIN, CAR, KC, JAX, OAK, BAL, NE], total:-80.0)
88.3086776733% Iteration: 423,000,000. Elapsed: 22 minutes, 45.625 seconds Best pick: Pick(iteration:155285459, teams:[IND, SF, NYG, STL, DET, MIN, CAR, KC, JAX, OAK, BAL, NE], total:-80.0)
88.5174484253% Iteration: 424,000,000. Elapsed: 22 minutes, 49.045 seconds Best pick: Pick(iteration:155285459, teams:[IND, SF, NYG, STL, DET, MIN, CAR, KC, JAX, OAK, BAL, NE], total:-80.0)
88.7262191772% Iteration: 425,000,000. Elapsed: 22 minutes, 52.393 seconds Best pick: Pick(iteration:155285459, teams:[IND, SF, NYG, STL, DET, MIN, CAR, KC, JAX, OAK, BAL, NE], total:-80.0)
88.9349822998% Iteration: 426,000,000. Elapsed: 22 minutes, 55.817 seconds Best pick: Pick(iteration:155285459, teams:[IND, SF, NYG, STL, DET, MIN, CAR, KC, JAX, OAK, BAL, NE], total:-80.0)
89.1437530518% Iteration: 427,000,000. Elapsed: 22 minutes, 59.247 seconds Best pick: Pick(iteration:155285459, teams:[IND, SF, NYG, STL, DET, MIN, CAR, KC, JAX, OAK, BAL, NE], total:-80.0)
89.3525161743% Iteration: 428,000,000. Elapsed: 23 minutes, 2.940 seconds Best pick: Pick(iteration:155285459, teams:[IND, SF, NYG, STL, DET, MIN, CAR, KC, JAX, OAK, BAL, NE], total:-80.0)
89.5612869263% Iteration: 429,000,000. Elapsed: 23 minutes, 6.365 seconds Best pick: Pick(iteration:155285459, teams:[IND, SF, NYG, STL, DET, MIN, CAR, KC, JAX, OAK, BAL, NE], total:-80.0)
89.7700576782% Iteration: 430,000,000. Elapsed: 23 minutes, 9.757 seconds Best pick: Pick(iteration:155285459, teams:[IND, SF, NYG, STL, DET, MIN, CAR, KC, JAX, OAK, BAL, NE], total:-80.0)
89.9788208008% Iteration: 431,000,000. Elapsed: 23 minutes, 13.010 seconds Best pick: Pick(iteration:155285459, teams:[IND, SF, NYG, STL, DET, MIN, CAR, KC, JAX, OAK, BAL, NE], total:-80.0)
90.1875915527% Iteration: 432,000,000. Elapsed: 23 minutes, 16.279 seconds Best pick: Pick(iteration:155285459, teams:[IND, SF, NYG, STL, DET, MIN, CAR, KC, JAX, OAK, BAL, NE], total:-80.0)
90.3963546753% Iteration: 433,000,000. Elapsed: 23 minutes, 19.556 seconds Best pick: Pick(iteration:155285459, teams:[IND, SF, NYG, STL, DET, MIN, CAR, KC, JAX, OAK, BAL, NE], total:-80.0)
90.6051254272% Iteration: 434,000,000. Elapsed: 23 minutes, 22.832 seconds Best pick: Pick(iteration:155285459, teams:[IND, SF, NYG, STL, DET, MIN, CAR, KC, JAX, OAK, BAL, NE], total:-80.0)
90.8138961792% Iteration: 435,000,000. Elapsed: 23 minutes, 26.097 seconds Best pick: Pick(iteration:155285459, teams:[IND, SF, NYG, STL, DET, MIN, CAR, KC, JAX, OAK, BAL, NE], total:-80.0)
91.0226593018% Iteration: 436,000,000. Elapsed: 23 minutes, 29.381 seconds Best pick: Pick(iteration:155285459, teams:[IND, SF, NYG, STL, DET, MIN, CAR, KC, JAX, OAK, BAL, NE], total:-80.0)
91.2314300537% Iteration: 437,000,000. Elapsed: 23 minutes, 32.671 seconds Best pick: Pick(iteration:155285459, teams:[IND, SF, NYG, STL, DET, MIN, CAR, KC, JAX, OAK, BAL, NE], total:-80.0)
91.4401931763% Iteration: 438,000,000. Elapsed: 23 minutes, 35.960 seconds Best pick: Pick(iteration:155285459, teams:[IND, SF, NYG, STL, DET, MIN, CAR, KC, JAX, OAK, BAL, NE], total:-80.0)
91.6489639282% Iteration: 439,000,000. Elapsed: 23 minutes, 39.244 seconds Best pick: Pick(iteration:155285459, teams:[IND, SF, NYG, STL, DET, MIN, CAR, KC, JAX, OAK, BAL, NE], total:-80.0)
91.8577346802% Iteration: 440,000,000. Elapsed: 23 minutes, 42.530 seconds Best pick: Pick(iteration:155285459, teams:[IND, SF, NYG, STL, DET, MIN, CAR, KC, JAX, OAK, BAL, NE], total:-80.0)
92.0664978027% Iteration: 441,000,000. Elapsed: 23 minutes, 45.819 seconds Best pick: Pick(iteration:155285459, teams:[IND, SF, NYG, STL, DET, MIN, CAR, KC, JAX, OAK, BAL, NE], total:-80.0)
92.2752685547% Iteration: 442,000,000. Elapsed: 23 minutes, 49.113 seconds Best pick: Pick(iteration:155285459, teams:[IND, SF, NYG, STL, DET, MIN, CAR, KC, JAX, OAK, BAL, NE], total:-80.0)
92.4840316772% Iteration: 443,000,000. Elapsed: 23 minutes, 52.312 seconds Best pick: Pick(iteration:155285459, teams:[IND, SF, NYG, STL, DET, MIN, CAR, KC, JAX, OAK, BAL, NE], total:-80.0)
92.6927947998% Iteration: 444,000,000. Elapsed: 23 minutes, 55.176 seconds Best pick: Pick(iteration:155285459, teams:[IND, SF, NYG, STL, DET, MIN, CAR, KC, JAX, OAK, BAL, NE], total:-80.0)
92.9015731812% Iteration: 445,000,000. Elapsed: 23 minutes, 57.989 seconds Best pick: Pick(iteration:155285459, teams:[IND, SF, NYG, STL, DET, MIN, CAR, KC, JAX, OAK, BAL, NE], total:-80.0)
93.1103363037% Iteration: 446,000,000. Elapsed: 24 minutes, 0.815 seconds Best pick: Pick(iteration:155285459, teams:[IND, SF, NYG, STL, DET, MIN, CAR, KC, JAX, OAK, BAL, NE], total:-80.0)
93.3191070557% Iteration: 447,000,000. Elapsed: 24 minutes, 4.021 seconds Best pick: Pick(iteration:155285459, teams:[IND, SF, NYG, STL, DET, MIN, CAR, KC, JAX, OAK, BAL, NE], total:-80.0)
93.5278701782% Iteration: 448,000,000. Elapsed: 24 minutes, 7.423 seconds Best pick: Pick(iteration:155285459, teams:[IND, SF, NYG, STL, DET, MIN, CAR, KC, JAX, OAK, BAL, NE], total:-80.0)
93.7366333008% Iteration: 449,000,000. Elapsed: 24 minutes, 10.818 seconds Best pick: Pick(iteration:155285459, teams:[IND, SF, NYG, STL, DET, MIN, CAR, KC, JAX, OAK, BAL, NE], total:-80.0)
93.9454040527% Iteration: 450,000,000. Elapsed: 24 minutes, 14.172 seconds Best pick: Pick(iteration:155285459, teams:[IND, SF, NYG, STL, DET, MIN, CAR, KC, JAX, OAK, BAL, NE], total:-80.0)
94.1541748047% Iteration: 451,000,000. Elapsed: 24 minutes, 17.552 seconds Best pick: Pick(iteration:155285459, teams:[IND, SF, NYG, STL, DET, MIN, CAR, KC, JAX, OAK, BAL, NE], total:-80.0)
94.3629455566% Iteration: 452,000,000. Elapsed: 24 minutes, 20.951 seconds Best pick: Pick(iteration:155285459, teams:[IND, SF, NYG, STL, DET, MIN, CAR, KC, JAX, OAK, BAL, NE], total:-80.0)
94.5717086792% Iteration: 453,000,000. Elapsed: 24 minutes, 24.309 seconds Best pick: Pick(iteration:155285459, teams:[IND, SF, NYG, STL, DET, MIN, CAR, KC, JAX, OAK, BAL, NE], total:-80.0)
94.7804718018% Iteration: 454,000,000. Elapsed: 24 minutes, 27.714 seconds Best pick: Pick(iteration:155285459, teams:[IND, SF, NYG, STL, DET, MIN, CAR, KC, JAX, OAK, BAL, NE], total:-80.0)
94.9892425537% Iteration: 455,000,000. Elapsed: 24 minutes, 31.105 seconds Best pick: Pick(iteration:155285459, teams:[IND, SF, NYG, STL, DET, MIN, CAR, KC, JAX, OAK, BAL, NE], total:-80.0)
95.1980133057% Iteration: 456,000,000. Elapsed: 24 minutes, 34.453 seconds Best pick: Pick(iteration:155285459, teams:[IND, SF, NYG, STL, DET, MIN, CAR, KC, JAX, OAK, BAL, NE], total:-80.0)
95.4067764282% Iteration: 457,000,000. Elapsed: 24 minutes, 37.855 seconds Best pick: Pick(iteration:155285459, teams:[IND, SF, NYG, STL, DET, MIN, CAR, KC, JAX, OAK, BAL, NE], total:-80.0)
95.6155471802% Iteration: 458,000,000. Elapsed: 24 minutes, 41.202 seconds Best pick: Pick(iteration:155285459, teams:[IND, SF, NYG, STL, DET, MIN, CAR, KC, JAX, OAK, BAL, NE], total:-80.0)
95.8243103027% Iteration: 459,000,000. Elapsed: 24 minutes, 44.582 seconds Best pick: Pick(iteration:155285459, teams:[IND, SF, NYG, STL, DET, MIN, CAR, KC, JAX, OAK, BAL, NE], total:-80.0)
96.0330810547% Iteration: 460,000,000. Elapsed: 24 minutes, 47.969 seconds Best pick: Pick(iteration:155285459, teams:[IND, SF, NYG, STL, DET, MIN, CAR, KC, JAX, OAK, BAL, NE], total:-80.0)
96.2418518066% Iteration: 461,000,000. Elapsed: 24 minutes, 51.344 seconds Best pick: Pick(iteration:155285459, teams:[IND, SF, NYG, STL, DET, MIN, CAR, KC, JAX, OAK, BAL, NE], total:-80.0)
96.4506149292% Iteration: 462,000,000. Elapsed: 24 minutes, 54.696 seconds Best pick: Pick(iteration:155285459, teams:[IND, SF, NYG, STL, DET, MIN, CAR, KC, JAX, OAK, BAL, NE], total:-80.0)
96.6593856812% Iteration: 463,000,000. Elapsed: 24 minutes, 58.046 seconds Best pick: Pick(iteration:155285459, teams:[IND, SF, NYG, STL, DET, MIN, CAR, KC, JAX, OAK, BAL, NE], total:-80.0)
96.8681488037% Iteration: 464,000,000. Elapsed: 25 minutes, 1.398 seconds Best pick: Pick(iteration:155285459, teams:[IND, SF, NYG, STL, DET, MIN, CAR, KC, JAX, OAK, BAL, NE], total:-80.0)
97.0769195557% Iteration: 465,000,000. Elapsed: 25 minutes, 4.737 seconds Best pick: Pick(iteration:155285459, teams:[IND, SF, NYG, STL, DET, MIN, CAR, KC, JAX, OAK, BAL, NE], total:-80.0)
97.2856903076% Iteration: 466,000,000. Elapsed: 25 minutes, 8.104 seconds Best pick: Pick(iteration:155285459, teams:[IND, SF, NYG, STL, DET, MIN, CAR, KC, JAX, OAK, BAL, NE], total:-80.0)
97.4944534302% Iteration: 467,000,000. Elapsed: 25 minutes, 11.484 seconds Best pick: Pick(iteration:155285459, teams:[IND, SF, NYG, STL, DET, MIN, CAR, KC, JAX, OAK, BAL, NE], total:-80.0)
97.7032241821% Iteration: 468,000,000. Elapsed: 25 minutes, 14.851 seconds Best pick: Pick(iteration:155285459, teams:[IND, SF, NYG, STL, DET, MIN, CAR, KC, JAX, OAK, BAL, NE], total:-80.0)
97.9119873047% Iteration: 469,000,000. Elapsed: 25 minutes, 18.207 seconds Best pick: Pick(iteration:155285459, teams:[IND, SF, NYG, STL, DET, MIN, CAR, KC, JAX, OAK, BAL, NE], total:-80.0)
98.1207580566% Iteration: 470,000,000. Elapsed: 25 minutes, 21.612 seconds Best pick: Pick(iteration:155285459, teams:[IND, SF, NYG, STL, DET, MIN, CAR, KC, JAX, OAK, BAL, NE], total:-80.0)
98.3295288086% Iteration: 471,000,000. Elapsed: 25 minutes, 24.953 seconds Best pick: Pick(iteration:155285459, teams:[IND, SF, NYG, STL, DET, MIN, CAR, KC, JAX, OAK, BAL, NE], total:-80.0)
98.5382919312% Iteration: 472,000,000. Elapsed: 25 minutes, 28.318 seconds Best pick: Pick(iteration:155285459, teams:[IND, SF, NYG, STL, DET, MIN, CAR, KC, JAX, OAK, BAL, NE], total:-80.0)
98.7470626831% Iteration: 473,000,000. Elapsed: 25 minutes, 31.692 seconds Best pick: Pick(iteration:155285459, teams:[IND, SF, NYG, STL, DET, MIN, CAR, KC, JAX, OAK, BAL, NE], total:-80.0)
98.9558258057% Iteration: 474,000,000. Elapsed: 25 minutes, 35.052 seconds Best pick: Pick(iteration:155285459, teams:[IND, SF, NYG, STL, DET, MIN, CAR, KC, JAX, OAK, BAL, NE], total:-80.0)
99.1645965576% Iteration: 475,000,000. Elapsed: 25 minutes, 38.407 seconds Best pick: Pick(iteration:155285459, teams:[IND, SF, NYG, STL, DET, MIN, CAR, KC, JAX, OAK, BAL, NE], total:-80.0)
99.3733673096% Iteration: 476,000,000. Elapsed: 25 minutes, 41.749 seconds Best pick: Pick(iteration:155285459, teams:[IND, SF, NYG, STL, DET, MIN, CAR, KC, JAX, OAK, BAL, NE], total:-80.0)
99.5821304321% Iteration: 477,000,000. Elapsed: 25 minutes, 45.124 seconds Best pick: Pick(iteration:155285459, teams:[IND, SF, NYG, STL, DET, MIN, CAR, KC, JAX, OAK, BAL, NE], total:-80.0)
99.7909011841% Iteration: 478,000,000. Elapsed: 25 minutes, 48.492 seconds Best pick: Pick(iteration:155285459, teams:[IND, SF, NYG, STL, DET, MIN, CAR, KC, JAX, OAK, BAL, NE], total:-80.0)
99.9996643066% Iteration: 479,000,000. Elapsed: 25 minutes, 51.859 seconds Best pick: Pick(iteration:155285459, teams:[IND, SF, NYG, STL, DET, MIN, CAR, KC, JAX, OAK, BAL, NE], total:-80.0)

Best pick: Pick(iteration:155285459, teams:[IND, SF, NYG, STL, DET, MIN, CAR, KC, JAX, OAK, BAL, NE], total:-80.0)
Elapsed: 25 minutes, 51.865 seconds
End: Tue Sep 29 20:35:30 MDT 2015

BUILD SUCCESSFUL

Total time: 25 mins 56.99 secs

This build could be faster, please consider using the Gradle Daemon: http://gradle.org/docs/2.4/userguide/gradle_daemon.html
