:compileJava UP-TO-DATE
:compileGroovy
:processResources UP-TO-DATE
:classes
:run
Start: Thu Nov 12 01:00:13 MST 2015
This is week number 10
Working with 16 remaining teams.  20,922,789,888,000 permutations.
0.0000047795% Iteration: 1,000,000. Elapsed: 5.517 seconds Best pick: nfl.Pick(iteration:341633, teams:[ATL, BUF, CHI, CIN, CLE, DAL, GB, TEN, MIA, SF, JAX, STL, OAK, PHI, HOU, IND], total:976.5)
0.0000095590% Iteration: 2,000,000. Elapsed: 8.933 seconds Best pick: nfl.Pick(iteration:1778033, teams:[ATL, BUF, CHI, CIN, CLE, DAL, MIA, TEN, GB, SF, JAX, STL, OAK, PHI, HOU, IND], total:974.5)
0.0000143384% Iteration: 3,000,000. Elapsed: 12.154 seconds Best pick: nfl.Pick(iteration:1778033, teams:[ATL, BUF, CHI, CIN, CLE, DAL, MIA, TEN, GB, SF, JAX, STL, OAK, PHI, HOU, IND], total:974.5)
0.0000191179% Iteration: 4,000,000. Elapsed: 15.398 seconds Best pick: nfl.Pick(iteration:3970433, teams:[ATL, BUF, CHI, CIN, CLE, GB, DAL, TEN, MIA, SF, JAX, STL, OAK, PHI, HOU, IND], total:969.0)
0.0000238974% Iteration: 5,000,000. Elapsed: 18.647 seconds Best pick: nfl.Pick(iteration:3970433, teams:[ATL, BUF, CHI, CIN, CLE, GB, DAL, TEN, MIA, SF, JAX, STL, OAK, PHI, HOU, IND], total:969.0)
0.0000286769% Iteration: 6,000,000. Elapsed: 21.875 seconds Best pick: nfl.Pick(iteration:5421953, teams:[ATL, BUF, CHI, CIN, CLE, GB, MIA, TEN, JAX, SF, IND, STL, OAK, PHI, DAL, HOU], total:964.0)
0.0000334563% Iteration: 7,000,000. Elapsed: 25.065 seconds Best pick: nfl.Pick(iteration:5421953, teams:[ATL, BUF, CHI, CIN, CLE, GB, MIA, TEN, JAX, SF, IND, STL, OAK, PHI, DAL, HOU], total:964.0)
0.0000382358% Iteration: 8,000,000. Elapsed: 28.926 seconds Best pick: nfl.Pick(iteration:5421953, teams:[ATL, BUF, CHI, CIN, CLE, GB, MIA, TEN, JAX, SF, IND, STL, OAK, PHI, DAL, HOU], total:964.0)
0.0000430153% Iteration: 9,000,000. Elapsed: 32.346 seconds Best pick: nfl.Pick(iteration:5421953, teams:[ATL, BUF, CHI, CIN, CLE, GB, MIA, TEN, JAX, SF, IND, STL, OAK, PHI, DAL, HOU], total:964.0)
0.0000477948% Iteration: 10,000,000. Elapsed: 35.695 seconds Best pick: nfl.Pick(iteration:5421953, teams:[ATL, BUF, CHI, CIN, CLE, GB, MIA, TEN, JAX, SF, IND, STL, OAK, PHI, DAL, HOU], total:964.0)
0.0000525743% Iteration: 11,000,000. Elapsed: 39.003 seconds Best pick: nfl.Pick(iteration:5421953, teams:[ATL, BUF, CHI, CIN, CLE, GB, MIA, TEN, JAX, SF, IND, STL, OAK, PHI, DAL, HOU], total:964.0)
0.0000573537% Iteration: 12,000,000. Elapsed: 42.433 seconds Best pick: nfl.Pick(iteration:5421953, teams:[ATL, BUF, CHI, CIN, CLE, GB, MIA, TEN, JAX, SF, IND, STL, OAK, PHI, DAL, HOU], total:964.0)
0.0000621332% Iteration: 13,000,000. Elapsed: 45.966 seconds Best pick: nfl.Pick(iteration:5421953, teams:[ATL, BUF, CHI, CIN, CLE, GB, MIA, TEN, JAX, SF, IND, STL, OAK, PHI, DAL, HOU], total:964.0)
0.0000669127% Iteration: 14,000,000. Elapsed: 49.761 seconds Best pick: nfl.Pick(iteration:5421953, teams:[ATL, BUF, CHI, CIN, CLE, GB, MIA, TEN, JAX, SF, IND, STL, OAK, PHI, DAL, HOU], total:964.0)
0.0000716922% Iteration: 15,000,000. Elapsed: 53.674 seconds Best pick: nfl.Pick(iteration:5421953, teams:[ATL, BUF, CHI, CIN, CLE, GB, MIA, TEN, JAX, SF, IND, STL, OAK, PHI, DAL, HOU], total:964.0)
0.0000764716% Iteration: 16,000,000. Elapsed: 57.157 seconds Best pick: nfl.Pick(iteration:5421953, teams:[ATL, BUF, CHI, CIN, CLE, GB, MIA, TEN, JAX, SF, IND, STL, OAK, PHI, DAL, HOU], total:964.0)
0.0000812511% Iteration: 17,000,000. Elapsed: 1 minutes, 1.366 seconds Best pick: nfl.Pick(iteration:16298273, teams:[ATL, BUF, CHI, CIN, CLE, JAX, MIA, TEN, GB, SF, IND, STL, OAK, PHI, DAL, HOU], total:963.5)
0.0000860306% Iteration: 18,000,000. Elapsed: 1 minutes, 4.953 seconds Best pick: nfl.Pick(iteration:16298273, teams:[ATL, BUF, CHI, CIN, CLE, JAX, MIA, TEN, GB, SF, IND, STL, OAK, PHI, DAL, HOU], total:963.5)
0.0000908101% Iteration: 19,000,000. Elapsed: 1 minutes, 8.784 seconds Best pick: nfl.Pick(iteration:16298273, teams:[ATL, BUF, CHI, CIN, CLE, JAX, MIA, TEN, GB, SF, IND, STL, OAK, PHI, DAL, HOU], total:963.5)
0.0000955895% Iteration: 20,000,000. Elapsed: 1 minutes, 12.272 seconds Best pick: nfl.Pick(iteration:16298273, teams:[ATL, BUF, CHI, CIN, CLE, JAX, MIA, TEN, GB, SF, IND, STL, OAK, PHI, DAL, HOU], total:963.5)
0.0001003690% Iteration: 21,000,000. Elapsed: 1 minutes, 16.063 seconds Best pick: nfl.Pick(iteration:16298273, teams:[ATL, BUF, CHI, CIN, CLE, JAX, MIA, TEN, GB, SF, IND, STL, OAK, PHI, DAL, HOU], total:963.5)
0.0001051485% Iteration: 22,000,000. Elapsed: 1 minutes, 19.868 seconds Best pick: nfl.Pick(iteration:16298273, teams:[ATL, BUF, CHI, CIN, CLE, JAX, MIA, TEN, GB, SF, IND, STL, OAK, PHI, DAL, HOU], total:963.5)
0.0001099280% Iteration: 23,000,000. Elapsed: 1 minutes, 23.645 seconds Best pick: nfl.Pick(iteration:16298273, teams:[ATL, BUF, CHI, CIN, CLE, JAX, MIA, TEN, GB, SF, IND, STL, OAK, PHI, DAL, HOU], total:963.5)
0.0001147075% Iteration: 24,000,000. Elapsed: 1 minutes, 27.010 seconds Best pick: nfl.Pick(iteration:16298273, teams:[ATL, BUF, CHI, CIN, CLE, JAX, MIA, TEN, GB, SF, IND, STL, OAK, PHI, DAL, HOU], total:963.5)
0.0001194869% Iteration: 25,000,000. Elapsed: 1 minutes, 30.027 seconds Best pick: nfl.Pick(iteration:16298273, teams:[ATL, BUF, CHI, CIN, CLE, JAX, MIA, TEN, GB, SF, IND, STL, OAK, PHI, DAL, HOU], total:963.5)
0.0001242664% Iteration: 26,000,000. Elapsed: 1 minutes, 33.036 seconds Best pick: nfl.Pick(iteration:16298273, teams:[ATL, BUF, CHI, CIN, CLE, JAX, MIA, TEN, GB, SF, IND, STL, OAK, PHI, DAL, HOU], total:963.5)
0.0001290459% Iteration: 27,000,000. Elapsed: 1 minutes, 36.036 seconds Best pick: nfl.Pick(iteration:16298273, teams:[ATL, BUF, CHI, CIN, CLE, JAX, MIA, TEN, GB, SF, IND, STL, OAK, PHI, DAL, HOU], total:963.5)
0.0001338254% Iteration: 28,000,000. Elapsed: 1 minutes, 39.075 seconds Best pick: nfl.Pick(iteration:16298273, teams:[ATL, BUF, CHI, CIN, CLE, JAX, MIA, TEN, GB, SF, IND, STL, OAK, PHI, DAL, HOU], total:963.5)
0.0001386048% Iteration: 29,000,000. Elapsed: 1 minutes, 42.119 seconds Best pick: nfl.Pick(iteration:16298273, teams:[ATL, BUF, CHI, CIN, CLE, JAX, MIA, TEN, GB, SF, IND, STL, OAK, PHI, DAL, HOU], total:963.5)
0.0001433843% Iteration: 30,000,000. Elapsed: 1 minutes, 45.143 seconds Best pick: nfl.Pick(iteration:16298273, teams:[ATL, BUF, CHI, CIN, CLE, JAX, MIA, TEN, GB, SF, IND, STL, OAK, PHI, DAL, HOU], total:963.5)
0.0001481638% Iteration: 31,000,000. Elapsed: 1 minutes, 48.209 seconds Best pick: nfl.Pick(iteration:16298273, teams:[ATL, BUF, CHI, CIN, CLE, JAX, MIA, TEN, GB, SF, IND, STL, OAK, PHI, DAL, HOU], total:963.5)
0.0001529433% Iteration: 32,000,000. Elapsed: 1 minutes, 51.238 seconds Best pick: nfl.Pick(iteration:16298273, teams:[ATL, BUF, CHI, CIN, CLE, JAX, MIA, TEN, GB, SF, IND, STL, OAK, PHI, DAL, HOU], total:963.5)
0.0001577228% Iteration: 33,000,000. Elapsed: 1 minutes, 54.257 seconds Best pick: nfl.Pick(iteration:16298273, teams:[ATL, BUF, CHI, CIN, CLE, JAX, MIA, TEN, GB, SF, IND, STL, OAK, PHI, DAL, HOU], total:963.5)
0.0001625022% Iteration: 34,000,000. Elapsed: 1 minutes, 57.260 seconds Best pick: nfl.Pick(iteration:16298273, teams:[ATL, BUF, CHI, CIN, CLE, JAX, MIA, TEN, GB, SF, IND, STL, OAK, PHI, DAL, HOU], total:963.5)
0.0001672817% Iteration: 35,000,000. Elapsed: 2 minutes, 0.687 seconds Best pick: nfl.Pick(iteration:16298273, teams:[ATL, BUF, CHI, CIN, CLE, JAX, MIA, TEN, GB, SF, IND, STL, OAK, PHI, DAL, HOU], total:963.5)
0.0001720612% Iteration: 36,000,000. Elapsed: 2 minutes, 4.177 seconds Best pick: nfl.Pick(iteration:16298273, teams:[ATL, BUF, CHI, CIN, CLE, JAX, MIA, TEN, GB, SF, IND, STL, OAK, PHI, DAL, HOU], total:963.5)
0.0001768407% Iteration: 37,000,000. Elapsed: 2 minutes, 8.449 seconds Best pick: nfl.Pick(iteration:16298273, teams:[ATL, BUF, CHI, CIN, CLE, JAX, MIA, TEN, GB, SF, IND, STL, OAK, PHI, DAL, HOU], total:963.5)
0.0001816201% Iteration: 38,000,000. Elapsed: 2 minutes, 11.543 seconds Best pick: nfl.Pick(iteration:16298273, teams:[ATL, BUF, CHI, CIN, CLE, JAX, MIA, TEN, GB, SF, IND, STL, OAK, PHI, DAL, HOU], total:963.5)
0.0001863996% Iteration: 39,000,000. Elapsed: 2 minutes, 14.738 seconds Best pick: nfl.Pick(iteration:16298273, teams:[ATL, BUF, CHI, CIN, CLE, JAX, MIA, TEN, GB, SF, IND, STL, OAK, PHI, DAL, HOU], total:963.5)
0.0001911791% Iteration: 40,000,000. Elapsed: 2 minutes, 17.884 seconds Best pick: nfl.Pick(iteration:16298273, teams:[ATL, BUF, CHI, CIN, CLE, JAX, MIA, TEN, GB, SF, IND, STL, OAK, PHI, DAL, HOU], total:963.5)
0.0001959586% Iteration: 41,000,000. Elapsed: 2 minutes, 20.923 seconds Best pick: nfl.Pick(iteration:16298273, teams:[ATL, BUF, CHI, CIN, CLE, JAX, MIA, TEN, GB, SF, IND, STL, OAK, PHI, DAL, HOU], total:963.5)
0.0002007381% Iteration: 42,000,000. Elapsed: 2 minutes, 24.112 seconds Best pick: nfl.Pick(iteration:16298273, teams:[ATL, BUF, CHI, CIN, CLE, JAX, MIA, TEN, GB, SF, IND, STL, OAK, PHI, DAL, HOU], total:963.5)
0.0002055175% Iteration: 43,000,000. Elapsed: 2 minutes, 27.209 seconds Best pick: nfl.Pick(iteration:16298273, teams:[ATL, BUF, CHI, CIN, CLE, JAX, MIA, TEN, GB, SF, IND, STL, OAK, PHI, DAL, HOU], total:963.5)
0.0002102970% Iteration: 44,000,000. Elapsed: 2 minutes, 30.268 seconds Best pick: nfl.Pick(iteration:16298273, teams:[ATL, BUF, CHI, CIN, CLE, JAX, MIA, TEN, GB, SF, IND, STL, OAK, PHI, DAL, HOU], total:963.5)
0.0002150765% Iteration: 45,000,000. Elapsed: 2 minutes, 33.275 seconds Best pick: nfl.Pick(iteration:16298273, teams:[ATL, BUF, CHI, CIN, CLE, JAX, MIA, TEN, GB, SF, IND, STL, OAK, PHI, DAL, HOU], total:963.5)
0.0002198560% Iteration: 46,000,000. Elapsed: 2 minutes, 36.317 seconds Best pick: nfl.Pick(iteration:16298273, teams:[ATL, BUF, CHI, CIN, CLE, JAX, MIA, TEN, GB, SF, IND, STL, OAK, PHI, DAL, HOU], total:963.5)
0.0002246354% Iteration: 47,000,000. Elapsed: 2 minutes, 39.307 seconds Best pick: nfl.Pick(iteration:16298273, teams:[ATL, BUF, CHI, CIN, CLE, JAX, MIA, TEN, GB, SF, IND, STL, OAK, PHI, DAL, HOU], total:963.5)
0.0002294149% Iteration: 48,000,000. Elapsed: 2 minutes, 42.319 seconds Best pick: nfl.Pick(iteration:16298273, teams:[ATL, BUF, CHI, CIN, CLE, JAX, MIA, TEN, GB, SF, IND, STL, OAK, PHI, DAL, HOU], total:963.5)
0.0002341944% Iteration: 49,000,000. Elapsed: 2 minutes, 45.301 seconds Best pick: nfl.Pick(iteration:16298273, teams:[ATL, BUF, CHI, CIN, CLE, JAX, MIA, TEN, GB, SF, IND, STL, OAK, PHI, DAL, HOU], total:963.5)
0.0002389739% Iteration: 50,000,000. Elapsed: 2 minutes, 48.280 seconds Best pick: nfl.Pick(iteration:16298273, teams:[ATL, BUF, CHI, CIN, CLE, JAX, MIA, TEN, GB, SF, IND, STL, OAK, PHI, DAL, HOU], total:963.5)
0.0002437533% Iteration: 51,000,000. Elapsed: 2 minutes, 51.286 seconds Best pick: nfl.Pick(iteration:16298273, teams:[ATL, BUF, CHI, CIN, CLE, JAX, MIA, TEN, GB, SF, IND, STL, OAK, PHI, DAL, HOU], total:963.5)
0.0002485328% Iteration: 52,000,000. Elapsed: 2 minutes, 54.336 seconds Best pick: nfl.Pick(iteration:16298273, teams:[ATL, BUF, CHI, CIN, CLE, JAX, MIA, TEN, GB, SF, IND, STL, OAK, PHI, DAL, HOU], total:963.5)
0.0002533123% Iteration: 53,000,000. Elapsed: 2 minutes, 57.650 seconds Best pick: nfl.Pick(iteration:16298273, teams:[ATL, BUF, CHI, CIN, CLE, JAX, MIA, TEN, GB, SF, IND, STL, OAK, PHI, DAL, HOU], total:963.5)
0.0002580918% Iteration: 54,000,000. Elapsed: 3 minutes, 0.871 seconds Best pick: nfl.Pick(iteration:16298273, teams:[ATL, BUF, CHI, CIN, CLE, JAX, MIA, TEN, GB, SF, IND, STL, OAK, PHI, DAL, HOU], total:963.5)
0.0002628713% Iteration: 55,000,000. Elapsed: 3 minutes, 3.922 seconds Best pick: nfl.Pick(iteration:16298273, teams:[ATL, BUF, CHI, CIN, CLE, JAX, MIA, TEN, GB, SF, IND, STL, OAK, PHI, DAL, HOU], total:963.5)
0.0002676507% Iteration: 56,000,000. Elapsed: 3 minutes, 6.967 seconds Best pick: nfl.Pick(iteration:16298273, teams:[ATL, BUF, CHI, CIN, CLE, JAX, MIA, TEN, GB, SF, IND, STL, OAK, PHI, DAL, HOU], total:963.5)
0.0002724302% Iteration: 57,000,000. Elapsed: 3 minutes, 10.026 seconds Best pick: nfl.Pick(iteration:16298273, teams:[ATL, BUF, CHI, CIN, CLE, JAX, MIA, TEN, GB, SF, IND, STL, OAK, PHI, DAL, HOU], total:963.5)
0.0002772097% Iteration: 58,000,000. Elapsed: 3 minutes, 13.450 seconds Best pick: nfl.Pick(iteration:16298273, teams:[ATL, BUF, CHI, CIN, CLE, JAX, MIA, TEN, GB, SF, IND, STL, OAK, PHI, DAL, HOU], total:963.5)
0.0002819892% Iteration: 59,000,000. Elapsed: 3 minutes, 17.073 seconds Best pick: nfl.Pick(iteration:16298273, teams:[ATL, BUF, CHI, CIN, CLE, JAX, MIA, TEN, GB, SF, IND, STL, OAK, PHI, DAL, HOU], total:963.5)
0.0002867686% Iteration: 60,000,000. Elapsed: 3 minutes, 20.537 seconds Best pick: nfl.Pick(iteration:16298273, teams:[ATL, BUF, CHI, CIN, CLE, JAX, MIA, TEN, GB, SF, IND, STL, OAK, PHI, DAL, HOU], total:963.5)
0.0002915481% Iteration: 61,000,000. Elapsed: 3 minutes, 24.089 seconds Best pick: nfl.Pick(iteration:16298273, teams:[ATL, BUF, CHI, CIN, CLE, JAX, MIA, TEN, GB, SF, IND, STL, OAK, PHI, DAL, HOU], total:963.5)
0.0002963276% Iteration: 62,000,000. Elapsed: 3 minutes, 27.686 seconds Best pick: nfl.Pick(iteration:16298273, teams:[ATL, BUF, CHI, CIN, CLE, JAX, MIA, TEN, GB, SF, IND, STL, OAK, PHI, DAL, HOU], total:963.5)
0.0003011071% Iteration: 63,000,000. Elapsed: 3 minutes, 31.280 seconds Best pick: nfl.Pick(iteration:16298273, teams:[ATL, BUF, CHI, CIN, CLE, JAX, MIA, TEN, GB, SF, IND, STL, OAK, PHI, DAL, HOU], total:963.5)
0.0003058866% Iteration: 64,000,000. Elapsed: 3 minutes, 34.854 seconds Best pick: nfl.Pick(iteration:16298273, teams:[ATL, BUF, CHI, CIN, CLE, JAX, MIA, TEN, GB, SF, IND, STL, OAK, PHI, DAL, HOU], total:963.5)
0.0003106660% Iteration: 65,000,000. Elapsed: 3 minutes, 38.479 seconds Best pick: nfl.Pick(iteration:16298273, teams:[ATL, BUF, CHI, CIN, CLE, JAX, MIA, TEN, GB, SF, IND, STL, OAK, PHI, DAL, HOU], total:963.5)
0.0003154455% Iteration: 66,000,000. Elapsed: 3 minutes, 41.982 seconds Best pick: nfl.Pick(iteration:16298273, teams:[ATL, BUF, CHI, CIN, CLE, JAX, MIA, TEN, GB, SF, IND, STL, OAK, PHI, DAL, HOU], total:963.5)
0.0003202250% Iteration: 67,000,000. Elapsed: 3 minutes, 45.464 seconds Best pick: nfl.Pick(iteration:16298273, teams:[ATL, BUF, CHI, CIN, CLE, JAX, MIA, TEN, GB, SF, IND, STL, OAK, PHI, DAL, HOU], total:963.5)
0.0003250045% Iteration: 68,000,000. Elapsed: 3 minutes, 49.115 seconds Best pick: nfl.Pick(iteration:16298273, teams:[ATL, BUF, CHI, CIN, CLE, JAX, MIA, TEN, GB, SF, IND, STL, OAK, PHI, DAL, HOU], total:963.5)
0.0003297839% Iteration: 69,000,000. Elapsed: 3 minutes, 52.790 seconds Best pick: nfl.Pick(iteration:16298273, teams:[ATL, BUF, CHI, CIN, CLE, JAX, MIA, TEN, GB, SF, IND, STL, OAK, PHI, DAL, HOU], total:963.5)
0.0003345634% Iteration: 70,000,000. Elapsed: 3 minutes, 56.291 seconds Best pick: nfl.Pick(iteration:16298273, teams:[ATL, BUF, CHI, CIN, CLE, JAX, MIA, TEN, GB, SF, IND, STL, OAK, PHI, DAL, HOU], total:963.5)
0.0003393429% Iteration: 71,000,000. Elapsed: 3 minutes, 59.837 seconds Best pick: nfl.Pick(iteration:16298273, teams:[ATL, BUF, CHI, CIN, CLE, JAX, MIA, TEN, GB, SF, IND, STL, OAK, PHI, DAL, HOU], total:963.5)
0.0003441224% Iteration: 72,000,000. Elapsed: 4 minutes, 3.584 seconds Best pick: nfl.Pick(iteration:16298273, teams:[ATL, BUF, CHI, CIN, CLE, JAX, MIA, TEN, GB, SF, IND, STL, OAK, PHI, DAL, HOU], total:963.5)
0.0003489018% Iteration: 73,000,000. Elapsed: 4 minutes, 7.407 seconds Best pick: nfl.Pick(iteration:16298273, teams:[ATL, BUF, CHI, CIN, CLE, JAX, MIA, TEN, GB, SF, IND, STL, OAK, PHI, DAL, HOU], total:963.5)
0.0003536813% Iteration: 74,000,000. Elapsed: 4 minutes, 10.939 seconds Best pick: nfl.Pick(iteration:16298273, teams:[ATL, BUF, CHI, CIN, CLE, JAX, MIA, TEN, GB, SF, IND, STL, OAK, PHI, DAL, HOU], total:963.5)
0.0003584608% Iteration: 75,000,000. Elapsed: 4 minutes, 14.438 seconds Best pick: nfl.Pick(iteration:16298273, teams:[ATL, BUF, CHI, CIN, CLE, JAX, MIA, TEN, GB, SF, IND, STL, OAK, PHI, DAL, HOU], total:963.5)
0.0003632403% Iteration: 76,000,000. Elapsed: 4 minutes, 18.173 seconds Best pick: nfl.Pick(iteration:16298273, teams:[ATL, BUF, CHI, CIN, CLE, JAX, MIA, TEN, GB, SF, IND, STL, OAK, PHI, DAL, HOU], total:963.5)
0.0003680197% Iteration: 77,000,000. Elapsed: 4 minutes, 21.899 seconds Best pick: nfl.Pick(iteration:16298273, teams:[ATL, BUF, CHI, CIN, CLE, JAX, MIA, TEN, GB, SF, IND, STL, OAK, PHI, DAL, HOU], total:963.5)
0.0003727992% Iteration: 78,000,000. Elapsed: 4 minutes, 25.523 seconds Best pick: nfl.Pick(iteration:16298273, teams:[ATL, BUF, CHI, CIN, CLE, JAX, MIA, TEN, GB, SF, IND, STL, OAK, PHI, DAL, HOU], total:963.5)
0.0003775787% Iteration: 79,000,000. Elapsed: 4 minutes, 29.133 seconds Best pick: nfl.Pick(iteration:16298273, teams:[ATL, BUF, CHI, CIN, CLE, JAX, MIA, TEN, GB, SF, IND, STL, OAK, PHI, DAL, HOU], total:963.5)
0.0003823582% Iteration: 80,000,000. Elapsed: 4 minutes, 32.975 seconds Best pick: nfl.Pick(iteration:16298273, teams:[ATL, BUF, CHI, CIN, CLE, JAX, MIA, TEN, GB, SF, IND, STL, OAK, PHI, DAL, HOU], total:963.5)
0.0003871376% Iteration: 81,000,000. Elapsed: 4 minutes, 36.216 seconds Best pick: nfl.Pick(iteration:16298273, teams:[ATL, BUF, CHI, CIN, CLE, JAX, MIA, TEN, GB, SF, IND, STL, OAK, PHI, DAL, HOU], total:963.5)
0.0003919171% Iteration: 82,000,000. Elapsed: 4 minutes, 39.335 seconds Best pick: nfl.Pick(iteration:16298273, teams:[ATL, BUF, CHI, CIN, CLE, JAX, MIA, TEN, GB, SF, IND, STL, OAK, PHI, DAL, HOU], total:963.5)
0.0003966966% Iteration: 83,000,000. Elapsed: 4 minutes, 42.451 seconds Best pick: nfl.Pick(iteration:16298273, teams:[ATL, BUF, CHI, CIN, CLE, JAX, MIA, TEN, GB, SF, IND, STL, OAK, PHI, DAL, HOU], total:963.5)
0.0004014761% Iteration: 84,000,000. Elapsed: 4 minutes, 45.580 seconds Best pick: nfl.Pick(iteration:16298273, teams:[ATL, BUF, CHI, CIN, CLE, JAX, MIA, TEN, GB, SF, IND, STL, OAK, PHI, DAL, HOU], total:963.5)
0.0004062556% Iteration: 85,000,000. Elapsed: 4 minutes, 48.703 seconds Best pick: nfl.Pick(iteration:16298273, teams:[ATL, BUF, CHI, CIN, CLE, JAX, MIA, TEN, GB, SF, IND, STL, OAK, PHI, DAL, HOU], total:963.5)
0.0004110350% Iteration: 86,000,000. Elapsed: 4 minutes, 51.812 seconds Best pick: nfl.Pick(iteration:16298273, teams:[ATL, BUF, CHI, CIN, CLE, JAX, MIA, TEN, GB, SF, IND, STL, OAK, PHI, DAL, HOU], total:963.5)
0.0004158145% Iteration: 87,000,000. Elapsed: 4 minutes, 54.966 seconds Best pick: nfl.Pick(iteration:16298273, teams:[ATL, BUF, CHI, CIN, CLE, JAX, MIA, TEN, GB, SF, IND, STL, OAK, PHI, DAL, HOU], total:963.5)
0.0004205940% Iteration: 88,000,000. Elapsed: 4 minutes, 58.027 seconds Best pick: nfl.Pick(iteration:16298273, teams:[ATL, BUF, CHI, CIN, CLE, JAX, MIA, TEN, GB, SF, IND, STL, OAK, PHI, DAL, HOU], total:963.5)
0.0004253735% Iteration: 89,000,000. Elapsed: 5 minutes, 1.174 seconds Best pick: nfl.Pick(iteration:88869233, teams:[ATL, BUF, CHI, CIN, GB, HOU, MIA, TEN, CLE, SF, JAX, STL, OAK, PHI, DAL, IND], total:962.0)
0.0004301530% Iteration: 90,000,000. Elapsed: 5 minutes, 4.292 seconds Best pick: nfl.Pick(iteration:88869233, teams:[ATL, BUF, CHI, CIN, GB, HOU, MIA, TEN, CLE, SF, JAX, STL, OAK, PHI, DAL, IND], total:962.0)
