/Users/rmatthes/.sdkman/candidates/java/8.0.332-tem/bin/java -javaagent:/Applications/IntelliJ IDEA.app/Contents/lib/idea_rt.jar=53068:/Applications/IntelliJ IDEA.app/Contents/bin -Dfile.encoding=UTF-8 -classpath /Users/rmatthes/.sdkman/candidates/java/8.0.332-tem/jre/lib/charsets.jar:/Users/rmatthes/.sdkman/candidates/java/8.0.332-tem/jre/lib/ext/cldrdata.jar:/Users/rmatthes/.sdkman/candidates/java/8.0.332-tem/jre/lib/ext/dnsns.jar:/Users/rmatthes/.sdkman/candidates/java/8.0.332-tem/jre/lib/ext/jaccess.jar:/Users/rmatthes/.sdkman/candidates/java/8.0.332-tem/jre/lib/ext/localedata.jar:/Users/rmatthes/.sdkman/candidates/java/8.0.332-tem/jre/lib/ext/nashorn.jar:/Users/rmatthes/.sdkman/candidates/java/8.0.332-tem/jre/lib/ext/sunec.jar:/Users/rmatthes/.sdkman/candidates/java/8.0.332-tem/jre/lib/ext/sunjce_provider.jar:/Users/rmatthes/.sdkman/candidates/java/8.0.332-tem/jre/lib/ext/sunpkcs11.jar:/Users/rmatthes/.sdkman/candidates/java/8.0.332-tem/jre/lib/ext/zipfs.jar:/Users/rmatthes/.sdkman/candidates/java/8.0.332-tem/jre/lib/jce.jar:/Users/rmatthes/.sdkman/candidates/java/8.0.332-tem/jre/lib/jfr.jar:/Users/rmatthes/.sdkman/candidates/java/8.0.332-tem/jre/lib/jsse.jar:/Users/rmatthes/.sdkman/candidates/java/8.0.332-tem/jre/lib/management-agent.jar:/Users/rmatthes/.sdkman/candidates/java/8.0.332-tem/jre/lib/resources.jar:/Users/rmatthes/.sdkman/candidates/java/8.0.332-tem/jre/lib/rt.jar:/Users/rmatthes/src/nfl/build/classes/main:/Users/rmatthes/src/nfl/build/resources/main:/Users/rmatthes/.gradle/caches/modules-2/files-2.1/org.codehaus.groovy/groovy-all/2.3.7/feb6df9c6936c797159091a451ed8590d67101dc/groovy-all-2.3.7.jar:/Users/rmatthes/.gradle/caches/modules-2/files-2.1/org.ccil.cowan.tagsoup/tagsoup/1.2/639fd364750d7363c85797dc944b4a80f78fa684/tagsoup-1.2.jar:/Users/rmatthes/.gradle/caches/modules-2/files-2.1/org.yaml/snakeyaml/1.15/3b132bea69e8ee099f416044970997bde80f4ea6/snakeyaml-1.15.jar:/Users/rmatthes/src/nfl/build/classes/test:/Users/rmatthes/src/nfl/build/resources/test:/Users/rmatthes/.gradle/caches/modules-2/files-2.1/org.spockframework/spock-core/0.7-groovy-2.0/4de0b428de0c14b6eb6375d8174f71848cbfc1d7/spock-core-0.7-groovy-2.0.jar:/Users/rmatthes/.gradle/caches/modules-2/files-2.1/org.hamcrest/hamcrest-core/1.3/42a25dc3219429f0e5d060061f71acb49bf010a0/hamcrest-core-1.3.jar:/Users/rmatthes/.gradle/caches/modules-2/files-2.1/junit/junit-dep/4.10/64417b3bafdecd366afa514bd5beeae6c1f85ece/junit-dep-4.10.jar:/Users/rmatthes/.gradle/caches/modules-2/files-2.1/cglib/cglib-nodep/3.1/aa83efbd1aedc4f26bdf00e7ea78191483f2c9b3/cglib-nodep-3.1.jar:/Users/rmatthes/.gradle/caches/modules-2/files-2.1/org.objenesis/objenesis/2.1/87c0ea803b69252868d09308b4618f766f135a96/objenesis-2.1.jar nfl.method.HeuristicMethod
Start: Thu Sep 08 13:35:10 MDT 2022
This is 2022 week number 1
Working with 32 remaining teams.  263,130,836,933,693,530,167,218,012,160,000,000 permutations.
Pick strategy: Forward
nfl.domain.Pick(iteration:1, teams:[IND, LAR, LAC, PHI, TB, BUF, GB, SF, CIN, DEN, DAL, TEN, ARI, KC, CAR, NYG, NE, BAL, MIA, WAS, CLE, MIN, SEA, DET, NO, LV, NYJ, PIT, JAX, CHI, ATL, HOU], total:-164.0)
01 IND(-8.0)
02 LAR(-13.0)
03 LAC(-9.5)
04 PHI(-7.5)
05 TB(-12.0) BUF(-9.5)
06 GB(-9.5) SF(-6.5)
07 CIN(-10.5) DEN(-9.5)
08 DAL(-8.0) TEN(-6.0)
09 ARI(-7.5) KC(-6.0)
10 CAR(-5.0) NYG(-4.5)
11 NE(-7.0) BAL(-6.5)
12 MIA(-8.0) WAS(-6.0)
13 CLE(-7.5) MIN(-7.0)
14 SEA(-1.0) DET(3.0)
15 NO(-7.0) LV(-3.0)
16 NYJ(-2.0) PIT(2.0)
17 JAX(-1.5) CHI(3.0)
18 ATL(7.5) HOU(9.5)

Pick strategy: Reverse
nfl.domain.Pick(iteration:1, teams:[ATL, DET, SEA, PIT, NYJ, HOU, SF, CHI, LV, JAX, PHI, MIN, ARI, CIN, CAR, NYG, NE, DEN, MIA, WAS, LAR, CLE, DAL, LAC, BUF, NO, KC, TEN, TB, BAL, GB, IND], total:-169.5)
01 ATL(5.5)
02 DET(1.0)
03 SEA(-3.5)
04 PIT(-4.0)
05 NYJ(3.0) HOU(4.0)
06 SF(-6.5) CHI(0.5)
07 LV(-9.5) JAX(-2.0)
08 PHI(-5.0) MIN(-2.0)
09 ARI(-7.5) CIN(-7.5)
10 CAR(-5.0) NYG(-4.5)
11 NE(-7.0) DEN(-4.0)
12 MIA(-8.0) WAS(-6.0)
13 LAR(-10.5) CLE(-7.5)
14 DAL(-9.5) LAC(-5.0)
15 BUF(-7.0) NO(-7.0)
16 KC(-11.0) TEN(-9.0)
17 TB(-9.5) BAL(-6.5)
18 GB(-9.5) IND(-9.5)

Pick strategy: Random
nfl.domain.Pick(iteration:17697, teams:[NO, LAR, LAC, PIT, NE, JAX, SF, TB, CIN, LV, DEN, TEN, ARI, PHI, CAR, NYG, ATL, HOU, MIA, WAS, CLE, MIN, BUF, DAL, NYJ, CHI, KC, BAL, DET, SEA, GB, IND], total:-200.5)
01 NO(-5.5)
02 LAR(-13.0)
03 LAC(-9.5)
04 PIT(-4.0)
05 NE(-6.5) JAX(-4.0)
06 SF(-6.5) TB(-5.0)
07 CIN(-10.5) LV(-9.5)
08 DEN(-6.5) TEN(-6.0)
09 ARI(-7.5) PHI(-6.5)
10 CAR(-5.0) NYG(-4.5)
11 ATL(-1.5) HOU(3.0)
12 MIA(-8.0) WAS(-6.0)
13 CLE(-7.5) MIN(-7.0)
14 BUF(-11.0) DAL(-9.5)
15 NYJ(-2.0) CHI(3.5)
16 KC(-11.0) BAL(-9.5)
17 DET(-3.0) SEA(-2.0)
18 GB(-9.5) IND(-9.5)


Elapsed: 47.807 seconds
End: Thu Sep 08 13:35:58 MDT 2022

Process finished with exit code 0
