/Users/rmatthes/.sdkman/candidates/java/8.0.332-tem/bin/java -javaagent:/Applications/IntelliJ IDEA.app/Contents/lib/idea_rt.jar=60149:/Applications/IntelliJ IDEA.app/Contents/bin -Dfile.encoding=UTF-8 -classpath /Users/rmatthes/.sdkman/candidates/java/8.0.332-tem/jre/lib/charsets.jar:/Users/rmatthes/.sdkman/candidates/java/8.0.332-tem/jre/lib/ext/cldrdata.jar:/Users/rmatthes/.sdkman/candidates/java/8.0.332-tem/jre/lib/ext/dnsns.jar:/Users/rmatthes/.sdkman/candidates/java/8.0.332-tem/jre/lib/ext/jaccess.jar:/Users/rmatthes/.sdkman/candidates/java/8.0.332-tem/jre/lib/ext/localedata.jar:/Users/rmatthes/.sdkman/candidates/java/8.0.332-tem/jre/lib/ext/nashorn.jar:/Users/rmatthes/.sdkman/candidates/java/8.0.332-tem/jre/lib/ext/sunec.jar:/Users/rmatthes/.sdkman/candidates/java/8.0.332-tem/jre/lib/ext/sunjce_provider.jar:/Users/rmatthes/.sdkman/candidates/java/8.0.332-tem/jre/lib/ext/sunpkcs11.jar:/Users/rmatthes/.sdkman/candidates/java/8.0.332-tem/jre/lib/ext/zipfs.jar:/Users/rmatthes/.sdkman/candidates/java/8.0.332-tem/jre/lib/jce.jar:/Users/rmatthes/.sdkman/candidates/java/8.0.332-tem/jre/lib/jfr.jar:/Users/rmatthes/.sdkman/candidates/java/8.0.332-tem/jre/lib/jsse.jar:/Users/rmatthes/.sdkman/candidates/java/8.0.332-tem/jre/lib/management-agent.jar:/Users/rmatthes/.sdkman/candidates/java/8.0.332-tem/jre/lib/resources.jar:/Users/rmatthes/.sdkman/candidates/java/8.0.332-tem/jre/lib/rt.jar:/Users/rmatthes/src/nfl/build/classes/main:/Users/rmatthes/src/nfl/build/resources/main:/Users/rmatthes/.gradle/caches/modules-2/files-2.1/org.codehaus.groovy/groovy-all/2.3.7/feb6df9c6936c797159091a451ed8590d67101dc/groovy-all-2.3.7.jar:/Users/rmatthes/.gradle/caches/modules-2/files-2.1/org.ccil.cowan.tagsoup/tagsoup/1.2/639fd364750d7363c85797dc944b4a80f78fa684/tagsoup-1.2.jar:/Users/rmatthes/.gradle/caches/modules-2/files-2.1/org.yaml/snakeyaml/1.15/3b132bea69e8ee099f416044970997bde80f4ea6/snakeyaml-1.15.jar:/Users/rmatthes/src/nfl/build/classes/test:/Users/rmatthes/src/nfl/build/resources/test:/Users/rmatthes/.gradle/caches/modules-2/files-2.1/org.spockframework/spock-core/0.7-groovy-2.0/4de0b428de0c14b6eb6375d8174f71848cbfc1d7/spock-core-0.7-groovy-2.0.jar:/Users/rmatthes/.gradle/caches/modules-2/files-2.1/org.hamcrest/hamcrest-core/1.3/42a25dc3219429f0e5d060061f71acb49bf010a0/hamcrest-core-1.3.jar:/Users/rmatthes/.gradle/caches/modules-2/files-2.1/junit/junit-dep/4.10/64417b3bafdecd366afa514bd5beeae6c1f85ece/junit-dep-4.10.jar:/Users/rmatthes/.gradle/caches/modules-2/files-2.1/cglib/cglib-nodep/3.1/aa83efbd1aedc4f26bdf00e7ea78191483f2c9b3/cglib-nodep-3.1.jar nfl.method.HeuristicMethod
Start: Wed Sep 21 11:53:38 MDT 2022
This is 2022 week number 3
Working with 30 remaining teams.  265,252,859,812,191,058,636,308,480,000,000 permutations.
Pick strategy: Forward
nfl.domain.Pick(iteration:1, teams:[LAC, PHI, TB, BUF, GB, LAR, CIN, LV, DAL, IND, ARI, KC, NYG, CAR, BAL, NE, MIA, WAS, MIN, CLE, TEN, SEA, DEN, PIT, NYJ, DET, JAX, CHI, ATL, HOU], total:-153.5)
03 LAC(-7.0)
04 PHI(-7.0)
05 TB(-12.0) BUF(-11.0)
06 GB(-10.0) LAR(-10.0)
07 CIN(-10.5) LV(-9.5)
08 DAL(-7.0) IND(-4.5)
09 ARI(-8.0) KC(-7.5)
10 NYG(-6.5) CAR(-4.0)
11 BAL(-9.5) NE(-6.5)
12 MIA(-9.5) WAS(-6.5)
13 MIN(-8.0) CLE(-6.5)
14 TEN(-4.5) SEA(-1.5)
15 DEN(-4.0) PIT(-1.0)
16 NYJ(-0.5) DET(1.0)
17 JAX(-3.0) CHI(3.5)
18 ATL(8.0) HOU(9.5)

Pick strategy: Reverse
nfl.domain.Pick(iteration:1, teams:[HOU, PIT, NYJ, DET, CHI, SEA, LV, JAX, IND, ATL, CIN, ARI, NYG, CAR, NE, DEN, MIA, WAS, MIN, CLE, DAL, LAR, LAC, PHI, KC, TEN, TB, BAL, BUF, GB], total:-158.0)
03 HOU(2.5)
04 PIT(-3.5)
05 NYJ(3.5) DET(4.5)
06 CHI(1.5) SEA(3.5)
07 LV(-9.5) JAX(-2.0)
08 IND(-4.5) ATL(-0.5)
09 CIN(-9.5) ARI(-8.0)
10 NYG(-6.5) CAR(-4.0)
11 NE(-6.5) DEN(-3.5)
12 MIA(-9.5) WAS(-6.5)
13 MIN(-8.0) CLE(-6.5)
14 DAL(-8.0) LAR(-5.5)
15 LAC(-6.5) PHI(-6.5)
16 KC(-14.0) TEN(-8.0)
17 TB(-10.5) BAL(-7.0)
18 BUF(-9.5) GB(-9.5)

Pick strategy: Random
nfl.domain.Pick(iteration:80002, teams:[LAC, DET, TB, JAX, GB, LAR, LV, DEN, DAL, PHI, CIN, ARI, NYG, CAR, NE, ATL, WAS, NYJ, MIN, CLE, BUF, TEN, PIT, CHI, KC, BAL, SEA, HOU, IND, MIA], total:-195.5)
03 LAC(-7.0)
04 DET(-5.5)
05 TB(-12.0) JAX(-6.5)
06 GB(-10.0) LAR(-10.0)
07 LV(-9.5) DEN(-9.0)
08 DAL(-7.0) PHI(-7.0)
09 CIN(-9.5) ARI(-8.0)
10 NYG(-6.5) CAR(-4.0)
11 NE(-6.5) ATL(-1.0)
12 WAS(-6.5) NYJ(-3.0)
13 MIN(-8.0) CLE(-6.5)
14 BUF(-13.5) TEN(-4.5)
15 PIT(-1.0) CHI(6.5)
16 KC(-14.0) BAL(-10.5)
17 SEA(-1.0) HOU(3.0)
18 IND(-9.5) MIA(-8.0)


Elapsed: 49.567 seconds
End: Wed Sep 21 11:54:28 MDT 2022

Process finished with exit code 0
