/Users/rmatthes/.sdkman/candidates/java/8.0.332-tem/bin/java -javaagent:/Applications/IntelliJ IDEA.app/Contents/lib/idea_rt.jar=58391:/Applications/IntelliJ IDEA.app/Contents/bin -Dfile.encoding=UTF-8 -classpath /Users/rmatthes/.sdkman/candidates/java/8.0.332-tem/jre/lib/charsets.jar:/Users/rmatthes/.sdkman/candidates/java/8.0.332-tem/jre/lib/ext/cldrdata.jar:/Users/rmatthes/.sdkman/candidates/java/8.0.332-tem/jre/lib/ext/dnsns.jar:/Users/rmatthes/.sdkman/candidates/java/8.0.332-tem/jre/lib/ext/jaccess.jar:/Users/rmatthes/.sdkman/candidates/java/8.0.332-tem/jre/lib/ext/localedata.jar:/Users/rmatthes/.sdkman/candidates/java/8.0.332-tem/jre/lib/ext/nashorn.jar:/Users/rmatthes/.sdkman/candidates/java/8.0.332-tem/jre/lib/ext/sunec.jar:/Users/rmatthes/.sdkman/candidates/java/8.0.332-tem/jre/lib/ext/sunjce_provider.jar:/Users/rmatthes/.sdkman/candidates/java/8.0.332-tem/jre/lib/ext/sunpkcs11.jar:/Users/rmatthes/.sdkman/candidates/java/8.0.332-tem/jre/lib/ext/zipfs.jar:/Users/rmatthes/.sdkman/candidates/java/8.0.332-tem/jre/lib/jce.jar:/Users/rmatthes/.sdkman/candidates/java/8.0.332-tem/jre/lib/jfr.jar:/Users/rmatthes/.sdkman/candidates/java/8.0.332-tem/jre/lib/jsse.jar:/Users/rmatthes/.sdkman/candidates/java/8.0.332-tem/jre/lib/management-agent.jar:/Users/rmatthes/.sdkman/candidates/java/8.0.332-tem/jre/lib/resources.jar:/Users/rmatthes/.sdkman/candidates/java/8.0.332-tem/jre/lib/rt.jar:/Users/rmatthes/src/nfl/build/classes/main:/Users/rmatthes/src/nfl/build/resources/main:/Users/rmatthes/.gradle/caches/modules-2/files-2.1/org.codehaus.groovy/groovy-all/2.3.7/feb6df9c6936c797159091a451ed8590d67101dc/groovy-all-2.3.7.jar:/Users/rmatthes/.gradle/caches/modules-2/files-2.1/org.ccil.cowan.tagsoup/tagsoup/1.2/639fd364750d7363c85797dc944b4a80f78fa684/tagsoup-1.2.jar:/Users/rmatthes/.gradle/caches/modules-2/files-2.1/org.yaml/snakeyaml/1.15/3b132bea69e8ee099f416044970997bde80f4ea6/snakeyaml-1.15.jar:/Users/rmatthes/src/nfl/build/classes/test:/Users/rmatthes/src/nfl/build/resources/test:/Users/rmatthes/.gradle/caches/modules-2/files-2.1/org.spockframework/spock-core/0.7-groovy-2.0/4de0b428de0c14b6eb6375d8174f71848cbfc1d7/spock-core-0.7-groovy-2.0.jar:/Users/rmatthes/.gradle/caches/modules-2/files-2.1/org.hamcrest/hamcrest-core/1.3/42a25dc3219429f0e5d060061f71acb49bf010a0/hamcrest-core-1.3.jar:/Users/rmatthes/.gradle/caches/modules-2/files-2.1/junit/junit-dep/4.10/64417b3bafdecd366afa514bd5beeae6c1f85ece/junit-dep-4.10.jar:/Users/rmatthes/.gradle/caches/modules-2/files-2.1/cglib/cglib-nodep/3.1/aa83efbd1aedc4f26bdf00e7ea78191483f2c9b3/cglib-nodep-3.1.jar:/Users/rmatthes/.gradle/caches/modules-2/files-2.1/org.objenesis/objenesis/2.1/87c0ea803b69252868d09308b4618f766f135a96/objenesis-2.1.jar nfl.method.HeuristicMethod
Start: Wed Sep 14 08:27:51 EDT 2022
This is 2022 week number 2
Working with 31 remaining teams.  8,222,838,654,177,922,817,725,562,880,000,000 permutations.
Pick strategy: Forward
nfl.domain.Pick(iteration:1, teams:[LAR, LAC, PHI, TB, BUF, GB, IND, CIN, DEN, DAL, TEN, ARI, KC, CAR, NYG, BAL, NE, MIA, WAS, MIN, CLE, SEA, SF, LV, NYJ, PIT, JAX, DET, HOU, CHI, ATL], total:-161.0)
02 LAR(-10.5)
03 LAC(-9.0)
04 PHI(-8.0)
05 TB(-13.0) BUF(-9.5)
06 GB(-10.5) IND(-8.0)
07 CIN(-11.0) DEN(-9.5)
08 DAL(-6.5) TEN(-5.0)
09 ARI(-7.0) KC(-6.5)
10 CAR(-5.0) NYG(-5.0)
11 BAL(-7.0) NE(-7.0)
12 MIA(-9.5) WAS(-6.5)
13 MIN(-8.0) CLE(-7.0)
14 SEA(-1.5) SF(1.0)
15 LV(-3.0) NYJ(-1.0)
16 PIT(0.5) JAX(1.0)
17 DET(-2.0) HOU(1.5)
18 CHI(3.5) ATL(8.0)

Pick strategy: Reverse
nfl.domain.Pick(iteration:1, teams:[DET, NYG, PIT, NYJ, HOU, SF, CHI, LV, JAX, SEA, ATL, CIN, ARI, PHI, CAR, NE, DEN, MIA, WAS, MIN, CLE, DAL, LAR, BUF, LAC, KC, TEN, TB, BAL, GB, IND], total:-172.0)
02 DET(-2.0)
03 NYG(-4.0)
04 PIT(-6.5)
05 NYJ(3.5) HOU(4.0)
06 SF(-7.0) CHI(-0.5)
07 LV(-9.0) JAX(-1.5)
08 SEA(-1.5) ATL(1.0)
09 CIN(-8.0) ARI(-7.0)
10 PHI(-6.0) CAR(-5.0)
11 NE(-7.0) DEN(-4.0)
12 MIA(-9.5) WAS(-6.5)
13 MIN(-8.0) CLE(-7.0)
14 DAL(-8.0) LAR(-5.5)
15 BUF(-7.0) LAC(-5.0)
16 KC(-11.0) TEN(-8.0)
17 TB(-10.0) BAL(-6.5)
18 GB(-10.0) IND(-9.5)

Pick strategy: Random
nfl.domain.Pick(iteration:54297, teams:[SF, LAC, PIT, TB, JAX, GB, LAR, DEN, LV, SEA, ATL, CIN, ARI, CAR, NYG, BAL, NE, WAS, CHI, MIN, CLE, BUF, DAL, KC, PHI, TEN, NYJ, DET, HOU, IND, MIA], total:-203.5)
02 SF(-10.0)
03 LAC(-9.0)
04 PIT(-6.5)
05 TB(-13.0) JAX(-4.0)
06 GB(-10.5) LAR(-9.5)
07 DEN(-9.5) LV(-9.0)
08 SEA(-1.5) ATL(1.0)
09 CIN(-8.0) ARI(-7.0)
10 CAR(-5.0) NYG(-5.0)
11 BAL(-7.0) NE(-7.0)
12 WAS(-6.5) CHI(1.0)
13 MIN(-8.0) CLE(-7.0)
14 BUF(-13.5) DAL(-8.0)
15 KC(-10.0) PHI(-4.0)
16 TEN(-8.0) NYJ(-1.0)
17 DET(-2.0) HOU(1.5)
18 IND(-9.5) MIA(-8.0)


Elapsed: 41.846 seconds
End: Wed Sep 14 08:28:33 EDT 2022

Process finished with exit code 0
