/Users/rmatthes/.sdkman/candidates/java/8.0.332-tem/bin/java -javaagent:/Applications/IntelliJ IDEA.app/Contents/lib/idea_rt.jar=51210:/Applications/IntelliJ IDEA.app/Contents/bin -Dfile.encoding=UTF-8 -classpath /Users/rmatthes/.sdkman/candidates/java/8.0.332-tem/jre/lib/charsets.jar:/Users/rmatthes/.sdkman/candidates/java/8.0.332-tem/jre/lib/ext/cldrdata.jar:/Users/rmatthes/.sdkman/candidates/java/8.0.332-tem/jre/lib/ext/dnsns.jar:/Users/rmatthes/.sdkman/candidates/java/8.0.332-tem/jre/lib/ext/jaccess.jar:/Users/rmatthes/.sdkman/candidates/java/8.0.332-tem/jre/lib/ext/localedata.jar:/Users/rmatthes/.sdkman/candidates/java/8.0.332-tem/jre/lib/ext/nashorn.jar:/Users/rmatthes/.sdkman/candidates/java/8.0.332-tem/jre/lib/ext/sunec.jar:/Users/rmatthes/.sdkman/candidates/java/8.0.332-tem/jre/lib/ext/sunjce_provider.jar:/Users/rmatthes/.sdkman/candidates/java/8.0.332-tem/jre/lib/ext/sunpkcs11.jar:/Users/rmatthes/.sdkman/candidates/java/8.0.332-tem/jre/lib/ext/zipfs.jar:/Users/rmatthes/.sdkman/candidates/java/8.0.332-tem/jre/lib/jce.jar:/Users/rmatthes/.sdkman/candidates/java/8.0.332-tem/jre/lib/jfr.jar:/Users/rmatthes/.sdkman/candidates/java/8.0.332-tem/jre/lib/jsse.jar:/Users/rmatthes/.sdkman/candidates/java/8.0.332-tem/jre/lib/management-agent.jar:/Users/rmatthes/.sdkman/candidates/java/8.0.332-tem/jre/lib/resources.jar:/Users/rmatthes/.sdkman/candidates/java/8.0.332-tem/jre/lib/rt.jar:/Users/rmatthes/src/nfl/build/classes/main:/Users/rmatthes/src/nfl/build/resources/main:/Users/rmatthes/.gradle/caches/modules-2/files-2.1/org.codehaus.groovy/groovy-all/2.3.7/feb6df9c6936c797159091a451ed8590d67101dc/groovy-all-2.3.7.jar:/Users/rmatthes/.gradle/caches/modules-2/files-2.1/org.ccil.cowan.tagsoup/tagsoup/1.2/639fd364750d7363c85797dc944b4a80f78fa684/tagsoup-1.2.jar:/Users/rmatthes/.gradle/caches/modules-2/files-2.1/org.yaml/snakeyaml/1.15/3b132bea69e8ee099f416044970997bde80f4ea6/snakeyaml-1.15.jar:/Users/rmatthes/src/nfl/build/classes/test:/Users/rmatthes/src/nfl/build/resources/test:/Users/rmatthes/.gradle/caches/modules-2/files-2.1/org.spockframework/spock-core/0.7-groovy-2.0/4de0b428de0c14b6eb6375d8174f71848cbfc1d7/spock-core-0.7-groovy-2.0.jar:/Users/rmatthes/.gradle/caches/modules-2/files-2.1/org.hamcrest/hamcrest-core/1.3/42a25dc3219429f0e5d060061f71acb49bf010a0/hamcrest-core-1.3.jar:/Users/rmatthes/.gradle/caches/modules-2/files-2.1/junit/junit-dep/4.10/64417b3bafdecd366afa514bd5beeae6c1f85ece/junit-dep-4.10.jar:/Users/rmatthes/.gradle/caches/modules-2/files-2.1/cglib/cglib-nodep/3.1/aa83efbd1aedc4f26bdf00e7ea78191483f2c9b3/cglib-nodep-3.1.jar:/Users/rmatthes/.gradle/caches/modules-2/files-2.1/org.objenesis/objenesis/2.1/87c0ea803b69252868d09308b4618f766f135a96/objenesis-2.1.jar nfl.method.HeuristicMethod
Start: Wed Sep 28 21:18:04 MDT 2022
This is 2022 week number 4
Working with 29 remaining teams.  8,841,761,993,739,701,954,543,616,000,000 permutations.
Pick strategy: Forward
nfl.domain.Pick(iteration:1, teams:[GB, BUF, TB, LAR, PHI, CIN, DEN, DAL, IND, KC, ARI, NYG, MIA, BAL, NE, MIN, WAS, CLE, JAX, TEN, CAR, LV, DET, PIT, NYJ, SEA, ATL, CHI, HOU], total:-134.5)
04 GB(-9.5)
05 BUF(-13.0) TB(-8.5)
06 LAR(-9.5) PHI(-7.0)
07 CIN(-9.5) DEN(-9.5)
08 DAL(-6.5) IND(-6.0)
09 KC(-8.0) ARI(-7.0)
10 NYG(-7.0) MIA(-6.0)
11 BAL(-9.5) NE(-7.0)
12 MIN(-6.0) WAS(-4.0)
13 CLE(-6.5) JAX(-1.0)
14 TEN(-3.0) CAR(-1.5)
15 LV(-3.0) DET(-2.5)
16 PIT(-1.0) NYJ(4.0)
17 SEA(-3.0) ATL(3.0)
18 CHI(4.0) HOU(9.5)

Pick strategy: Reverse
nfl.domain.Pick(iteration:1, teams:[PIT, NYJ, HOU, CHI, SEA, LV, DET, ATL, JAX, ARI, CIN, NYG, CAR, NE, GB, IND, WAS, MIN, CLE, DAL, LAR, PHI, DEN, KC, TEN, TB, BAL, MIA, BUF], total:-149.5)
04 PIT(-3.5)
05 NYJ(6.0) HOU(7.0)
06 CHI(-1.5) SEA(3.0)
07 LV(-8.0) DET(3.5)
08 ATL(0.5) JAX(1.5)
09 ARI(-7.0) CIN(-7.0)
10 NYG(-7.0) CAR(-4.0)
11 NE(-7.0) GB(-6.5)
12 IND(-6.0) WAS(-4.0)
13 MIN(-10.5) CLE(-6.5)
14 DAL(-10.5) LAR(-7.0)
15 PHI(-6.5) DEN(-4.5)
16 KC(-13.5) TEN(-9.5)
17 TB(-10.0) BAL(-9.5)
18 MIA(-11.5) BUF(-10.0)

Pick strategy: Random
nfl.domain.Pick(iteration:25392, teams:[PIT, JAX, DEN, GB, PHI, CIN, LV, ATL, HOU, KC, ARI, NYG, CHI, BAL, NE, MIA, IND, LAR, MIN, BUF, DAL, WAS, NYJ, TEN, CAR, DET, SEA, TB, CLE], total:-180.5)
04 PIT(-3.5)
05 JAX(-7.0) DEN(-2.5)
06 GB(-13.5) PHI(-7.0)
07 CIN(-9.5) LV(-8.0)
08 ATL(0.5) HOU(5.0)
09 KC(-8.0) ARI(-7.0)
10 NYG(-7.0) CHI(-1.0)
11 BAL(-9.5) NE(-7.0)
12 MIA(-13.5) IND(-6.0)
13 LAR(-10.5) MIN(-10.5)
14 BUF(-15.0) DAL(-10.5)
15 WAS(-3.0) NYJ(2.5)
16 TEN(-9.5) CAR(-2.0)
17 DET(-3.5) SEA(-3.0)
18 TB(-8.0) CLE(-3.0)


Elapsed: 42.291 seconds
End: Wed Sep 28 21:18:46 MDT 2022

Process finished with exit code 0
